<?xml version="1.0" encoding="UTF-8"?>
<!-- Generated by org.testng.reporters.JUnitReportReporter -->
<testsuite hostname="DESKTOP-JQ328LL" failures="0" tests="2" name="SauceDemoTests.HomePageTest" time="13.092" errors="0" timestamp="2025-12-03T00:01:40 EET" skipped="0">
  <testcase classname="SauceDemoTests.HomePageTest" name="Home_Tc1_scrollAndCheckBadge" time="4.054"/>
  <testcase classname="SauceDemoTests.HomePageTest" name="Home_Tc2_addBackpackAndValidateBadge" time="9.038"/>
</testsuite> <!-- SauceDemoTests.HomePageTest -->
