<?xml version="1.0" encoding="UTF-8"?>
<!-- Generated by org.testng.reporters.JUnitXMLReporter -->
<testsuite ignored="0" hostname="DESKTOP-JQ328LL" failures="1" tests="27" name="Surefire test" time="169.933" errors="0" timestamp="2025-11-29T16:49:44 EET">
  <testcase classname="SauceDemoTests.CartPageTests" name="Cart_Tc1_openCartAfterAddingItems" time="0.964"/>
  <testcase classname="SauceDemoTests.CartPageTests" name="Cart_Tc2_removeItemFromCart" time="0.942"/>
  <testcase classname="SauceDemoTests.CartPageTests" name="Cart_Tc3_checkoutWithOneItem" time="0.892"/>
  <testcase classname="SauceDemoTests.CartPageTests" name="Cart_Tc4_checkoutWithMultipleItems" time="1.274"/>
  <testcase classname="SauceDemoTests.CheckoutConfirmationPageTests" name="Confirmation_TC1_finishOrderWithItems" time="3.01"/>
  <testcase classname="SauceDemoTests.CheckoutConfirmationPageTests" name="Confirmation_TC2_finishEmptyCartOrder" time="2.61">
    <failure type="java.lang.AssertionError" message="User wrongly navigated to finish order page with empty cart! did not expect [https://www.saucedemo.com/checkout-complete.html] but found [https://www.saucedemo.com/checkout-complete.html]">
      <![CDATA[java.lang.AssertionError: User wrongly navigated to finish order page with empty cart! did not expect [https://www.saucedemo.com/checkout-complete.html] but found [https://www.saucedemo.com/checkout-complete.html]
at SauceDemoTests.CheckoutConfirmationPageTests.Confirmation_TC2_finishEmptyCartOrder(CheckoutConfirmationPageTests.java:97)
at java.base/java.util.ArrayList.forEach(ArrayList.java:1604)
... Removed 34 stack frames]]>
    </failure>
  </testcase> <!-- Confirmation_TC2_finishEmptyCartOrder -->
  <testcase classname="SauceDemoTests.CheckoutConfirmationPageTests" name="Confirmation_TC3_backToHomeAfterCompletion" time="2.739"/>
  <testcase classname="SauceDemoTests.CheckoutPageTests" name="testCheckoutWithValidData" time="1.713"/>
  <testcase classname="SauceDemoTests.CheckoutPageTests" name="testCheckoutWithValidData" time="1.65"/>
  <testcase classname="SauceDemoTests.CheckoutPageTests" name="testCheckoutWithValidData" time="1.692"/>
  <testcase classname="SauceDemoTests.CheckoutPageTests" name="testCheckoutWithEmptyFields" time="1.695"/>
  <testcase classname="SauceDemoTests.CheckoutPageTests" name="testCheckoutWithEmptyFields" time="1.758"/>
  <testcase classname="SauceDemoTests.CheckoutPageTests" name="testCheckoutWithEmptyFields" time="1.727"/>
  <testcase classname="SauceDemoTests.HomePageTest" name="loginAndHomeTests" time="3.263"/>
  <testcase classname="SauceDemoTests.LoginPageTests" name="testValidLogin" time="3.127"/>
  <testcase classname="SauceDemoTests.LoginPageTests" name="testValidLogin" time="3.126"/>
  <testcase classname="SauceDemoTests.LoginPageTests" name="testValidLogin" time="8.134"/>
  <testcase classname="SauceDemoTests.LoginPageTests" name="testSuccessfulLoginVerifyProductsPage" time="3.584"/>
  <testcase classname="SauceDemoTests.LoginPageTests" name="testSuccessfulLoginVerifyProductsPage" time="3.161"/>
  <testcase classname="SauceDemoTests.LoginPageTests" name="testSuccessfulLoginVerifyProductsPage" time="8.324"/>
  <testcase classname="SauceDemoTests.LoginPageTests" name="testInvalidLogin" time="3.527"/>
  <testcase classname="SauceDemoTests.LoginPageTests" name="testInvalidLogin" time="3.641"/>
  <testcase classname="SauceDemoTests.LoginPageTests" name="testInvalidLogin" time="3.529"/>
  <testcase classname="SauceDemoTests.LoginPageTests" name="testEmptyFields" time="3.671"/>
  <testcase classname="SauceDemoTests.LoginPageTests" name="testEmptyFields" time="3.58"/>
  <testcase classname="SauceDemoTests.LoginPageTests" name="testEmptyFields" time="3.461"/>
  <testcase classname="SauceDemoTests.LoginPageTests" name="testLockedOutUser" time="3.544"/>
</testsuite> <!-- Surefire test -->
