<?xml version="1.0" encoding="UTF-8"?>
<!-- Generated by org.testng.reporters.JUnitXMLReporter -->
<testsuite ignored="0" hostname="LAPTOP-H8EDHUKD" failures="1" tests="40" name="Surefire test" time="110.948" errors="0" timestamp="2025-12-08T00:21:32 EET">
  <testcase classname="SauceDemoTests.CartPageTests" name="Cart_Tc1_openCartAfterAddingItems" time="0.797"/>
  <testcase classname="SauceDemoTests.CartPageTests" name="Cart_Tc2_removeItemFromCart" time="0.209"/>
  <testcase classname="SauceDemoTests.CartPageTests" name="Cart_Tc3_checkoutWithOneItem" time="0.516"/>
  <testcase classname="SauceDemoTests.CartPageTests" name="Cart_Tc4_checkoutWithMultipleItems" time="0.615"/>
  <testcase classname="SauceDemoTests.CheckoutConfirmationPageTests" name="Confirmation_TC1_finishOrderWithItems" time="0.856"/>
  <testcase classname="SauceDemoTests.CheckoutConfirmationPageTests" name="Confirmation_TC2_finishEmptyCartOrder" time="0.501">
    <failure type="java.lang.AssertionError" message="expected [https://www.saucedemo.com/checkout-step-two.html] but found [https://www.saucedemo.com/checkout-complete.html]">
      <![CDATA[java.lang.AssertionError: expected [https://www.saucedemo.com/checkout-step-two.html] but found [https://www.saucedemo.com/checkout-complete.html]
at SauceDemoTests.CheckoutConfirmationPageTests.verifyStaysOnCheckoutStepTwoPage(CheckoutConfirmationPageTests.java:60)
at SauceDemoTests.CheckoutConfirmationPageTests.Confirmation_TC2_finishEmptyCartOrder(CheckoutConfirmationPageTests.java:96)
at java.base/java.util.ArrayList.forEach(ArrayList.java:1596)
... Removed 36 stack frames]]>
    </failure>
  </testcase> <!-- Confirmation_TC2_finishEmptyCartOrder -->
  <testcase classname="SauceDemoTests.CheckoutConfirmationPageTests" name="Confirmation_TC3_backToHomeAfterCompletion" time="0.637"/>
  <testcase classname="SauceDemoTests.CheckoutPageTests" name="testCheckoutWithEmptyFirstName" time="0.58"/>
  <testcase classname="SauceDemoTests.CheckoutPageTests" name="testCheckoutWithEmptyZip" time="0.599"/>
  <testcase classname="SauceDemoTests.CheckoutPageTests" name="testCheckoutWithValidData" time="0.308"/>
  <testcase classname="SauceDemoTests.EndToEndTest" name="invalidEndToEndPurchaseFlow1" time="0.915"/>
  <testcase classname="SauceDemoTests.EndToEndTest" name="invalidEndToEndPurchaseFlow2" time="0.884"/>
  <testcase classname="SauceDemoTests.EndToEndTest" name="invalidEndToEndPurchaseFlow3" time="0.93"/>
  <testcase classname="SauceDemoTests.EndToEndTest" name="invalidEndToEndPurchaseFlow4" time="0.863"/>
  <testcase classname="SauceDemoTests.EndToEndTest" name="invalidEndToEndPurchaseFlow5" time="0.883"/>
  <testcase classname="SauceDemoTests.EndToEndTest" name="invalidEndToEndPurchaseFlow6" time="0.928"/>
  <testcase classname="SauceDemoTests.EndToEndTest" name="validEndToEndPurchaseFlow1" time="1.51"/>
  <testcase classname="SauceDemoTests.EndToEndTest" name="validEndToEndPurchaseFlow2" time="1.012"/>
  <testcase classname="SauceDemoTests.HomePageTest" name="Home_Tc1_scrollAndCheckBadge" time="0.58"/>
  <testcase classname="SauceDemoTests.HomePageTest" name="Home_Tc2_testOpenMenu" time="0.095"/>
  <testcase classname="SauceDemoTests.HomePageTest" name="Home_Tc3_addMultipleProducts" time="0.476"/>
  <testcase classname="SauceDemoTests.HomePageTest" name="Home_Tc4_removeProducts" time="0.329"/>
  <testcase classname="SauceDemoTests.LoginPageTests" name="testValidLogin" time="0.292"/>
  <testcase classname="SauceDemoTests.LoginPageTests" name="testValidLogin" time="0.281"/>
  <testcase classname="SauceDemoTests.LoginPageTests" name="testValidLogin" time="5.339"/>
  <testcase classname="SauceDemoTests.LoginPageTests" name="testSuccessfulLoginVerifyProductsPage" time="0.305"/>
  <testcase classname="SauceDemoTests.LoginPageTests" name="testSuccessfulLoginVerifyProductsPage" time="0.31"/>
  <testcase classname="SauceDemoTests.LoginPageTests" name="testSuccessfulLoginVerifyProductsPage" time="5.354"/>
  <testcase classname="SauceDemoTests.LoginPageTests" name="testInvalidLogin" time="0.567"/>
  <testcase classname="SauceDemoTests.LoginPageTests" name="testInvalidLogin" time="0.574"/>
  <testcase classname="SauceDemoTests.LoginPageTests" name="testInvalidLogin" time="0.553"/>
  <testcase classname="SauceDemoTests.LoginPageTests" name="testEmptyFields" time="0.554"/>
  <testcase classname="SauceDemoTests.LoginPageTests" name="testEmptyFields" time="0.585"/>
  <testcase classname="SauceDemoTests.LoginPageTests" name="testEmptyFields" time="0.53"/>
  <testcase classname="SauceDemoTests.LoginPageTests" name="testLockedOutUser" time="0.572"/>
  <testcase classname="SauceDemoTests.LoginPageTests" name="validLoginWithJasonData" time="0.35"/>
  <testcase classname="SauceDemoTests.SortingFilterPageTest" name="sortingTest" time="0.217"/>
  <testcase classname="SauceDemoTests.SortingFilterPageTest" name="sortingTest" time="0.261"/>
  <testcase classname="SauceDemoTests.SortingFilterPageTest" name="sortingTest" time="0.231"/>
  <testcase classname="SauceDemoTests.SortingFilterPageTest" name="sortingTest" time="0.246"/>
</testsuite> <!-- Surefire test -->
