<?xml version="1.0" encoding="UTF-8"?>
<!-- Generated by org.testng.reporters.JUnitXMLReporter -->
<testsuite ignored="0" hostname="LAPTOP-H8EDHUKD" failures="1" tests="21" name="Surefire test" time="81.751" errors="0" timestamp="2025-11-28T15:42:48 EET">
  <testcase classname="SauceDemoTests.CartPageTests" name="Cart_Tc1_openCartAfterAddingItems" time="0.775"/>
  <testcase classname="SauceDemoTests.CartPageTests" name="Cart_Tc2_removeItemFromCart" time="0.769"/>
  <testcase classname="SauceDemoTests.CartPageTests" name="Cart_Tc3_checkoutWithOneItem" time="0.773"/>
  <testcase classname="SauceDemoTests.CartPageTests" name="Cart_Tc4_checkoutWithMultipleItems" time="0.88"/>
  <testcase classname="SauceDemoTests.CheckoutConfirmationPageTests" name="Confirmation_TC1_finishOrderWithItems" time="2.55"/>
  <testcase classname="SauceDemoTests.CheckoutConfirmationPageTests" name="Confirmation_TC2_finishEmptyCartOrder" time="2.226">
    <failure type="java.lang.AssertionError" message="User wrongly navigated to finish order page with empty cart! did not expect [https://www.saucedemo.com/checkout-complete.html] but found [https://www.saucedemo.com/checkout-complete.html]">
      <![CDATA[java.lang.AssertionError: User wrongly navigated to finish order page with empty cart! did not expect [https://www.saucedemo.com/checkout-complete.html] but found [https://www.saucedemo.com/checkout-complete.html]
at SauceDemoTests.CheckoutConfirmationPageTests.Confirmation_TC2_finishEmptyCartOrder(CheckoutConfirmationPageTests.java:97)
at java.base/java.util.ArrayList.forEach(ArrayList.java:1596)
... Removed 34 stack frames]]>
    </failure>
  </testcase> <!-- Confirmation_TC2_finishEmptyCartOrder -->
  <testcase classname="SauceDemoTests.CheckoutConfirmationPageTests" name="Confirmation_TC3_backToHomeAfterCompletion" time="2.356"/>
  <testcase classname="SauceDemoTests.CheckoutPageTests" name="Checkout_TC1_proceedToFinishOrder_withValidData" time="1.455"/>
  <testcase classname="SauceDemoTests.CheckoutPageTests" name="Checkout_TC2_FirstNameEmpty" time="1.47"/>
  <testcase classname="SauceDemoTests.CheckoutPageTests" name="Checkout_TC3_ZipCodeEmpty" time="1.451"/>
  <testcase classname="SauceDemoTests.HomePageTest" name="loginAndHomeTests" time="1.812"/>
  <testcase classname="SauceDemoTests.LoginPageTests" name="testValidLoginStandardUser" time="1.787"/>
  <testcase classname="SauceDemoTests.LoginPageTests" name="testSuccessfulLoginVerifyProductsPage" time="1.876"/>
  <testcase classname="SauceDemoTests.LoginPageTests" name="testInvalidLogin" time="2.061"/>
  <testcase classname="SauceDemoTests.LoginPageTests" name="testFailedLoginWrongCredentials" time="2.044"/>
  <testcase classname="SauceDemoTests.LoginPageTests" name="testEmptyUsername" time="2.078"/>
  <testcase classname="SauceDemoTests.LoginPageTests" name="testEmptyUsernameValidation" time="2.025"/>
  <testcase classname="SauceDemoTests.LoginPageTests" name="testLockedOutUser" time="2.103"/>
  <testcase classname="SauceDemoTests.LoginPageTests" name="testLoginWithLockedUser" time="2.031"/>
  <testcase classname="SauceDemoTests.LoginPageTests" name="testProblemUserLogin" time="1.787"/>
  <testcase classname="SauceDemoTests.LoginPageTests" name="testPerformanceGlitchUser" time="6.914"/>
</testsuite> <!-- Surefire test -->
