<?xml version="1.0" encoding="UTF-8"?>
<!-- Generated by org.testng.reporters.JUnitXMLReporter -->
<testsuite ignored="0" hostname="DESKTOP-JQ328LL" failures="1" tests="40" name="Surefire test" time="188.977" errors="0" timestamp="2025-12-09T01:05:37 EET">
  <testcase classname="SauceDemoTests.CartPageTests" name="Cart_Tc1_openCartAfterAddingItems" time="1.001"/>
  <testcase classname="SauceDemoTests.CartPageTests" name="Cart_Tc2_removeItemFromCart" time="0.307"/>
  <testcase classname="SauceDemoTests.CartPageTests" name="Cart_Tc3_checkoutWithOneItem" time="0.773"/>
  <testcase classname="SauceDemoTests.CartPageTests" name="Cart_Tc4_checkoutWithMultipleItems" time="1.03"/>
  <testcase classname="SauceDemoTests.CheckoutConfirmationPageTests" name="Confirmation_TC1_finishOrderWithItems" time="1.18"/>
  <testcase classname="SauceDemoTests.CheckoutConfirmationPageTests" name="Confirmation_TC2_finishEmptyCartOrder" time="0.777">
    <failure type="java.lang.AssertionError" message="expected [true] but found [false]">
      <![CDATA[java.lang.AssertionError: expected [true] but found [false]
at SauceDemoTests.CheckoutConfirmationPageTests.verifyStaysOnCheckoutStepTwoPage(CheckoutConfirmationPageTests.java:52)
at SauceDemoTests.CheckoutConfirmationPageTests.Confirmation_TC2_finishEmptyCartOrder(CheckoutConfirmationPageTests.java:77)
at java.base/java.util.ArrayList.forEach(ArrayList.java:1596)
... Removed 37 stack frames]]>
    </failure>
  </testcase> <!-- Confirmation_TC2_finishEmptyCartOrder -->
  <testcase classname="SauceDemoTests.CheckoutConfirmationPageTests" name="Confirmation_TC3_backToHomeAfterCompletion" time="0.916"/>
  <testcase classname="SauceDemoTests.CheckoutPageTests" name="testCheckoutWithEmptyFirstName" time="0.805"/>
  <testcase classname="SauceDemoTests.CheckoutPageTests" name="testCheckoutWithEmptyZip" time="0.802"/>
  <testcase classname="SauceDemoTests.CheckoutPageTests" name="testCheckoutWithValidData" time="0.457"/>
  <testcase classname="SauceDemoTests.EndToEndTest" name="invalidEndToEndPurchaseFlow1" time="1.344"/>
  <testcase classname="SauceDemoTests.EndToEndTest" name="invalidEndToEndPurchaseFlow2" time="1.47"/>
  <testcase classname="SauceDemoTests.EndToEndTest" name="invalidEndToEndPurchaseFlow3" time="1.489"/>
  <testcase classname="SauceDemoTests.EndToEndTest" name="invalidEndToEndPurchaseFlow4" time="1.376"/>
  <testcase classname="SauceDemoTests.EndToEndTest" name="invalidEndToEndPurchaseFlow5" time="1.378"/>
  <testcase classname="SauceDemoTests.EndToEndTest" name="invalidEndToEndPurchaseFlow6" time="1.572"/>
  <testcase classname="SauceDemoTests.EndToEndTest" name="validEndToEndPurchaseFlow1" time="2.217"/>
  <testcase classname="SauceDemoTests.EndToEndTest" name="validEndToEndPurchaseFlow2" time="1.574"/>
  <testcase classname="SauceDemoTests.HomePageTest" name="Home_Tc1_scrollAndCheckBadge" time="0.661"/>
  <testcase classname="SauceDemoTests.HomePageTest" name="Home_Tc2_testOpenMenu" time="0.136"/>
  <testcase classname="SauceDemoTests.HomePageTest" name="Home_Tc3_addMultipleProducts" time="0.658"/>
  <testcase classname="SauceDemoTests.HomePageTest" name="Home_Tc4_removeProducts" time="0.511"/>
  <testcase classname="SauceDemoTests.LoginPageTests" name="testValidLogin" time="0.456"/>
  <testcase classname="SauceDemoTests.LoginPageTests" name="testValidLogin" time="0.493"/>
  <testcase classname="SauceDemoTests.LoginPageTests" name="testValidLogin" time="5.524"/>
  <testcase classname="SauceDemoTests.LoginPageTests" name="testSuccessfulLoginVerifyProductsPage" time="0.645"/>
  <testcase classname="SauceDemoTests.LoginPageTests" name="testSuccessfulLoginVerifyProductsPage" time="0.463"/>
  <testcase classname="SauceDemoTests.LoginPageTests" name="testSuccessfulLoginVerifyProductsPage" time="5.481"/>
  <testcase classname="SauceDemoTests.LoginPageTests" name="testInvalidLogin" time="0.885"/>
  <testcase classname="SauceDemoTests.LoginPageTests" name="testInvalidLogin" time="0.762"/>
  <testcase classname="SauceDemoTests.LoginPageTests" name="testInvalidLogin" time="0.765"/>
  <testcase classname="SauceDemoTests.LoginPageTests" name="testEmptyFields" time="0.725"/>
  <testcase classname="SauceDemoTests.LoginPageTests" name="testEmptyFields" time="0.725"/>
  <testcase classname="SauceDemoTests.LoginPageTests" name="testEmptyFields" time="0.742"/>
  <testcase classname="SauceDemoTests.LoginPageTests" name="testLockedOutUser" time="0.744"/>
  <testcase classname="SauceDemoTests.LoginPageTests" name="validLoginWithJasonData" time="0.536"/>
  <testcase classname="SauceDemoTests.SortingFilterPageTest" name="sortingTest" time="0.351"/>
  <testcase classname="SauceDemoTests.SortingFilterPageTest" name="sortingTest" time="0.346"/>
  <testcase classname="SauceDemoTests.SortingFilterPageTest" name="sortingTest" time="0.351"/>
  <testcase classname="SauceDemoTests.SortingFilterPageTest" name="sortingTest" time="0.34"/>
</testsuite> <!-- Surefire test -->
