<?xml version="1.0" encoding="UTF-8"?>
<!-- Generated by org.testng.reporters.JUnitXMLReporter -->
<testsuite ignored="0" hostname="DESKTOP-JQ328LL" failures="1" tests="24" name="Surefire test" time="130.599" errors="0" timestamp="2025-12-01T02:11:20 EET">
  <testcase classname="SauceDemoTests.CartPageTests" name="Cart_Tc1_openCartAfterAddingItems" time="1.025"/>
  <testcase classname="SauceDemoTests.CartPageTests" name="Cart_Tc2_removeItemFromCart" time="0.306"/>
  <testcase classname="SauceDemoTests.CartPageTests" name="Cart_Tc3_checkoutWithOneItem" time="0.962"/>
  <testcase classname="SauceDemoTests.CartPageTests" name="Cart_Tc4_checkoutWithMultipleItems" time="1.093"/>
  <testcase classname="SauceDemoTests.CheckoutConfirmationPageTests" name="Confirmation_TC1_finishOrderWithItems" time="1.228"/>
  <testcase classname="SauceDemoTests.CheckoutConfirmationPageTests" name="Confirmation_TC3_backToHomeAfterCompletion" time="0.966"/>
  <testcase classname="SauceDemoTests.CheckoutConfirmationPageTests" name="Confirmation_TC2_finishEmptyCartOrder" time="0.745">
    <failure type="java.lang.AssertionError" message="did not expect [https://www.saucedemo.com/checkout-complete.html] but found [https://www.saucedemo.com/checkout-complete.html]">
      <![CDATA[java.lang.AssertionError: did not expect [https://www.saucedemo.com/checkout-complete.html] but found [https://www.saucedemo.com/checkout-complete.html]
at SauceDemoTests.CheckoutConfirmationPageTests.Confirmation_TC2_finishEmptyCartOrder(CheckoutConfirmationPageTests.java:61)
at java.base/java.util.ArrayList.forEach(ArrayList.java:1604)
... Removed 35 stack frames]]>
    </failure>
  </testcase> <!-- Confirmation_TC2_finishEmptyCartOrder -->
  <testcase classname="SauceDemoTests.CheckoutPageTests" name="testCheckoutWithEmptyFirstName" time="0.484"/>
  <testcase classname="SauceDemoTests.CheckoutPageTests" name="testCheckoutWithEmptyZip" time="0.467"/>
  <testcase classname="SauceDemoTests.CheckoutPageTests" name="testCheckoutWithValidData" time="0.698"/>
  <testcase classname="SauceDemoTests.HomePageTest" name="loginAndHomeTests" time="17.727"/>
  <testcase classname="SauceDemoTests.LoginPageTests" name="testValidLogin" time="2.489"/>
  <testcase classname="SauceDemoTests.LoginPageTests" name="testValidLogin" time="2.479"/>
  <testcase classname="SauceDemoTests.LoginPageTests" name="testValidLogin" time="7.4"/>
  <testcase classname="SauceDemoTests.LoginPageTests" name="testSuccessfulLoginVerifyProductsPage" time="2.768"/>
  <testcase classname="SauceDemoTests.LoginPageTests" name="testSuccessfulLoginVerifyProductsPage" time="2.779"/>
  <testcase classname="SauceDemoTests.LoginPageTests" name="testSuccessfulLoginVerifyProductsPage" time="7.957"/>
  <testcase classname="SauceDemoTests.LoginPageTests" name="testInvalidLogin" time="3.054"/>
  <testcase classname="SauceDemoTests.LoginPageTests" name="testInvalidLogin" time="2.826"/>
  <testcase classname="SauceDemoTests.LoginPageTests" name="testInvalidLogin" time="3.413"/>
  <testcase classname="SauceDemoTests.LoginPageTests" name="testEmptyFields" time="2.972"/>
  <testcase classname="SauceDemoTests.LoginPageTests" name="testEmptyFields" time="2.896"/>
  <testcase classname="SauceDemoTests.LoginPageTests" name="testEmptyFields" time="3.336"/>
  <testcase classname="SauceDemoTests.LoginPageTests" name="testLockedOutUser" time="3.212"/>
</testsuite> <!-- Surefire test -->
