<?xml version="1.0" encoding="UTF-8"?>
<testng-results ignored="0" total="24" passed="23" failed="1" skipped="0">
  <reporter-output>
  </reporter-output>
  <suite started-at="2025-12-01T02:09:09 EET" name="Surefire suite" finished-at="2025-12-01T02:11:20 EET" duration-ms="130599">
    <groups>
    </groups>
    <test started-at="2025-12-01T02:09:09 EET" name="Surefire test" finished-at="2025-12-01T02:11:20 EET" duration-ms="130599">
      <class name="SauceDemoTests.LoginPageTests">
        <test-method is-config="true" signature="setUp()[pri:0, instance:SauceDemoTests.LoginPageTests@48f278eb]" started-at="2025-12-01T02:10:16 EET" name="setUp" finished-at="2025-12-01T02:10:17 EET" duration-ms="986" status="PASS">
          <reporter-output>
          </reporter-output>
        </test-method> <!-- setUp -->
        <test-method signature="testValidLogin(java.lang.String,java.lang.String)[pri:0, instance:SauceDemoTests.LoginPageTests@48f278eb]" started-at="2025-12-01T02:10:17 EET" name="testValidLogin" data-provider="validLoginData" finished-at="2025-12-01T02:10:19 EET" duration-ms="2489" status="PASS">
          <params>
            <param index="0">
              <value>
                <![CDATA[standard_user]]>
              </value>
            </param>
            <param index="1">
              <value>
                <![CDATA[secret_sauce]]>
              </value>
            </param>
          </params>
          <reporter-output>
          </reporter-output>
        </test-method> <!-- testValidLogin -->
        <test-method is-config="true" signature="tearDown()[pri:0, instance:SauceDemoTests.LoginPageTests@48f278eb]" started-at="2025-12-01T02:10:19 EET" name="tearDown" finished-at="2025-12-01T02:10:19 EET" duration-ms="211" status="PASS">
          <reporter-output>
          </reporter-output>
        </test-method> <!-- tearDown -->
        <test-method is-config="true" signature="setUp()[pri:0, instance:SauceDemoTests.LoginPageTests@48f278eb]" started-at="2025-12-01T02:10:19 EET" name="setUp" finished-at="2025-12-01T02:10:20 EET" duration-ms="893" status="PASS">
          <reporter-output>
          </reporter-output>
        </test-method> <!-- setUp -->
        <test-method signature="testValidLogin(java.lang.String,java.lang.String)[pri:0, instance:SauceDemoTests.LoginPageTests@48f278eb]" started-at="2025-12-01T02:10:20 EET" name="testValidLogin" data-provider="validLoginData" finished-at="2025-12-01T02:10:23 EET" duration-ms="2479" status="PASS">
          <params>
            <param index="0">
              <value>
                <![CDATA[problem_user]]>
              </value>
            </param>
            <param index="1">
              <value>
                <![CDATA[secret_sauce]]>
              </value>
            </param>
          </params>
          <reporter-output>
          </reporter-output>
        </test-method> <!-- testValidLogin -->
        <test-method is-config="true" signature="tearDown()[pri:0, instance:SauceDemoTests.LoginPageTests@48f278eb]" started-at="2025-12-01T02:10:23 EET" name="tearDown" finished-at="2025-12-01T02:10:23 EET" duration-ms="237" status="PASS">
          <reporter-output>
          </reporter-output>
        </test-method> <!-- tearDown -->
        <test-method is-config="true" signature="setUp()[pri:0, instance:SauceDemoTests.LoginPageTests@48f278eb]" started-at="2025-12-01T02:10:23 EET" name="setUp" finished-at="2025-12-01T02:10:24 EET" duration-ms="999" status="PASS">
          <reporter-output>
          </reporter-output>
        </test-method> <!-- setUp -->
        <test-method signature="testValidLogin(java.lang.String,java.lang.String)[pri:0, instance:SauceDemoTests.LoginPageTests@48f278eb]" started-at="2025-12-01T02:10:24 EET" name="testValidLogin" data-provider="validLoginData" finished-at="2025-12-01T02:10:31 EET" duration-ms="7400" status="PASS">
          <params>
            <param index="0">
              <value>
                <![CDATA[performance_glitch_user]]>
              </value>
            </param>
            <param index="1">
              <value>
                <![CDATA[secret_sauce]]>
              </value>
            </param>
          </params>
          <reporter-output>
          </reporter-output>
        </test-method> <!-- testValidLogin -->
        <test-method is-config="true" signature="tearDown()[pri:0, instance:SauceDemoTests.LoginPageTests@48f278eb]" started-at="2025-12-01T02:10:31 EET" name="tearDown" finished-at="2025-12-01T02:10:32 EET" duration-ms="217" status="PASS">
          <reporter-output>
          </reporter-output>
        </test-method> <!-- tearDown -->
        <test-method is-config="true" signature="setUp()[pri:0, instance:SauceDemoTests.LoginPageTests@48f278eb]" started-at="2025-12-01T02:10:32 EET" name="setUp" finished-at="2025-12-01T02:10:33 EET" duration-ms="992" status="PASS">
          <reporter-output>
          </reporter-output>
        </test-method> <!-- setUp -->
        <test-method signature="testSuccessfulLoginVerifyProductsPage(java.lang.String,java.lang.String)[pri:0, instance:SauceDemoTests.LoginPageTests@48f278eb]" started-at="2025-12-01T02:10:33 EET" name="testSuccessfulLoginVerifyProductsPage" data-provider="validLoginData" finished-at="2025-12-01T02:10:35 EET" depends-on-methods="SauceDemoTests.LoginPageTests.testValidLogin" duration-ms="2768" status="PASS">
          <params>
            <param index="0">
              <value>
                <![CDATA[standard_user]]>
              </value>
            </param>
            <param index="1">
              <value>
                <![CDATA[secret_sauce]]>
              </value>
            </param>
          </params>
          <reporter-output>
          </reporter-output>
        </test-method> <!-- testSuccessfulLoginVerifyProductsPage -->
        <test-method is-config="true" signature="tearDown()[pri:0, instance:SauceDemoTests.LoginPageTests@48f278eb]" started-at="2025-12-01T02:10:35 EET" name="tearDown" finished-at="2025-12-01T02:10:36 EET" duration-ms="229" status="PASS">
          <reporter-output>
          </reporter-output>
        </test-method> <!-- tearDown -->
        <test-method is-config="true" signature="setUp()[pri:0, instance:SauceDemoTests.LoginPageTests@48f278eb]" started-at="2025-12-01T02:10:36 EET" name="setUp" finished-at="2025-12-01T02:10:37 EET" duration-ms="1257" status="PASS">
          <reporter-output>
          </reporter-output>
        </test-method> <!-- setUp -->
        <test-method signature="testSuccessfulLoginVerifyProductsPage(java.lang.String,java.lang.String)[pri:0, instance:SauceDemoTests.LoginPageTests@48f278eb]" started-at="2025-12-01T02:10:37 EET" name="testSuccessfulLoginVerifyProductsPage" data-provider="validLoginData" finished-at="2025-12-01T02:10:40 EET" depends-on-methods="SauceDemoTests.LoginPageTests.testValidLogin" duration-ms="2779" status="PASS">
          <params>
            <param index="0">
              <value>
                <![CDATA[problem_user]]>
              </value>
            </param>
            <param index="1">
              <value>
                <![CDATA[secret_sauce]]>
              </value>
            </param>
          </params>
          <reporter-output>
          </reporter-output>
        </test-method> <!-- testSuccessfulLoginVerifyProductsPage -->
        <test-method is-config="true" signature="tearDown()[pri:0, instance:SauceDemoTests.LoginPageTests@48f278eb]" started-at="2025-12-01T02:10:40 EET" name="tearDown" finished-at="2025-12-01T02:10:40 EET" duration-ms="229" status="PASS">
          <reporter-output>
          </reporter-output>
        </test-method> <!-- tearDown -->
        <test-method is-config="true" signature="setUp()[pri:0, instance:SauceDemoTests.LoginPageTests@48f278eb]" started-at="2025-12-01T02:10:40 EET" name="setUp" finished-at="2025-12-01T02:10:41 EET" duration-ms="1079" status="PASS">
          <reporter-output>
          </reporter-output>
        </test-method> <!-- setUp -->
        <test-method signature="testSuccessfulLoginVerifyProductsPage(java.lang.String,java.lang.String)[pri:0, instance:SauceDemoTests.LoginPageTests@48f278eb]" started-at="2025-12-01T02:10:41 EET" name="testSuccessfulLoginVerifyProductsPage" data-provider="validLoginData" finished-at="2025-12-01T02:10:49 EET" depends-on-methods="SauceDemoTests.LoginPageTests.testValidLogin" duration-ms="7957" status="PASS">
          <params>
            <param index="0">
              <value>
                <![CDATA[performance_glitch_user]]>
              </value>
            </param>
            <param index="1">
              <value>
                <![CDATA[secret_sauce]]>
              </value>
            </param>
          </params>
          <reporter-output>
          </reporter-output>
        </test-method> <!-- testSuccessfulLoginVerifyProductsPage -->
        <test-method is-config="true" signature="tearDown()[pri:0, instance:SauceDemoTests.LoginPageTests@48f278eb]" started-at="2025-12-01T02:10:49 EET" name="tearDown" finished-at="2025-12-01T02:10:49 EET" duration-ms="230" status="PASS">
          <reporter-output>
          </reporter-output>
        </test-method> <!-- tearDown -->
        <test-method is-config="true" signature="setUp()[pri:0, instance:SauceDemoTests.LoginPageTests@48f278eb]" started-at="2025-12-01T02:10:49 EET" name="setUp" finished-at="2025-12-01T02:10:50 EET" duration-ms="839" status="PASS">
          <reporter-output>
          </reporter-output>
        </test-method> <!-- setUp -->
        <test-method signature="testInvalidLogin(java.lang.String,java.lang.String)[pri:0, instance:SauceDemoTests.LoginPageTests@48f278eb]" started-at="2025-12-01T02:10:50 EET" name="testInvalidLogin" data-provider="invalidLoginData" finished-at="2025-12-01T02:10:53 EET" depends-on-methods="SauceDemoTests.LoginPageTests.testSuccessfulLoginVerifyProductsPage" duration-ms="3054" status="PASS">
          <params>
            <param index="0">
              <value>
                <![CDATA[invalid_user]]>
              </value>
            </param>
            <param index="1">
              <value>
                <![CDATA[secret_sauce]]>
              </value>
            </param>
          </params>
          <reporter-output>
          </reporter-output>
        </test-method> <!-- testInvalidLogin -->
        <test-method is-config="true" signature="tearDown()[pri:0, instance:SauceDemoTests.LoginPageTests@48f278eb]" started-at="2025-12-01T02:10:53 EET" name="tearDown" finished-at="2025-12-01T02:10:53 EET" duration-ms="328" status="PASS">
          <reporter-output>
          </reporter-output>
        </test-method> <!-- tearDown -->
        <test-method is-config="true" signature="setUp()[pri:0, instance:SauceDemoTests.LoginPageTests@48f278eb]" started-at="2025-12-01T02:10:53 EET" name="setUp" finished-at="2025-12-01T02:10:55 EET" duration-ms="1154" status="PASS">
          <reporter-output>
          </reporter-output>
        </test-method> <!-- setUp -->
        <test-method signature="testInvalidLogin(java.lang.String,java.lang.String)[pri:0, instance:SauceDemoTests.LoginPageTests@48f278eb]" started-at="2025-12-01T02:10:55 EET" name="testInvalidLogin" data-provider="invalidLoginData" finished-at="2025-12-01T02:10:57 EET" depends-on-methods="SauceDemoTests.LoginPageTests.testSuccessfulLoginVerifyProductsPage" duration-ms="2826" status="PASS">
          <params>
            <param index="0">
              <value>
                <![CDATA[wrong_user]]>
              </value>
            </param>
            <param index="1">
              <value>
                <![CDATA[wrong_password]]>
              </value>
            </param>
          </params>
          <reporter-output>
          </reporter-output>
        </test-method> <!-- testInvalidLogin -->
        <test-method is-config="true" signature="tearDown()[pri:0, instance:SauceDemoTests.LoginPageTests@48f278eb]" started-at="2025-12-01T02:10:57 EET" name="tearDown" finished-at="2025-12-01T02:10:58 EET" duration-ms="212" status="PASS">
          <reporter-output>
          </reporter-output>
        </test-method> <!-- tearDown -->
        <test-method is-config="true" signature="setUp()[pri:0, instance:SauceDemoTests.LoginPageTests@48f278eb]" started-at="2025-12-01T02:10:58 EET" name="setUp" finished-at="2025-12-01T02:10:58 EET" duration-ms="840" status="PASS">
          <reporter-output>
          </reporter-output>
        </test-method> <!-- setUp -->
        <test-method signature="testInvalidLogin(java.lang.String,java.lang.String)[pri:0, instance:SauceDemoTests.LoginPageTests@48f278eb]" started-at="2025-12-01T02:10:58 EET" name="testInvalidLogin" data-provider="invalidLoginData" finished-at="2025-12-01T02:11:02 EET" depends-on-methods="SauceDemoTests.LoginPageTests.testSuccessfulLoginVerifyProductsPage" duration-ms="3413" status="PASS">
          <params>
            <param index="0">
              <value>
                <![CDATA[fake_user]]>
              </value>
            </param>
            <param index="1">
              <value>
                <![CDATA[fake_pass]]>
              </value>
            </param>
          </params>
          <reporter-output>
          </reporter-output>
        </test-method> <!-- testInvalidLogin -->
        <test-method is-config="true" signature="tearDown()[pri:0, instance:SauceDemoTests.LoginPageTests@48f278eb]" started-at="2025-12-01T02:11:02 EET" name="tearDown" finished-at="2025-12-01T02:11:02 EET" duration-ms="311" status="PASS">
          <reporter-output>
          </reporter-output>
        </test-method> <!-- tearDown -->
        <test-method is-config="true" signature="setUp()[pri:0, instance:SauceDemoTests.LoginPageTests@48f278eb]" started-at="2025-12-01T02:11:02 EET" name="setUp" finished-at="2025-12-01T02:11:03 EET" duration-ms="863" status="PASS">
          <reporter-output>
          </reporter-output>
        </test-method> <!-- setUp -->
        <test-method signature="testEmptyFields(java.lang.String,java.lang.String)[pri:0, instance:SauceDemoTests.LoginPageTests@48f278eb]" started-at="2025-12-01T02:11:03 EET" name="testEmptyFields" data-provider="emptyFieldsData" finished-at="2025-12-01T02:11:06 EET" depends-on-methods="SauceDemoTests.LoginPageTests.testInvalidLogin" duration-ms="2972" status="PASS">
          <params>
            <param index="0">
              <value>
                <![CDATA[]]>
              </value>
            </param>
            <param index="1">
              <value>
                <![CDATA[secret_sauce]]>
              </value>
            </param>
          </params>
          <reporter-output>
          </reporter-output>
        </test-method> <!-- testEmptyFields -->
        <test-method is-config="true" signature="tearDown()[pri:0, instance:SauceDemoTests.LoginPageTests@48f278eb]" started-at="2025-12-01T02:11:06 EET" name="tearDown" finished-at="2025-12-01T02:11:06 EET" duration-ms="320" status="PASS">
          <reporter-output>
          </reporter-output>
        </test-method> <!-- tearDown -->
        <test-method is-config="true" signature="setUp()[pri:0, instance:SauceDemoTests.LoginPageTests@48f278eb]" started-at="2025-12-01T02:11:06 EET" name="setUp" finished-at="2025-12-01T02:11:08 EET" duration-ms="1316" status="PASS">
          <reporter-output>
          </reporter-output>
        </test-method> <!-- setUp -->
        <test-method signature="testEmptyFields(java.lang.String,java.lang.String)[pri:0, instance:SauceDemoTests.LoginPageTests@48f278eb]" started-at="2025-12-01T02:11:08 EET" name="testEmptyFields" data-provider="emptyFieldsData" finished-at="2025-12-01T02:11:11 EET" depends-on-methods="SauceDemoTests.LoginPageTests.testInvalidLogin" duration-ms="2896" status="PASS">
          <params>
            <param index="0">
              <value>
                <![CDATA[standard_user]]>
              </value>
            </param>
            <param index="1">
              <value>
                <![CDATA[]]>
              </value>
            </param>
          </params>
          <reporter-output>
          </reporter-output>
        </test-method> <!-- testEmptyFields -->
        <test-method is-config="true" signature="tearDown()[pri:0, instance:SauceDemoTests.LoginPageTests@48f278eb]" started-at="2025-12-01T02:11:11 EET" name="tearDown" finished-at="2025-12-01T02:11:11 EET" duration-ms="225" status="PASS">
          <reporter-output>
          </reporter-output>
        </test-method> <!-- tearDown -->
        <test-method is-config="true" signature="setUp()[pri:0, instance:SauceDemoTests.LoginPageTests@48f278eb]" started-at="2025-12-01T02:11:11 EET" name="setUp" finished-at="2025-12-01T02:11:12 EET" duration-ms="935" status="PASS">
          <reporter-output>
          </reporter-output>
        </test-method> <!-- setUp -->
        <test-method signature="testEmptyFields(java.lang.String,java.lang.String)[pri:0, instance:SauceDemoTests.LoginPageTests@48f278eb]" started-at="2025-12-01T02:11:12 EET" name="testEmptyFields" data-provider="emptyFieldsData" finished-at="2025-12-01T02:11:15 EET" depends-on-methods="SauceDemoTests.LoginPageTests.testInvalidLogin" duration-ms="3336" status="PASS">
          <params>
            <param index="0">
              <value>
                <![CDATA[]]>
              </value>
            </param>
            <param index="1">
              <value>
                <![CDATA[]]>
              </value>
            </param>
          </params>
          <reporter-output>
          </reporter-output>
        </test-method> <!-- testEmptyFields -->
        <test-method is-config="true" signature="tearDown()[pri:0, instance:SauceDemoTests.LoginPageTests@48f278eb]" started-at="2025-12-01T02:11:15 EET" name="tearDown" finished-at="2025-12-01T02:11:15 EET" duration-ms="313" status="PASS">
          <reporter-output>
          </reporter-output>
        </test-method> <!-- tearDown -->
        <test-method is-config="true" signature="setUp()[pri:0, instance:SauceDemoTests.LoginPageTests@48f278eb]" started-at="2025-12-01T02:11:15 EET" name="setUp" finished-at="2025-12-01T02:11:16 EET" duration-ms="1027" status="PASS">
          <reporter-output>
          </reporter-output>
        </test-method> <!-- setUp -->
        <test-method signature="testLockedOutUser(java.lang.String,java.lang.String)[pri:0, instance:SauceDemoTests.LoginPageTests@48f278eb]" started-at="2025-12-01T02:11:16 EET" name="testLockedOutUser" data-provider="lockedUserData" finished-at="2025-12-01T02:11:20 EET" depends-on-methods="SauceDemoTests.LoginPageTests.testEmptyFields" duration-ms="3212" status="PASS">
          <params>
            <param index="0">
              <value>
                <![CDATA[locked_out_user]]>
              </value>
            </param>
            <param index="1">
              <value>
                <![CDATA[secret_sauce]]>
              </value>
            </param>
          </params>
          <reporter-output>
          </reporter-output>
        </test-method> <!-- testLockedOutUser -->
        <test-method is-config="true" signature="tearDown()[pri:0, instance:SauceDemoTests.LoginPageTests@48f278eb]" started-at="2025-12-01T02:11:20 EET" name="tearDown" finished-at="2025-12-01T02:11:20 EET" duration-ms="176" status="PASS">
          <reporter-output>
          </reporter-output>
        </test-method> <!-- tearDown -->
      </class> <!-- SauceDemoTests.LoginPageTests -->
      <class name="SauceDemoTests.HomePageTest">
        <test-method is-config="true" signature="setUp()[pri:0, instance:SauceDemoTests.HomePageTest@1da2cb77]" started-at="2025-12-01T02:09:57 EET" name="setUp" finished-at="2025-12-01T02:09:58 EET" duration-ms="985" status="PASS">
          <reporter-output>
          </reporter-output>
        </test-method> <!-- setUp -->
        <test-method signature="loginAndHomeTests()[pri:0, instance:SauceDemoTests.HomePageTest@1da2cb77]" started-at="2025-12-01T02:09:58 EET" name="loginAndHomeTests" finished-at="2025-12-01T02:10:15 EET" duration-ms="17727" status="PASS">
          <reporter-output>
          </reporter-output>
        </test-method> <!-- loginAndHomeTests -->
        <test-method is-config="true" signature="tearDown()[pri:0, instance:SauceDemoTests.HomePageTest@1da2cb77]" started-at="2025-12-01T02:10:15 EET" name="tearDown" finished-at="2025-12-01T02:10:16 EET" duration-ms="327" status="PASS">
          <reporter-output>
          </reporter-output>
        </test-method> <!-- tearDown -->
      </class> <!-- SauceDemoTests.HomePageTest -->
      <class name="SauceDemoTests.CheckoutPageTests">
        <test-method is-config="true" signature="setUp()[pri:0, instance:SauceDemoTests.CheckoutPageTests@611889f4]" started-at="2025-12-01T02:09:43 EET" name="setUp" finished-at="2025-12-01T02:09:44 EET" duration-ms="916" status="PASS">
          <reporter-output>
          </reporter-output>
        </test-method> <!-- setUp -->
        <test-method is-config="true" signature="setUpCheckout()[pri:0, instance:SauceDemoTests.CheckoutPageTests@611889f4]" started-at="2025-12-01T02:09:44 EET" name="setUpCheckout" finished-at="2025-12-01T02:09:46 EET" duration-ms="2674" status="PASS">
          <reporter-output>
          </reporter-output>
        </test-method> <!-- setUpCheckout -->
        <test-method signature="testCheckoutWithEmptyFirstName(java.lang.String,java.lang.String,java.lang.String)[pri:0, instance:SauceDemoTests.CheckoutPageTests@611889f4]" started-at="2025-12-01T02:09:46 EET" name="testCheckoutWithEmptyFirstName" data-provider="checkoutEmptyFirstName" finished-at="2025-12-01T02:09:47 EET" duration-ms="484" status="PASS">
          <params>
            <param index="0">
              <value>
                <![CDATA[]]>
              </value>
            </param>
            <param index="1">
              <value>
                <![CDATA[Project]]>
              </value>
            </param>
            <param index="2">
              <value>
                <![CDATA[201]]>
              </value>
            </param>
          </params>
          <reporter-output>
          </reporter-output>
        </test-method> <!-- testCheckoutWithEmptyFirstName -->
        <test-method is-config="true" signature="tearDown()[pri:0, instance:SauceDemoTests.CheckoutPageTests@611889f4]" started-at="2025-12-01T02:09:47 EET" name="tearDown" finished-at="2025-12-01T02:09:47 EET" duration-ms="223" status="PASS">
          <reporter-output>
          </reporter-output>
        </test-method> <!-- tearDown -->
        <test-method is-config="true" signature="setUp()[pri:0, instance:SauceDemoTests.CheckoutPageTests@611889f4]" started-at="2025-12-01T02:09:47 EET" name="setUp" finished-at="2025-12-01T02:09:48 EET" duration-ms="918" status="PASS">
          <reporter-output>
          </reporter-output>
        </test-method> <!-- setUp -->
        <test-method is-config="true" signature="setUpCheckout()[pri:0, instance:SauceDemoTests.CheckoutPageTests@611889f4]" started-at="2025-12-01T02:09:48 EET" name="setUpCheckout" finished-at="2025-12-01T02:09:51 EET" duration-ms="3097" status="PASS">
          <reporter-output>
          </reporter-output>
        </test-method> <!-- setUpCheckout -->
        <test-method signature="testCheckoutWithEmptyZip(java.lang.String,java.lang.String,java.lang.String)[pri:0, instance:SauceDemoTests.CheckoutPageTests@611889f4]" started-at="2025-12-01T02:09:51 EET" name="testCheckoutWithEmptyZip" data-provider="checkoutEmptyZip" finished-at="2025-12-01T02:09:52 EET" duration-ms="467" status="PASS">
          <params>
            <param index="0">
              <value>
                <![CDATA[Group]]>
              </value>
            </param>
            <param index="1">
              <value>
                <![CDATA[Project]]>
              </value>
            </param>
            <param index="2">
              <value>
                <![CDATA[]]>
              </value>
            </param>
          </params>
          <reporter-output>
          </reporter-output>
        </test-method> <!-- testCheckoutWithEmptyZip -->
        <test-method is-config="true" signature="tearDown()[pri:0, instance:SauceDemoTests.CheckoutPageTests@611889f4]" started-at="2025-12-01T02:09:52 EET" name="tearDown" finished-at="2025-12-01T02:09:52 EET" duration-ms="268" status="PASS">
          <reporter-output>
          </reporter-output>
        </test-method> <!-- tearDown -->
        <test-method is-config="true" signature="setUp()[pri:0, instance:SauceDemoTests.CheckoutPageTests@611889f4]" started-at="2025-12-01T02:09:52 EET" name="setUp" finished-at="2025-12-01T02:09:53 EET" duration-ms="1062" status="PASS">
          <reporter-output>
          </reporter-output>
        </test-method> <!-- setUp -->
        <test-method is-config="true" signature="setUpCheckout()[pri:0, instance:SauceDemoTests.CheckoutPageTests@611889f4]" started-at="2025-12-01T02:09:53 EET" name="setUpCheckout" finished-at="2025-12-01T02:09:56 EET" duration-ms="2889" status="PASS">
          <reporter-output>
          </reporter-output>
        </test-method> <!-- setUpCheckout -->
        <test-method signature="testCheckoutWithValidData(java.lang.String,java.lang.String,java.lang.String)[pri:0, instance:SauceDemoTests.CheckoutPageTests@611889f4]" started-at="2025-12-01T02:09:56 EET" name="testCheckoutWithValidData" data-provider="checkoutValidData" finished-at="2025-12-01T02:09:56 EET" duration-ms="698" status="PASS">
          <params>
            <param index="0">
              <value>
                <![CDATA[Group]]>
              </value>
            </param>
            <param index="1">
              <value>
                <![CDATA[Project]]>
              </value>
            </param>
            <param index="2">
              <value>
                <![CDATA[201]]>
              </value>
            </param>
          </params>
          <reporter-output>
          </reporter-output>
        </test-method> <!-- testCheckoutWithValidData -->
        <test-method is-config="true" signature="tearDown()[pri:0, instance:SauceDemoTests.CheckoutPageTests@611889f4]" started-at="2025-12-01T02:09:56 EET" name="tearDown" finished-at="2025-12-01T02:09:57 EET" duration-ms="214" status="PASS">
          <reporter-output>
          </reporter-output>
        </test-method> <!-- tearDown -->
      </class> <!-- SauceDemoTests.CheckoutPageTests -->
      <class name="SauceDemoTests.CheckoutConfirmationPageTests">
        <test-method is-config="true" signature="setUp()[pri:0, instance:SauceDemoTests.CheckoutConfirmationPageTests@3f6b0be5]" started-at="2025-12-01T02:09:29 EET" name="setUp" finished-at="2025-12-01T02:09:30 EET" duration-ms="1179" status="PASS">
          <reporter-output>
          </reporter-output>
        </test-method> <!-- setUp -->
        <test-method is-config="true" signature="setUpConfirmation()[pri:0, instance:SauceDemoTests.CheckoutConfirmationPageTests@3f6b0be5]" started-at="2025-12-01T02:09:30 EET" name="setUpConfirmation" finished-at="2025-12-01T02:09:33 EET" duration-ms="2871" status="PASS">
          <reporter-output>
          </reporter-output>
        </test-method> <!-- setUpConfirmation -->
        <test-method signature="Confirmation_TC1_finishOrderWithItems()[pri:0, instance:SauceDemoTests.CheckoutConfirmationPageTests@3f6b0be5]" started-at="2025-12-01T02:09:33 EET" name="Confirmation_TC1_finishOrderWithItems" finished-at="2025-12-01T02:09:34 EET" duration-ms="1228" status="PASS">
          <reporter-output>
          </reporter-output>
        </test-method> <!-- Confirmation_TC1_finishOrderWithItems -->
        <test-method is-config="true" signature="tearDown()[pri:0, instance:SauceDemoTests.CheckoutConfirmationPageTests@3f6b0be5]" started-at="2025-12-01T02:09:34 EET" name="tearDown" finished-at="2025-12-01T02:09:34 EET" duration-ms="227" status="PASS">
          <reporter-output>
          </reporter-output>
        </test-method> <!-- tearDown -->
        <test-method is-config="true" signature="setUp()[pri:0, instance:SauceDemoTests.CheckoutConfirmationPageTests@3f6b0be5]" started-at="2025-12-01T02:09:34 EET" name="setUp" finished-at="2025-12-01T02:09:35 EET" duration-ms="929" status="PASS">
          <reporter-output>
          </reporter-output>
        </test-method> <!-- setUp -->
        <test-method is-config="true" signature="setUpConfirmation()[pri:0, instance:SauceDemoTests.CheckoutConfirmationPageTests@3f6b0be5]" started-at="2025-12-01T02:09:35 EET" name="setUpConfirmation" finished-at="2025-12-01T02:09:37 EET" duration-ms="2147" status="PASS">
          <reporter-output>
          </reporter-output>
        </test-method> <!-- setUpConfirmation -->
        <test-method signature="Confirmation_TC3_backToHomeAfterCompletion()[pri:0, instance:SauceDemoTests.CheckoutConfirmationPageTests@3f6b0be5]" started-at="2025-12-01T02:09:37 EET" name="Confirmation_TC3_backToHomeAfterCompletion" finished-at="2025-12-01T02:09:38 EET" depends-on-methods="SauceDemoTests.CheckoutConfirmationPageTests.Confirmation_TC1_finishOrderWithItems" duration-ms="966" status="PASS">
          <reporter-output>
          </reporter-output>
        </test-method> <!-- Confirmation_TC3_backToHomeAfterCompletion -->
        <test-method is-config="true" signature="tearDown()[pri:0, instance:SauceDemoTests.CheckoutConfirmationPageTests@3f6b0be5]" started-at="2025-12-01T02:09:38 EET" name="tearDown" finished-at="2025-12-01T02:09:38 EET" duration-ms="195" status="PASS">
          <reporter-output>
          </reporter-output>
        </test-method> <!-- tearDown -->
        <test-method is-config="true" signature="setUp()[pri:0, instance:SauceDemoTests.CheckoutConfirmationPageTests@3f6b0be5]" started-at="2025-12-01T02:09:38 EET" name="setUp" finished-at="2025-12-01T02:09:39 EET" duration-ms="921" status="PASS">
          <reporter-output>
          </reporter-output>
        </test-method> <!-- setUp -->
        <test-method is-config="true" signature="setUpConfirmation()[pri:0, instance:SauceDemoTests.CheckoutConfirmationPageTests@3f6b0be5]" started-at="2025-12-01T02:09:39 EET" name="setUpConfirmation" finished-at="2025-12-01T02:09:42 EET" duration-ms="2570" status="PASS">
          <reporter-output>
          </reporter-output>
        </test-method> <!-- setUpConfirmation -->
        <test-method signature="Confirmation_TC2_finishEmptyCartOrder()[pri:0, instance:SauceDemoTests.CheckoutConfirmationPageTests@3f6b0be5]" started-at="2025-12-01T02:09:42 EET" name="Confirmation_TC2_finishEmptyCartOrder" finished-at="2025-12-01T02:09:43 EET" duration-ms="745" status="FAIL">
          <exception class="java.lang.AssertionError">
            <message>
              <![CDATA[did not expect [https://www.saucedemo.com/checkout-complete.html] but found [https://www.saucedemo.com/checkout-complete.html]]]>
            </message>
            <full-stacktrace>
              <![CDATA[java.lang.AssertionError: did not expect [https://www.saucedemo.com/checkout-complete.html] but found [https://www.saucedemo.com/checkout-complete.html]
at org.testng.Assert.fail(Assert.java:111)
at org.testng.Assert.failEquals(Assert.java:1594)
at org.testng.Assert.assertNotEqualsImpl(Assert.java:157)
at org.testng.Assert.assertNotEquals(Assert.java:2217)
at org.testng.Assert.assertNotEquals(Assert.java:2239)
at SauceDemoTests.CheckoutConfirmationPageTests.Confirmation_TC2_finishEmptyCartOrder(CheckoutConfirmationPageTests.java:61)
at java.base/jdk.internal.reflect.DirectMethodHandleAccessor.invoke(DirectMethodHandleAccessor.java:104)
at java.base/java.lang.reflect.Method.invoke(Method.java:565)
at org.testng.internal.invokers.MethodInvocationHelper.invokeMethod(MethodInvocationHelper.java:141)
at org.testng.internal.invokers.TestInvoker.invokeMethod(TestInvoker.java:687)
at org.testng.internal.invokers.TestInvoker.invokeTestMethod(TestInvoker.java:230)
at org.testng.internal.invokers.MethodRunner.runInSequence(MethodRunner.java:63)
at org.testng.internal.invokers.TestInvoker$MethodInvocationAgent.invoke(TestInvoker.java:995)
at org.testng.internal.invokers.TestInvoker.invokeTestMethods(TestInvoker.java:203)
at org.testng.internal.invokers.TestMethodWorker.invokeTestMethods(TestMethodWorker.java:154)
at org.testng.internal.invokers.TestMethodWorker.run(TestMethodWorker.java:134)
at java.base/java.util.ArrayList.forEach(ArrayList.java:1604)
at org.testng.TestRunner.privateRun(TestRunner.java:741)
at org.testng.TestRunner.run(TestRunner.java:616)
at org.testng.SuiteRunner.runTest(SuiteRunner.java:421)
at org.testng.SuiteRunner.runSequentially(SuiteRunner.java:413)
at org.testng.SuiteRunner.privateRun(SuiteRunner.java:373)
at org.testng.SuiteRunner.run(SuiteRunner.java:312)
at org.testng.SuiteRunnerWorker.runSuite(SuiteRunnerWorker.java:52)
at org.testng.SuiteRunnerWorker.run(SuiteRunnerWorker.java:95)
at org.testng.TestNG.runSuitesSequentially(TestNG.java:1274)
at org.testng.TestNG.runSuitesLocally(TestNG.java:1208)
at org.testng.TestNG.runSuites(TestNG.java:1112)
at org.testng.TestNG.run(TestNG.java:1079)
at org.apache.maven.surefire.testng.TestNGExecutor.run(TestNGExecutor.java:155)
at org.apache.maven.surefire.testng.TestNGDirectoryTestSuite.executeMulti(TestNGDirectoryTestSuite.java:169)
at org.apache.maven.surefire.testng.TestNGDirectoryTestSuite.execute(TestNGDirectoryTestSuite.java:88)
at org.apache.maven.surefire.testng.TestNGProvider.invoke(TestNGProvider.java:137)
at org.apache.maven.surefire.booter.ForkedBooter.runSuitesInProcess(ForkedBooter.java:385)
at org.apache.maven.surefire.booter.ForkedBooter.execute(ForkedBooter.java:162)
at org.apache.maven.surefire.booter.ForkedBooter.run(ForkedBooter.java:507)
at org.apache.maven.surefire.booter.ForkedBooter.main(ForkedBooter.java:495)
]]>
            </full-stacktrace>
          </exception> <!-- java.lang.AssertionError -->
          <reporter-output>
          </reporter-output>
        </test-method> <!-- Confirmation_TC2_finishEmptyCartOrder -->
        <test-method is-config="true" signature="tearDown()[pri:0, instance:SauceDemoTests.CheckoutConfirmationPageTests@3f6b0be5]" started-at="2025-12-01T02:09:43 EET" name="tearDown" finished-at="2025-12-01T02:09:43 EET" duration-ms="208" status="PASS">
          <reporter-output>
          </reporter-output>
        </test-method> <!-- tearDown -->
      </class> <!-- SauceDemoTests.CheckoutConfirmationPageTests -->
      <class name="SauceDemoTests.CartPageTests">
        <test-method is-config="true" signature="setUp()[pri:0, instance:SauceDemoTests.CartPageTests@505fc5a4]" started-at="2025-12-01T02:09:09 EET" name="setUp" finished-at="2025-12-01T02:09:11 EET" duration-ms="1700" status="PASS">
          <reporter-output>
          </reporter-output>
        </test-method> <!-- setUp -->
        <test-method is-config="true" signature="setUpCart()[pri:0, instance:SauceDemoTests.CartPageTests@505fc5a4]" started-at="2025-12-01T02:09:11 EET" name="setUpCart" finished-at="2025-12-01T02:09:13 EET" duration-ms="2352" status="PASS">
          <reporter-output>
          </reporter-output>
        </test-method> <!-- setUpCart -->
        <test-method signature="Cart_Tc1_openCartAfterAddingItems()[pri:0, instance:SauceDemoTests.CartPageTests@505fc5a4]" started-at="2025-12-01T02:09:13 EET" name="Cart_Tc1_openCartAfterAddingItems" finished-at="2025-12-01T02:09:14 EET" duration-ms="1025" status="PASS">
          <reporter-output>
          </reporter-output>
        </test-method> <!-- Cart_Tc1_openCartAfterAddingItems -->
        <test-method is-config="true" signature="tearDown()[pri:0, instance:SauceDemoTests.CartPageTests@505fc5a4]" started-at="2025-12-01T02:09:15 EET" name="tearDown" finished-at="2025-12-01T02:09:15 EET" duration-ms="251" status="PASS">
          <reporter-output>
          </reporter-output>
        </test-method> <!-- tearDown -->
        <test-method is-config="true" signature="setUp()[pri:0, instance:SauceDemoTests.CartPageTests@505fc5a4]" started-at="2025-12-01T02:09:15 EET" name="setUp" finished-at="2025-12-01T02:09:16 EET" duration-ms="966" status="PASS">
          <reporter-output>
          </reporter-output>
        </test-method> <!-- setUp -->
        <test-method is-config="true" signature="setUpCart()[pri:0, instance:SauceDemoTests.CartPageTests@505fc5a4]" started-at="2025-12-01T02:09:16 EET" name="setUpCart" finished-at="2025-12-01T02:09:18 EET" duration-ms="2456" status="PASS">
          <reporter-output>
          </reporter-output>
        </test-method> <!-- setUpCart -->
        <test-method signature="Cart_Tc2_removeItemFromCart()[pri:0, instance:SauceDemoTests.CartPageTests@505fc5a4]" started-at="2025-12-01T02:09:18 EET" name="Cart_Tc2_removeItemFromCart" finished-at="2025-12-01T02:09:19 EET" duration-ms="306" status="PASS">
          <reporter-output>
          </reporter-output>
        </test-method> <!-- Cart_Tc2_removeItemFromCart -->
        <test-method is-config="true" signature="tearDown()[pri:0, instance:SauceDemoTests.CartPageTests@505fc5a4]" started-at="2025-12-01T02:09:19 EET" name="tearDown" finished-at="2025-12-01T02:09:19 EET" duration-ms="191" status="PASS">
          <reporter-output>
          </reporter-output>
        </test-method> <!-- tearDown -->
        <test-method is-config="true" signature="setUp()[pri:0, instance:SauceDemoTests.CartPageTests@505fc5a4]" started-at="2025-12-01T02:09:19 EET" name="setUp" finished-at="2025-12-01T02:09:20 EET" duration-ms="846" status="PASS">
          <reporter-output>
          </reporter-output>
        </test-method> <!-- setUp -->
        <test-method is-config="true" signature="setUpCart()[pri:0, instance:SauceDemoTests.CartPageTests@505fc5a4]" started-at="2025-12-01T02:09:20 EET" name="setUpCart" finished-at="2025-12-01T02:09:22 EET" duration-ms="2737" status="PASS">
          <reporter-output>
          </reporter-output>
        </test-method> <!-- setUpCart -->
        <test-method signature="Cart_Tc3_checkoutWithOneItem()[pri:0, instance:SauceDemoTests.CartPageTests@505fc5a4]" started-at="2025-12-01T02:09:22 EET" name="Cart_Tc3_checkoutWithOneItem" finished-at="2025-12-01T02:09:23 EET" duration-ms="962" status="PASS">
          <reporter-output>
          </reporter-output>
        </test-method> <!-- Cart_Tc3_checkoutWithOneItem -->
        <test-method is-config="true" signature="tearDown()[pri:0, instance:SauceDemoTests.CartPageTests@505fc5a4]" started-at="2025-12-01T02:09:23 EET" name="tearDown" finished-at="2025-12-01T02:09:24 EET" duration-ms="322" status="PASS">
          <reporter-output>
          </reporter-output>
        </test-method> <!-- tearDown -->
        <test-method is-config="true" signature="setUp()[pri:0, instance:SauceDemoTests.CartPageTests@505fc5a4]" started-at="2025-12-01T02:09:24 EET" name="setUp" finished-at="2025-12-01T02:09:25 EET" duration-ms="924" status="PASS">
          <reporter-output>
          </reporter-output>
        </test-method> <!-- setUp -->
        <test-method is-config="true" signature="setUpCart()[pri:0, instance:SauceDemoTests.CartPageTests@505fc5a4]" started-at="2025-12-01T02:09:25 EET" name="setUpCart" finished-at="2025-12-01T02:09:27 EET" duration-ms="2577" status="PASS">
          <reporter-output>
          </reporter-output>
        </test-method> <!-- setUpCart -->
        <test-method signature="Cart_Tc4_checkoutWithMultipleItems()[pri:0, instance:SauceDemoTests.CartPageTests@505fc5a4]" started-at="2025-12-01T02:09:27 EET" name="Cart_Tc4_checkoutWithMultipleItems" finished-at="2025-12-01T02:09:28 EET" duration-ms="1093" status="PASS">
          <reporter-output>
          </reporter-output>
        </test-method> <!-- Cart_Tc4_checkoutWithMultipleItems -->
        <test-method is-config="true" signature="tearDown()[pri:0, instance:SauceDemoTests.CartPageTests@505fc5a4]" started-at="2025-12-01T02:09:28 EET" name="tearDown" finished-at="2025-12-01T02:09:29 EET" duration-ms="329" status="PASS">
          <reporter-output>
          </reporter-output>
        </test-method> <!-- tearDown -->
      </class> <!-- SauceDemoTests.CartPageTests -->
    </test> <!-- Surefire test -->
  </suite> <!-- Surefire suite -->
</testng-results>
