<?xml version="1.0" encoding="UTF-8"?>
<testng-results ignored="0" total="21" passed="20" failed="1" skipped="0">
  <reporter-output>
  </reporter-output>
  <suite started-at="2025-11-28T15:41:26 EET" name="Surefire suite" finished-at="2025-11-28T15:42:48 EET" duration-ms="81751">
    <groups>
    </groups>
    <test started-at="2025-11-28T15:41:26 EET" name="Surefire test" finished-at="2025-11-28T15:42:48 EET" duration-ms="81751">
      <class name="SauceDemoTests.LoginPageTests">
        <test-method is-config="true" signature="setUp()[pri:0, instance:SauceDemoTests.LoginPageTests@6340e5f0]" started-at="2025-11-28T15:42:15 EET" name="setUp" finished-at="2025-11-28T15:42:15 EET" duration-ms="742" status="PASS">
          <reporter-output>
          </reporter-output>
        </test-method> <!-- setUp -->
        <test-method signature="testValidLoginStandardUser()[pri:1, instance:SauceDemoTests.LoginPageTests@6340e5f0]" started-at="2025-11-28T15:42:15 EET" name="testValidLoginStandardUser" finished-at="2025-11-28T15:42:17 EET" duration-ms="1787" status="PASS">
          <reporter-output>
          </reporter-output>
        </test-method> <!-- testValidLoginStandardUser -->
        <test-method is-config="true" signature="tearDown()[pri:0, instance:SauceDemoTests.LoginPageTests@6340e5f0]" started-at="2025-11-28T15:42:17 EET" name="tearDown" finished-at="2025-11-28T15:42:17 EET" duration-ms="152" status="PASS">
          <reporter-output>
          </reporter-output>
        </test-method> <!-- tearDown -->
        <test-method is-config="true" signature="setUp()[pri:0, instance:SauceDemoTests.LoginPageTests@6340e5f0]" started-at="2025-11-28T15:42:17 EET" name="setUp" finished-at="2025-11-28T15:42:18 EET" duration-ms="751" status="PASS">
          <reporter-output>
          </reporter-output>
        </test-method> <!-- setUp -->
        <test-method signature="testSuccessfulLoginVerifyProductsPage()[pri:2, instance:SauceDemoTests.LoginPageTests@6340e5f0]" started-at="2025-11-28T15:42:18 EET" name="testSuccessfulLoginVerifyProductsPage" finished-at="2025-11-28T15:42:20 EET" duration-ms="1876" status="PASS">
          <reporter-output>
          </reporter-output>
        </test-method> <!-- testSuccessfulLoginVerifyProductsPage -->
        <test-method is-config="true" signature="tearDown()[pri:0, instance:SauceDemoTests.LoginPageTests@6340e5f0]" started-at="2025-11-28T15:42:20 EET" name="tearDown" finished-at="2025-11-28T15:42:20 EET" duration-ms="141" status="PASS">
          <reporter-output>
          </reporter-output>
        </test-method> <!-- tearDown -->
        <test-method is-config="true" signature="setUp()[pri:0, instance:SauceDemoTests.LoginPageTests@6340e5f0]" started-at="2025-11-28T15:42:20 EET" name="setUp" finished-at="2025-11-28T15:42:21 EET" duration-ms="697" status="PASS">
          <reporter-output>
          </reporter-output>
        </test-method> <!-- setUp -->
        <test-method signature="testInvalidLogin()[pri:3, instance:SauceDemoTests.LoginPageTests@6340e5f0]" started-at="2025-11-28T15:42:21 EET" name="testInvalidLogin" finished-at="2025-11-28T15:42:23 EET" duration-ms="2061" status="PASS">
          <reporter-output>
          </reporter-output>
        </test-method> <!-- testInvalidLogin -->
        <test-method is-config="true" signature="tearDown()[pri:0, instance:SauceDemoTests.LoginPageTests@6340e5f0]" started-at="2025-11-28T15:42:23 EET" name="tearDown" finished-at="2025-11-28T15:42:23 EET" duration-ms="164" status="PASS">
          <reporter-output>
          </reporter-output>
        </test-method> <!-- tearDown -->
        <test-method is-config="true" signature="setUp()[pri:0, instance:SauceDemoTests.LoginPageTests@6340e5f0]" started-at="2025-11-28T15:42:23 EET" name="setUp" finished-at="2025-11-28T15:42:24 EET" duration-ms="712" status="PASS">
          <reporter-output>
          </reporter-output>
        </test-method> <!-- setUp -->
        <test-method signature="testFailedLoginWrongCredentials()[pri:4, instance:SauceDemoTests.LoginPageTests@6340e5f0]" started-at="2025-11-28T15:42:24 EET" name="testFailedLoginWrongCredentials" finished-at="2025-11-28T15:42:26 EET" duration-ms="2044" status="PASS">
          <reporter-output>
          </reporter-output>
        </test-method> <!-- testFailedLoginWrongCredentials -->
        <test-method is-config="true" signature="tearDown()[pri:0, instance:SauceDemoTests.LoginPageTests@6340e5f0]" started-at="2025-11-28T15:42:26 EET" name="tearDown" finished-at="2025-11-28T15:42:26 EET" duration-ms="181" status="PASS">
          <reporter-output>
          </reporter-output>
        </test-method> <!-- tearDown -->
        <test-method is-config="true" signature="setUp()[pri:0, instance:SauceDemoTests.LoginPageTests@6340e5f0]" started-at="2025-11-28T15:42:26 EET" name="setUp" finished-at="2025-11-28T15:42:27 EET" duration-ms="678" status="PASS">
          <reporter-output>
          </reporter-output>
        </test-method> <!-- setUp -->
        <test-method signature="testEmptyUsername()[pri:5, instance:SauceDemoTests.LoginPageTests@6340e5f0]" started-at="2025-11-28T15:42:27 EET" name="testEmptyUsername" finished-at="2025-11-28T15:42:29 EET" duration-ms="2078" status="PASS">
          <reporter-output>
          </reporter-output>
        </test-method> <!-- testEmptyUsername -->
        <test-method is-config="true" signature="tearDown()[pri:0, instance:SauceDemoTests.LoginPageTests@6340e5f0]" started-at="2025-11-28T15:42:29 EET" name="tearDown" finished-at="2025-11-28T15:42:29 EET" duration-ms="187" status="PASS">
          <reporter-output>
          </reporter-output>
        </test-method> <!-- tearDown -->
        <test-method is-config="true" signature="setUp()[pri:0, instance:SauceDemoTests.LoginPageTests@6340e5f0]" started-at="2025-11-28T15:42:29 EET" name="setUp" finished-at="2025-11-28T15:42:30 EET" duration-ms="774" status="PASS">
          <reporter-output>
          </reporter-output>
        </test-method> <!-- setUp -->
        <test-method signature="testEmptyUsernameValidation()[pri:6, instance:SauceDemoTests.LoginPageTests@6340e5f0]" started-at="2025-11-28T15:42:30 EET" name="testEmptyUsernameValidation" finished-at="2025-11-28T15:42:32 EET" duration-ms="2025" status="PASS">
          <reporter-output>
          </reporter-output>
        </test-method> <!-- testEmptyUsernameValidation -->
        <test-method is-config="true" signature="tearDown()[pri:0, instance:SauceDemoTests.LoginPageTests@6340e5f0]" started-at="2025-11-28T15:42:32 EET" name="tearDown" finished-at="2025-11-28T15:42:32 EET" duration-ms="178" status="PASS">
          <reporter-output>
          </reporter-output>
        </test-method> <!-- tearDown -->
        <test-method is-config="true" signature="setUp()[pri:0, instance:SauceDemoTests.LoginPageTests@6340e5f0]" started-at="2025-11-28T15:42:32 EET" name="setUp" finished-at="2025-11-28T15:42:32 EET" duration-ms="729" status="PASS">
          <reporter-output>
          </reporter-output>
        </test-method> <!-- setUp -->
        <test-method signature="testLockedOutUser()[pri:7, instance:SauceDemoTests.LoginPageTests@6340e5f0]" started-at="2025-11-28T15:42:32 EET" name="testLockedOutUser" finished-at="2025-11-28T15:42:35 EET" duration-ms="2103" status="PASS">
          <reporter-output>
          </reporter-output>
        </test-method> <!-- testLockedOutUser -->
        <test-method is-config="true" signature="tearDown()[pri:0, instance:SauceDemoTests.LoginPageTests@6340e5f0]" started-at="2025-11-28T15:42:35 EET" name="tearDown" finished-at="2025-11-28T15:42:35 EET" duration-ms="179" status="PASS">
          <reporter-output>
          </reporter-output>
        </test-method> <!-- tearDown -->
        <test-method is-config="true" signature="setUp()[pri:0, instance:SauceDemoTests.LoginPageTests@6340e5f0]" started-at="2025-11-28T15:42:35 EET" name="setUp" finished-at="2025-11-28T15:42:35 EET" duration-ms="698" status="PASS">
          <reporter-output>
          </reporter-output>
        </test-method> <!-- setUp -->
        <test-method signature="testLoginWithLockedUser()[pri:8, instance:SauceDemoTests.LoginPageTests@6340e5f0]" started-at="2025-11-28T15:42:35 EET" name="testLoginWithLockedUser" finished-at="2025-11-28T15:42:38 EET" duration-ms="2031" status="PASS">
          <reporter-output>
          </reporter-output>
        </test-method> <!-- testLoginWithLockedUser -->
        <test-method is-config="true" signature="tearDown()[pri:0, instance:SauceDemoTests.LoginPageTests@6340e5f0]" started-at="2025-11-28T15:42:38 EET" name="tearDown" finished-at="2025-11-28T15:42:38 EET" duration-ms="177" status="PASS">
          <reporter-output>
          </reporter-output>
        </test-method> <!-- tearDown -->
        <test-method is-config="true" signature="setUp()[pri:0, instance:SauceDemoTests.LoginPageTests@6340e5f0]" started-at="2025-11-28T15:42:38 EET" name="setUp" finished-at="2025-11-28T15:42:38 EET" duration-ms="681" status="PASS">
          <reporter-output>
          </reporter-output>
        </test-method> <!-- setUp -->
        <test-method signature="testProblemUserLogin()[pri:9, instance:SauceDemoTests.LoginPageTests@6340e5f0]" started-at="2025-11-28T15:42:38 EET" name="testProblemUserLogin" finished-at="2025-11-28T15:42:40 EET" duration-ms="1787" status="PASS">
          <reporter-output>
          </reporter-output>
        </test-method> <!-- testProblemUserLogin -->
        <test-method is-config="true" signature="tearDown()[pri:0, instance:SauceDemoTests.LoginPageTests@6340e5f0]" started-at="2025-11-28T15:42:40 EET" name="tearDown" finished-at="2025-11-28T15:42:40 EET" duration-ms="157" status="PASS">
          <reporter-output>
          </reporter-output>
        </test-method> <!-- tearDown -->
        <test-method is-config="true" signature="setUp()[pri:0, instance:SauceDemoTests.LoginPageTests@6340e5f0]" started-at="2025-11-28T15:42:40 EET" name="setUp" finished-at="2025-11-28T15:42:41 EET" duration-ms="674" status="PASS">
          <reporter-output>
          </reporter-output>
        </test-method> <!-- setUp -->
        <test-method signature="testPerformanceGlitchUser()[pri:10, instance:SauceDemoTests.LoginPageTests@6340e5f0]" started-at="2025-11-28T15:42:41 EET" name="testPerformanceGlitchUser" finished-at="2025-11-28T15:42:48 EET" duration-ms="6914" status="PASS">
          <reporter-output>
          </reporter-output>
        </test-method> <!-- testPerformanceGlitchUser -->
        <test-method is-config="true" signature="tearDown()[pri:0, instance:SauceDemoTests.LoginPageTests@6340e5f0]" started-at="2025-11-28T15:42:48 EET" name="tearDown" finished-at="2025-11-28T15:42:48 EET" duration-ms="174" status="PASS">
          <reporter-output>
          </reporter-output>
        </test-method> <!-- tearDown -->
      </class> <!-- SauceDemoTests.LoginPageTests -->
      <class name="SauceDemoTests.HomePageTest">
        <test-method is-config="true" signature="setUp()[pri:0, instance:SauceDemoTests.HomePageTest@2794eab6]" started-at="2025-11-28T15:42:12 EET" name="setUp" finished-at="2025-11-28T15:42:13 EET" duration-ms="711" status="PASS">
          <reporter-output>
          </reporter-output>
        </test-method> <!-- setUp -->
        <test-method signature="loginAndHomeTests()[pri:0, instance:SauceDemoTests.HomePageTest@2794eab6]" started-at="2025-11-28T15:42:13 EET" name="loginAndHomeTests" finished-at="2025-11-28T15:42:14 EET" duration-ms="1812" status="PASS">
          <reporter-output>
          </reporter-output>
        </test-method> <!-- loginAndHomeTests -->
        <test-method is-config="true" signature="tearDown()[pri:0, instance:SauceDemoTests.HomePageTest@2794eab6]" started-at="2025-11-28T15:42:14 EET" name="tearDown" finished-at="2025-11-28T15:42:15 EET" duration-ms="173" status="PASS">
          <reporter-output>
          </reporter-output>
        </test-method> <!-- tearDown -->
      </class> <!-- SauceDemoTests.HomePageTest -->
      <class name="SauceDemoTests.CheckoutPageTests">
        <test-method is-config="true" signature="setUp()[pri:0, instance:SauceDemoTests.CheckoutPageTests@41a0aa7d]" started-at="2025-11-28T15:41:57 EET" name="setUp" finished-at="2025-11-28T15:42:00 EET" duration-ms="3262" status="PASS">
          <reporter-output>
          </reporter-output>
        </test-method> <!-- setUp -->
        <test-method signature="Checkout_TC1_proceedToFinishOrder_withValidData()[pri:1, instance:SauceDemoTests.CheckoutPageTests@41a0aa7d]" started-at="2025-11-28T15:42:00 EET" name="Checkout_TC1_proceedToFinishOrder_withValidData" finished-at="2025-11-28T15:42:01 EET" duration-ms="1455" status="PASS">
          <reporter-output>
          </reporter-output>
        </test-method> <!-- Checkout_TC1_proceedToFinishOrder_withValidData -->
        <test-method is-config="true" signature="tearDown()[pri:0, instance:SauceDemoTests.CheckoutPageTests@41a0aa7d]" started-at="2025-11-28T15:42:01 EET" name="tearDown" finished-at="2025-11-28T15:42:02 EET" duration-ms="202" status="PASS">
          <reporter-output>
          </reporter-output>
        </test-method> <!-- tearDown -->
        <test-method is-config="true" signature="setUp()[pri:0, instance:SauceDemoTests.CheckoutPageTests@41a0aa7d]" started-at="2025-11-28T15:42:02 EET" name="setUp" finished-at="2025-11-28T15:42:05 EET" duration-ms="3330" status="PASS">
          <reporter-output>
          </reporter-output>
        </test-method> <!-- setUp -->
        <test-method signature="Checkout_TC2_FirstNameEmpty()[pri:2, instance:SauceDemoTests.CheckoutPageTests@41a0aa7d]" started-at="2025-11-28T15:42:05 EET" name="Checkout_TC2_FirstNameEmpty" finished-at="2025-11-28T15:42:06 EET" duration-ms="1470" status="PASS">
          <reporter-output>
          </reporter-output>
        </test-method> <!-- Checkout_TC2_FirstNameEmpty -->
        <test-method is-config="true" signature="tearDown()[pri:0, instance:SauceDemoTests.CheckoutPageTests@41a0aa7d]" started-at="2025-11-28T15:42:06 EET" name="tearDown" finished-at="2025-11-28T15:42:07 EET" duration-ms="180" status="PASS">
          <reporter-output>
          </reporter-output>
        </test-method> <!-- tearDown -->
        <test-method is-config="true" signature="setUp()[pri:0, instance:SauceDemoTests.CheckoutPageTests@41a0aa7d]" started-at="2025-11-28T15:42:07 EET" name="setUp" finished-at="2025-11-28T15:42:10 EET" duration-ms="3287" status="PASS">
          <reporter-output>
          </reporter-output>
        </test-method> <!-- setUp -->
        <test-method signature="Checkout_TC3_ZipCodeEmpty()[pri:3, instance:SauceDemoTests.CheckoutPageTests@41a0aa7d]" started-at="2025-11-28T15:42:10 EET" name="Checkout_TC3_ZipCodeEmpty" finished-at="2025-11-28T15:42:11 EET" duration-ms="1451" status="PASS">
          <reporter-output>
          </reporter-output>
        </test-method> <!-- Checkout_TC3_ZipCodeEmpty -->
        <test-method is-config="true" signature="tearDown()[pri:0, instance:SauceDemoTests.CheckoutPageTests@41a0aa7d]" started-at="2025-11-28T15:42:12 EET" name="tearDown" finished-at="2025-11-28T15:42:12 EET" duration-ms="210" status="PASS">
          <reporter-output>
          </reporter-output>
        </test-method> <!-- tearDown -->
      </class> <!-- SauceDemoTests.CheckoutPageTests -->
      <class name="SauceDemoTests.CheckoutConfirmationPageTests">
        <test-method is-config="true" signature="setUp()[pri:0, instance:SauceDemoTests.CheckoutConfirmationPageTests@e350b40]" started-at="2025-11-28T15:41:41 EET" name="setUp" finished-at="2025-11-28T15:41:44 EET" duration-ms="2442" status="PASS">
          <reporter-output>
          </reporter-output>
        </test-method> <!-- setUp -->
        <test-method signature="Confirmation_TC1_finishOrderWithItems()[pri:1, instance:SauceDemoTests.CheckoutConfirmationPageTests@e350b40]" started-at="2025-11-28T15:41:44 EET" name="Confirmation_TC1_finishOrderWithItems" finished-at="2025-11-28T15:41:46 EET" duration-ms="2550" status="PASS">
          <reporter-output>
          </reporter-output>
        </test-method> <!-- Confirmation_TC1_finishOrderWithItems -->
        <test-method is-config="true" signature="tearDown()[pri:0, instance:SauceDemoTests.CheckoutConfirmationPageTests@e350b40]" started-at="2025-11-28T15:41:46 EET" name="tearDown" finished-at="2025-11-28T15:41:47 EET" duration-ms="187" status="PASS">
          <reporter-output>
          </reporter-output>
        </test-method> <!-- tearDown -->
        <test-method is-config="true" signature="setUp()[pri:0, instance:SauceDemoTests.CheckoutConfirmationPageTests@e350b40]" started-at="2025-11-28T15:41:47 EET" name="setUp" finished-at="2025-11-28T15:41:49 EET" duration-ms="2620" status="PASS">
          <reporter-output>
          </reporter-output>
        </test-method> <!-- setUp -->
        <test-method signature="Confirmation_TC2_finishEmptyCartOrder()[pri:2, instance:SauceDemoTests.CheckoutConfirmationPageTests@e350b40]" started-at="2025-11-28T15:41:49 EET" name="Confirmation_TC2_finishEmptyCartOrder" finished-at="2025-11-28T15:41:51 EET" duration-ms="2226" status="FAIL">
          <exception class="java.lang.AssertionError">
            <message>
              <![CDATA[User wrongly navigated to finish order page with empty cart! did not expect [https://www.saucedemo.com/checkout-complete.html] but found [https://www.saucedemo.com/checkout-complete.html]]]>
            </message>
            <full-stacktrace>
              <![CDATA[java.lang.AssertionError: User wrongly navigated to finish order page with empty cart! did not expect [https://www.saucedemo.com/checkout-complete.html] but found [https://www.saucedemo.com/checkout-complete.html]
at org.testng.Assert.fail(Assert.java:111)
at org.testng.Assert.failEquals(Assert.java:1594)
at org.testng.Assert.assertNotEqualsImpl(Assert.java:157)
at org.testng.Assert.assertNotEquals(Assert.java:2217)
at SauceDemoTests.CheckoutConfirmationPageTests.Confirmation_TC2_finishEmptyCartOrder(CheckoutConfirmationPageTests.java:97)
at java.base/jdk.internal.reflect.DirectMethodHandleAccessor.invoke(DirectMethodHandleAccessor.java:103)
at java.base/java.lang.reflect.Method.invoke(Method.java:580)
at org.testng.internal.invokers.MethodInvocationHelper.invokeMethod(MethodInvocationHelper.java:141)
at org.testng.internal.invokers.TestInvoker.invokeMethod(TestInvoker.java:687)
at org.testng.internal.invokers.TestInvoker.invokeTestMethod(TestInvoker.java:230)
at org.testng.internal.invokers.MethodRunner.runInSequence(MethodRunner.java:63)
at org.testng.internal.invokers.TestInvoker$MethodInvocationAgent.invoke(TestInvoker.java:995)
at org.testng.internal.invokers.TestInvoker.invokeTestMethods(TestInvoker.java:203)
at org.testng.internal.invokers.TestMethodWorker.invokeTestMethods(TestMethodWorker.java:154)
at org.testng.internal.invokers.TestMethodWorker.run(TestMethodWorker.java:134)
at java.base/java.util.ArrayList.forEach(ArrayList.java:1596)
at org.testng.TestRunner.privateRun(TestRunner.java:741)
at org.testng.TestRunner.run(TestRunner.java:616)
at org.testng.SuiteRunner.runTest(SuiteRunner.java:421)
at org.testng.SuiteRunner.runSequentially(SuiteRunner.java:413)
at org.testng.SuiteRunner.privateRun(SuiteRunner.java:373)
at org.testng.SuiteRunner.run(SuiteRunner.java:312)
at org.testng.SuiteRunnerWorker.runSuite(SuiteRunnerWorker.java:52)
at org.testng.SuiteRunnerWorker.run(SuiteRunnerWorker.java:95)
at org.testng.TestNG.runSuitesSequentially(TestNG.java:1274)
at org.testng.TestNG.runSuitesLocally(TestNG.java:1208)
at org.testng.TestNG.runSuites(TestNG.java:1112)
at org.testng.TestNG.run(TestNG.java:1079)
at org.apache.maven.surefire.testng.TestNGExecutor.run(TestNGExecutor.java:155)
at org.apache.maven.surefire.testng.TestNGDirectoryTestSuite.executeMulti(TestNGDirectoryTestSuite.java:169)
at org.apache.maven.surefire.testng.TestNGDirectoryTestSuite.execute(TestNGDirectoryTestSuite.java:88)
at org.apache.maven.surefire.testng.TestNGProvider.invoke(TestNGProvider.java:137)
at org.apache.maven.surefire.booter.ForkedBooter.runSuitesInProcess(ForkedBooter.java:385)
at org.apache.maven.surefire.booter.ForkedBooter.execute(ForkedBooter.java:162)
at org.apache.maven.surefire.booter.ForkedBooter.run(ForkedBooter.java:507)
at org.apache.maven.surefire.booter.ForkedBooter.main(ForkedBooter.java:495)
]]>
            </full-stacktrace>
          </exception> <!-- java.lang.AssertionError -->
          <reporter-output>
          </reporter-output>
        </test-method> <!-- Confirmation_TC2_finishEmptyCartOrder -->
        <test-method is-config="true" signature="tearDown()[pri:0, instance:SauceDemoTests.CheckoutConfirmationPageTests@e350b40]" started-at="2025-11-28T15:41:51 EET" name="tearDown" finished-at="2025-11-28T15:41:52 EET" duration-ms="188" status="PASS">
          <reporter-output>
          </reporter-output>
        </test-method> <!-- tearDown -->
        <test-method is-config="true" signature="setUp()[pri:0, instance:SauceDemoTests.CheckoutConfirmationPageTests@e350b40]" started-at="2025-11-28T15:41:52 EET" name="setUp" finished-at="2025-11-28T15:41:54 EET" duration-ms="2566" status="PASS">
          <reporter-output>
          </reporter-output>
        </test-method> <!-- setUp -->
        <test-method signature="Confirmation_TC3_backToHomeAfterCompletion()[pri:3, instance:SauceDemoTests.CheckoutConfirmationPageTests@e350b40]" started-at="2025-11-28T15:41:54 EET" name="Confirmation_TC3_backToHomeAfterCompletion" finished-at="2025-11-28T15:41:57 EET" duration-ms="2356" status="PASS">
          <reporter-output>
          </reporter-output>
        </test-method> <!-- Confirmation_TC3_backToHomeAfterCompletion -->
        <test-method is-config="true" signature="tearDown()[pri:0, instance:SauceDemoTests.CheckoutConfirmationPageTests@e350b40]" started-at="2025-11-28T15:41:57 EET" name="tearDown" finished-at="2025-11-28T15:41:57 EET" duration-ms="185" status="PASS">
          <reporter-output>
          </reporter-output>
        </test-method> <!-- tearDown -->
      </class> <!-- SauceDemoTests.CheckoutConfirmationPageTests -->
      <class name="SauceDemoTests.CartPageTests">
        <test-method is-config="true" signature="setUp()[pri:0, instance:SauceDemoTests.CartPageTests@f09733f]" started-at="2025-11-28T15:41:26 EET" name="setUp" finished-at="2025-11-28T15:41:30 EET" duration-ms="3191" status="PASS">
          <reporter-output>
          </reporter-output>
        </test-method> <!-- setUp -->
        <test-method signature="Cart_Tc1_openCartAfterAddingItems()[pri:1, instance:SauceDemoTests.CartPageTests@f09733f]" started-at="2025-11-28T15:41:30 EET" name="Cart_Tc1_openCartAfterAddingItems" finished-at="2025-11-28T15:41:30 EET" duration-ms="775" status="PASS">
          <reporter-output>
          </reporter-output>
        </test-method> <!-- Cart_Tc1_openCartAfterAddingItems -->
        <test-method is-config="true" signature="tearDown()[pri:0, instance:SauceDemoTests.CartPageTests@f09733f]" started-at="2025-11-28T15:41:30 EET" name="tearDown" finished-at="2025-11-28T15:41:31 EET" duration-ms="207" status="PASS">
          <reporter-output>
          </reporter-output>
        </test-method> <!-- tearDown -->
        <test-method is-config="true" signature="setUp()[pri:0, instance:SauceDemoTests.CartPageTests@f09733f]" started-at="2025-11-28T15:41:31 EET" name="setUp" finished-at="2025-11-28T15:41:33 EET" duration-ms="2537" status="PASS">
          <reporter-output>
          </reporter-output>
        </test-method> <!-- setUp -->
        <test-method signature="Cart_Tc2_removeItemFromCart()[pri:2, instance:SauceDemoTests.CartPageTests@f09733f]" started-at="2025-11-28T15:41:33 EET" name="Cart_Tc2_removeItemFromCart" finished-at="2025-11-28T15:41:34 EET" duration-ms="769" status="PASS">
          <reporter-output>
          </reporter-output>
        </test-method> <!-- Cart_Tc2_removeItemFromCart -->
        <test-method is-config="true" signature="tearDown()[pri:0, instance:SauceDemoTests.CartPageTests@f09733f]" started-at="2025-11-28T15:41:34 EET" name="tearDown" finished-at="2025-11-28T15:41:34 EET" duration-ms="201" status="PASS">
          <reporter-output>
          </reporter-output>
        </test-method> <!-- tearDown -->
        <test-method is-config="true" signature="setUp()[pri:0, instance:SauceDemoTests.CartPageTests@f09733f]" started-at="2025-11-28T15:41:34 EET" name="setUp" finished-at="2025-11-28T15:41:37 EET" duration-ms="2683" status="PASS">
          <reporter-output>
          </reporter-output>
        </test-method> <!-- setUp -->
        <test-method signature="Cart_Tc3_checkoutWithOneItem()[pri:3, instance:SauceDemoTests.CartPageTests@f09733f]" started-at="2025-11-28T15:41:37 EET" name="Cart_Tc3_checkoutWithOneItem" finished-at="2025-11-28T15:41:38 EET" duration-ms="773" status="PASS">
          <reporter-output>
          </reporter-output>
        </test-method> <!-- Cart_Tc3_checkoutWithOneItem -->
        <test-method is-config="true" signature="tearDown()[pri:0, instance:SauceDemoTests.CartPageTests@f09733f]" started-at="2025-11-28T15:41:38 EET" name="tearDown" finished-at="2025-11-28T15:41:38 EET" duration-ms="236" status="PASS">
          <reporter-output>
          </reporter-output>
        </test-method> <!-- tearDown -->
        <test-method is-config="true" signature="setUp()[pri:0, instance:SauceDemoTests.CartPageTests@f09733f]" started-at="2025-11-28T15:41:38 EET" name="setUp" finished-at="2025-11-28T15:41:40 EET" duration-ms="2513" status="PASS">
          <reporter-output>
          </reporter-output>
        </test-method> <!-- setUp -->
        <test-method signature="Cart_Tc4_checkoutWithMultipleItems()[pri:4, instance:SauceDemoTests.CartPageTests@f09733f]" started-at="2025-11-28T15:41:40 EET" name="Cart_Tc4_checkoutWithMultipleItems" finished-at="2025-11-28T15:41:41 EET" duration-ms="880" status="PASS">
          <reporter-output>
          </reporter-output>
        </test-method> <!-- Cart_Tc4_checkoutWithMultipleItems -->
        <test-method is-config="true" signature="tearDown()[pri:0, instance:SauceDemoTests.CartPageTests@f09733f]" started-at="2025-11-28T15:41:41 EET" name="tearDown" finished-at="2025-11-28T15:41:41 EET" duration-ms="198" status="PASS">
          <reporter-output>
          </reporter-output>
        </test-method> <!-- tearDown -->
      </class> <!-- SauceDemoTests.CartPageTests -->
    </test> <!-- Surefire test -->
  </suite> <!-- Surefire suite -->
</testng-results>
