<?xml version="1.0" encoding="UTF-8"?>
<testng-results ignored="0" total="27" passed="26" failed="1" skipped="0">
  <reporter-output>
  </reporter-output>
  <suite started-at="2025-11-29T16:46:54 EET" name="Surefire suite" finished-at="2025-11-29T16:49:44 EET" duration-ms="169933">
    <groups>
    </groups>
    <test started-at="2025-11-29T16:46:54 EET" name="Surefire test" finished-at="2025-11-29T16:49:44 EET" duration-ms="169933">
      <class name="SauceDemoTests.LoginPageTests">
        <test-method is-config="true" signature="setUp()[pri:0, instance:SauceDemoTests.LoginPageTests@3bf9ce3e]" started-at="2025-11-29T16:48:33 EET" name="setUp" finished-at="2025-11-29T16:48:34 EET" duration-ms="1028" status="PASS">
          <reporter-output>
          </reporter-output>
        </test-method> <!-- setUp -->
        <test-method signature="testValidLogin(java.lang.String,java.lang.String)[pri:1, instance:SauceDemoTests.LoginPageTests@3bf9ce3e]" started-at="2025-11-29T16:48:34 EET" name="testValidLogin" data-provider="validLoginData" finished-at="2025-11-29T16:48:37 EET" duration-ms="3127" status="PASS">
          <params>
            <param index="0">
              <value>
                <![CDATA[standard_user]]>
              </value>
            </param>
            <param index="1">
              <value>
                <![CDATA[secret_sauce]]>
              </value>
            </param>
          </params>
          <reporter-output>
          </reporter-output>
        </test-method> <!-- testValidLogin -->
        <test-method is-config="true" signature="tearDown()[pri:0, instance:SauceDemoTests.LoginPageTests@3bf9ce3e]" started-at="2025-11-29T16:48:37 EET" name="tearDown" finished-at="2025-11-29T16:48:37 EET" duration-ms="240" status="PASS">
          <reporter-output>
          </reporter-output>
        </test-method> <!-- tearDown -->
        <test-method is-config="true" signature="setUp()[pri:0, instance:SauceDemoTests.LoginPageTests@3bf9ce3e]" started-at="2025-11-29T16:48:37 EET" name="setUp" finished-at="2025-11-29T16:48:38 EET" duration-ms="1028" status="PASS">
          <reporter-output>
          </reporter-output>
        </test-method> <!-- setUp -->
        <test-method signature="testValidLogin(java.lang.String,java.lang.String)[pri:1, instance:SauceDemoTests.LoginPageTests@3bf9ce3e]" started-at="2025-11-29T16:48:38 EET" name="testValidLogin" data-provider="validLoginData" finished-at="2025-11-29T16:48:41 EET" duration-ms="3126" status="PASS">
          <params>
            <param index="0">
              <value>
                <![CDATA[problem_user]]>
              </value>
            </param>
            <param index="1">
              <value>
                <![CDATA[secret_sauce]]>
              </value>
            </param>
          </params>
          <reporter-output>
          </reporter-output>
        </test-method> <!-- testValidLogin -->
        <test-method is-config="true" signature="tearDown()[pri:0, instance:SauceDemoTests.LoginPageTests@3bf9ce3e]" started-at="2025-11-29T16:48:41 EET" name="tearDown" finished-at="2025-11-29T16:48:42 EET" duration-ms="251" status="PASS">
          <reporter-output>
          </reporter-output>
        </test-method> <!-- tearDown -->
        <test-method is-config="true" signature="setUp()[pri:0, instance:SauceDemoTests.LoginPageTests@3bf9ce3e]" started-at="2025-11-29T16:48:42 EET" name="setUp" finished-at="2025-11-29T16:48:43 EET" duration-ms="1055" status="PASS">
          <reporter-output>
          </reporter-output>
        </test-method> <!-- setUp -->
        <test-method signature="testValidLogin(java.lang.String,java.lang.String)[pri:1, instance:SauceDemoTests.LoginPageTests@3bf9ce3e]" started-at="2025-11-29T16:48:43 EET" name="testValidLogin" data-provider="validLoginData" finished-at="2025-11-29T16:48:51 EET" duration-ms="8134" status="PASS">
          <params>
            <param index="0">
              <value>
                <![CDATA[performance_glitch_user]]>
              </value>
            </param>
            <param index="1">
              <value>
                <![CDATA[secret_sauce]]>
              </value>
            </param>
          </params>
          <reporter-output>
          </reporter-output>
        </test-method> <!-- testValidLogin -->
        <test-method is-config="true" signature="tearDown()[pri:0, instance:SauceDemoTests.LoginPageTests@3bf9ce3e]" started-at="2025-11-29T16:48:51 EET" name="tearDown" finished-at="2025-11-29T16:48:51 EET" duration-ms="282" status="PASS">
          <reporter-output>
          </reporter-output>
        </test-method> <!-- tearDown -->
        <test-method is-config="true" signature="setUp()[pri:0, instance:SauceDemoTests.LoginPageTests@3bf9ce3e]" started-at="2025-11-29T16:48:51 EET" name="setUp" finished-at="2025-11-29T16:48:52 EET" duration-ms="1031" status="PASS">
          <reporter-output>
          </reporter-output>
        </test-method> <!-- setUp -->
        <test-method signature="testSuccessfulLoginVerifyProductsPage(java.lang.String,java.lang.String)[pri:2, instance:SauceDemoTests.LoginPageTests@3bf9ce3e]" started-at="2025-11-29T16:48:52 EET" name="testSuccessfulLoginVerifyProductsPage" data-provider="validLoginData" finished-at="2025-11-29T16:48:56 EET" duration-ms="3584" status="PASS">
          <params>
            <param index="0">
              <value>
                <![CDATA[standard_user]]>
              </value>
            </param>
            <param index="1">
              <value>
                <![CDATA[secret_sauce]]>
              </value>
            </param>
          </params>
          <reporter-output>
          </reporter-output>
        </test-method> <!-- testSuccessfulLoginVerifyProductsPage -->
        <test-method is-config="true" signature="tearDown()[pri:0, instance:SauceDemoTests.LoginPageTests@3bf9ce3e]" started-at="2025-11-29T16:48:56 EET" name="tearDown" finished-at="2025-11-29T16:48:56 EET" duration-ms="250" status="PASS">
          <reporter-output>
          </reporter-output>
        </test-method> <!-- tearDown -->
        <test-method is-config="true" signature="setUp()[pri:0, instance:SauceDemoTests.LoginPageTests@3bf9ce3e]" started-at="2025-11-29T16:48:56 EET" name="setUp" finished-at="2025-11-29T16:48:57 EET" duration-ms="1062" status="PASS">
          <reporter-output>
          </reporter-output>
        </test-method> <!-- setUp -->
        <test-method signature="testSuccessfulLoginVerifyProductsPage(java.lang.String,java.lang.String)[pri:2, instance:SauceDemoTests.LoginPageTests@3bf9ce3e]" started-at="2025-11-29T16:48:57 EET" name="testSuccessfulLoginVerifyProductsPage" data-provider="validLoginData" finished-at="2025-11-29T16:49:00 EET" duration-ms="3161" status="PASS">
          <params>
            <param index="0">
              <value>
                <![CDATA[problem_user]]>
              </value>
            </param>
            <param index="1">
              <value>
                <![CDATA[secret_sauce]]>
              </value>
            </param>
          </params>
          <reporter-output>
          </reporter-output>
        </test-method> <!-- testSuccessfulLoginVerifyProductsPage -->
        <test-method is-config="true" signature="tearDown()[pri:0, instance:SauceDemoTests.LoginPageTests@3bf9ce3e]" started-at="2025-11-29T16:49:00 EET" name="tearDown" finished-at="2025-11-29T16:49:00 EET" duration-ms="247" status="PASS">
          <reporter-output>
          </reporter-output>
        </test-method> <!-- tearDown -->
        <test-method is-config="true" signature="setUp()[pri:0, instance:SauceDemoTests.LoginPageTests@3bf9ce3e]" started-at="2025-11-29T16:49:00 EET" name="setUp" finished-at="2025-11-29T16:49:01 EET" duration-ms="1116" status="PASS">
          <reporter-output>
          </reporter-output>
        </test-method> <!-- setUp -->
        <test-method signature="testSuccessfulLoginVerifyProductsPage(java.lang.String,java.lang.String)[pri:2, instance:SauceDemoTests.LoginPageTests@3bf9ce3e]" started-at="2025-11-29T16:49:01 EET" name="testSuccessfulLoginVerifyProductsPage" data-provider="validLoginData" finished-at="2025-11-29T16:49:10 EET" duration-ms="8324" status="PASS">
          <params>
            <param index="0">
              <value>
                <![CDATA[performance_glitch_user]]>
              </value>
            </param>
            <param index="1">
              <value>
                <![CDATA[secret_sauce]]>
              </value>
            </param>
          </params>
          <reporter-output>
          </reporter-output>
        </test-method> <!-- testSuccessfulLoginVerifyProductsPage -->
        <test-method is-config="true" signature="tearDown()[pri:0, instance:SauceDemoTests.LoginPageTests@3bf9ce3e]" started-at="2025-11-29T16:49:10 EET" name="tearDown" finished-at="2025-11-29T16:49:10 EET" duration-ms="274" status="PASS">
          <reporter-output>
          </reporter-output>
        </test-method> <!-- tearDown -->
        <test-method is-config="true" signature="setUp()[pri:0, instance:SauceDemoTests.LoginPageTests@3bf9ce3e]" started-at="2025-11-29T16:49:10 EET" name="setUp" finished-at="2025-11-29T16:49:11 EET" duration-ms="1024" status="PASS">
          <reporter-output>
          </reporter-output>
        </test-method> <!-- setUp -->
        <test-method signature="testInvalidLogin(java.lang.String,java.lang.String)[pri:3, instance:SauceDemoTests.LoginPageTests@3bf9ce3e]" started-at="2025-11-29T16:49:11 EET" name="testInvalidLogin" data-provider="invalidLoginData" finished-at="2025-11-29T16:49:15 EET" duration-ms="3527" status="PASS">
          <params>
            <param index="0">
              <value>
                <![CDATA[invalid_user]]>
              </value>
            </param>
            <param index="1">
              <value>
                <![CDATA[secret_sauce]]>
              </value>
            </param>
          </params>
          <reporter-output>
          </reporter-output>
        </test-method> <!-- testInvalidLogin -->
        <test-method is-config="true" signature="tearDown()[pri:0, instance:SauceDemoTests.LoginPageTests@3bf9ce3e]" started-at="2025-11-29T16:49:15 EET" name="tearDown" finished-at="2025-11-29T16:49:15 EET" duration-ms="243" status="PASS">
          <reporter-output>
          </reporter-output>
        </test-method> <!-- tearDown -->
        <test-method is-config="true" signature="setUp()[pri:0, instance:SauceDemoTests.LoginPageTests@3bf9ce3e]" started-at="2025-11-29T16:49:15 EET" name="setUp" finished-at="2025-11-29T16:49:16 EET" duration-ms="1064" status="PASS">
          <reporter-output>
          </reporter-output>
        </test-method> <!-- setUp -->
        <test-method signature="testInvalidLogin(java.lang.String,java.lang.String)[pri:3, instance:SauceDemoTests.LoginPageTests@3bf9ce3e]" started-at="2025-11-29T16:49:16 EET" name="testInvalidLogin" data-provider="invalidLoginData" finished-at="2025-11-29T16:49:20 EET" duration-ms="3641" status="PASS">
          <params>
            <param index="0">
              <value>
                <![CDATA[wrong_user]]>
              </value>
            </param>
            <param index="1">
              <value>
                <![CDATA[wrong_password]]>
              </value>
            </param>
          </params>
          <reporter-output>
          </reporter-output>
        </test-method> <!-- testInvalidLogin -->
        <test-method is-config="true" signature="tearDown()[pri:0, instance:SauceDemoTests.LoginPageTests@3bf9ce3e]" started-at="2025-11-29T16:49:20 EET" name="tearDown" finished-at="2025-11-29T16:49:20 EET" duration-ms="202" status="PASS">
          <reporter-output>
          </reporter-output>
        </test-method> <!-- tearDown -->
        <test-method is-config="true" signature="setUp()[pri:0, instance:SauceDemoTests.LoginPageTests@3bf9ce3e]" started-at="2025-11-29T16:49:20 EET" name="setUp" finished-at="2025-11-29T16:49:21 EET" duration-ms="1027" status="PASS">
          <reporter-output>
          </reporter-output>
        </test-method> <!-- setUp -->
        <test-method signature="testInvalidLogin(java.lang.String,java.lang.String)[pri:3, instance:SauceDemoTests.LoginPageTests@3bf9ce3e]" started-at="2025-11-29T16:49:21 EET" name="testInvalidLogin" data-provider="invalidLoginData" finished-at="2025-11-29T16:49:24 EET" duration-ms="3529" status="PASS">
          <params>
            <param index="0">
              <value>
                <![CDATA[fake_user]]>
              </value>
            </param>
            <param index="1">
              <value>
                <![CDATA[fake_pass]]>
              </value>
            </param>
          </params>
          <reporter-output>
          </reporter-output>
        </test-method> <!-- testInvalidLogin -->
        <test-method is-config="true" signature="tearDown()[pri:0, instance:SauceDemoTests.LoginPageTests@3bf9ce3e]" started-at="2025-11-29T16:49:24 EET" name="tearDown" finished-at="2025-11-29T16:49:25 EET" duration-ms="261" status="PASS">
          <reporter-output>
          </reporter-output>
        </test-method> <!-- tearDown -->
        <test-method is-config="true" signature="setUp()[pri:0, instance:SauceDemoTests.LoginPageTests@3bf9ce3e]" started-at="2025-11-29T16:49:25 EET" name="setUp" finished-at="2025-11-29T16:49:26 EET" duration-ms="1099" status="PASS">
          <reporter-output>
          </reporter-output>
        </test-method> <!-- setUp -->
        <test-method signature="testEmptyFields(java.lang.String,java.lang.String)[pri:4, instance:SauceDemoTests.LoginPageTests@3bf9ce3e]" started-at="2025-11-29T16:49:26 EET" name="testEmptyFields" data-provider="emptyFieldsData" finished-at="2025-11-29T16:49:29 EET" duration-ms="3671" status="PASS">
          <params>
            <param index="0">
              <value>
                <![CDATA[]]>
              </value>
            </param>
            <param index="1">
              <value>
                <![CDATA[secret_sauce]]>
              </value>
            </param>
          </params>
          <reporter-output>
          </reporter-output>
        </test-method> <!-- testEmptyFields -->
        <test-method is-config="true" signature="tearDown()[pri:0, instance:SauceDemoTests.LoginPageTests@3bf9ce3e]" started-at="2025-11-29T16:49:29 EET" name="tearDown" finished-at="2025-11-29T16:49:30 EET" duration-ms="262" status="PASS">
          <reporter-output>
          </reporter-output>
        </test-method> <!-- tearDown -->
        <test-method is-config="true" signature="setUp()[pri:0, instance:SauceDemoTests.LoginPageTests@3bf9ce3e]" started-at="2025-11-29T16:49:30 EET" name="setUp" finished-at="2025-11-29T16:49:31 EET" duration-ms="1002" status="PASS">
          <reporter-output>
          </reporter-output>
        </test-method> <!-- setUp -->
        <test-method signature="testEmptyFields(java.lang.String,java.lang.String)[pri:4, instance:SauceDemoTests.LoginPageTests@3bf9ce3e]" started-at="2025-11-29T16:49:31 EET" name="testEmptyFields" data-provider="emptyFieldsData" finished-at="2025-11-29T16:49:34 EET" duration-ms="3580" status="PASS">
          <params>
            <param index="0">
              <value>
                <![CDATA[standard_user]]>
              </value>
            </param>
            <param index="1">
              <value>
                <![CDATA[]]>
              </value>
            </param>
          </params>
          <reporter-output>
          </reporter-output>
        </test-method> <!-- testEmptyFields -->
        <test-method is-config="true" signature="tearDown()[pri:0, instance:SauceDemoTests.LoginPageTests@3bf9ce3e]" started-at="2025-11-29T16:49:34 EET" name="tearDown" finished-at="2025-11-29T16:49:34 EET" duration-ms="239" status="PASS">
          <reporter-output>
          </reporter-output>
        </test-method> <!-- tearDown -->
        <test-method is-config="true" signature="setUp()[pri:0, instance:SauceDemoTests.LoginPageTests@3bf9ce3e]" started-at="2025-11-29T16:49:34 EET" name="setUp" finished-at="2025-11-29T16:49:36 EET" duration-ms="1114" status="PASS">
          <reporter-output>
          </reporter-output>
        </test-method> <!-- setUp -->
        <test-method signature="testEmptyFields(java.lang.String,java.lang.String)[pri:4, instance:SauceDemoTests.LoginPageTests@3bf9ce3e]" started-at="2025-11-29T16:49:36 EET" name="testEmptyFields" data-provider="emptyFieldsData" finished-at="2025-11-29T16:49:39 EET" duration-ms="3461" status="PASS">
          <params>
            <param index="0">
              <value>
                <![CDATA[]]>
              </value>
            </param>
            <param index="1">
              <value>
                <![CDATA[]]>
              </value>
            </param>
          </params>
          <reporter-output>
          </reporter-output>
        </test-method> <!-- testEmptyFields -->
        <test-method is-config="true" signature="tearDown()[pri:0, instance:SauceDemoTests.LoginPageTests@3bf9ce3e]" started-at="2025-11-29T16:49:39 EET" name="tearDown" finished-at="2025-11-29T16:49:39 EET" duration-ms="232" status="PASS">
          <reporter-output>
          </reporter-output>
        </test-method> <!-- tearDown -->
        <test-method is-config="true" signature="setUp()[pri:0, instance:SauceDemoTests.LoginPageTests@3bf9ce3e]" started-at="2025-11-29T16:49:39 EET" name="setUp" finished-at="2025-11-29T16:49:40 EET" duration-ms="1063" status="PASS">
          <reporter-output>
          </reporter-output>
        </test-method> <!-- setUp -->
        <test-method signature="testLockedOutUser(java.lang.String,java.lang.String)[pri:5, instance:SauceDemoTests.LoginPageTests@3bf9ce3e]" started-at="2025-11-29T16:49:40 EET" name="testLockedOutUser" data-provider="lockedUserData" finished-at="2025-11-29T16:49:44 EET" duration-ms="3544" status="PASS">
          <params>
            <param index="0">
              <value>
                <![CDATA[locked_out_user]]>
              </value>
            </param>
            <param index="1">
              <value>
                <![CDATA[secret_sauce]]>
              </value>
            </param>
          </params>
          <reporter-output>
          </reporter-output>
        </test-method> <!-- testLockedOutUser -->
        <test-method is-config="true" signature="tearDown()[pri:0, instance:SauceDemoTests.LoginPageTests@3bf9ce3e]" started-at="2025-11-29T16:49:44 EET" name="tearDown" finished-at="2025-11-29T16:49:44 EET" duration-ms="262" status="PASS">
          <reporter-output>
          </reporter-output>
        </test-method> <!-- tearDown -->
      </class> <!-- SauceDemoTests.LoginPageTests -->
      <class name="SauceDemoTests.HomePageTest">
        <test-method is-config="true" signature="setUp()[pri:0, instance:SauceDemoTests.HomePageTest@156b88f5]" started-at="2025-11-29T16:48:28 EET" name="setUp" finished-at="2025-11-29T16:48:29 EET" duration-ms="1009" status="PASS">
          <reporter-output>
          </reporter-output>
        </test-method> <!-- setUp -->
        <test-method signature="loginAndHomeTests()[pri:0, instance:SauceDemoTests.HomePageTest@156b88f5]" started-at="2025-11-29T16:48:29 EET" name="loginAndHomeTests" finished-at="2025-11-29T16:48:32 EET" duration-ms="3263" status="PASS">
          <reporter-output>
          </reporter-output>
        </test-method> <!-- loginAndHomeTests -->
        <test-method is-config="true" signature="tearDown()[pri:0, instance:SauceDemoTests.HomePageTest@156b88f5]" started-at="2025-11-29T16:48:32 EET" name="tearDown" finished-at="2025-11-29T16:48:33 EET" duration-ms="246" status="PASS">
          <reporter-output>
          </reporter-output>
        </test-method> <!-- tearDown -->
      </class> <!-- SauceDemoTests.HomePageTest -->
      <class name="SauceDemoTests.CheckoutPageTests">
        <test-method is-config="true" signature="setUp()[pri:0, instance:SauceDemoTests.CheckoutPageTests@25084a1e]" started-at="2025-11-29T16:47:45 EET" name="setUp" finished-at="2025-11-29T16:47:50 EET" duration-ms="5191" status="PASS">
          <reporter-output>
          </reporter-output>
        </test-method> <!-- setUp -->
        <test-method signature="testCheckoutWithValidData(java.lang.String,java.lang.String,java.lang.String)[pri:1, instance:SauceDemoTests.CheckoutPageTests@25084a1e]" started-at="2025-11-29T16:47:50 EET" name="testCheckoutWithValidData" data-provider="checkoutData" finished-at="2025-11-29T16:47:52 EET" duration-ms="1713" status="PASS">
          <params>
            <param index="0">
              <value>
                <![CDATA[First Name]]>
              </value>
            </param>
            <param index="1">
              <value>
                <![CDATA[Last Name]]>
              </value>
            </param>
            <param index="2">
              <value>
                <![CDATA[10000]]>
              </value>
            </param>
          </params>
          <reporter-output>
          </reporter-output>
        </test-method> <!-- testCheckoutWithValidData -->
        <test-method is-config="true" signature="tearDown()[pri:0, instance:SauceDemoTests.CheckoutPageTests@25084a1e]" started-at="2025-11-29T16:47:52 EET" name="tearDown" finished-at="2025-11-29T16:47:52 EET" duration-ms="271" status="PASS">
          <reporter-output>
          </reporter-output>
        </test-method> <!-- tearDown -->
        <test-method is-config="true" signature="setUp()[pri:0, instance:SauceDemoTests.CheckoutPageTests@25084a1e]" started-at="2025-11-29T16:47:52 EET" name="setUp" finished-at="2025-11-29T16:47:57 EET" duration-ms="5299" status="PASS">
          <reporter-output>
          </reporter-output>
        </test-method> <!-- setUp -->
        <test-method signature="testCheckoutWithValidData(java.lang.String,java.lang.String,java.lang.String)[pri:1, instance:SauceDemoTests.CheckoutPageTests@25084a1e]" started-at="2025-11-29T16:47:57 EET" name="testCheckoutWithValidData" data-provider="checkoutData" finished-at="2025-11-29T16:47:59 EET" duration-ms="1650" status="PASS">
          <params>
            <param index="0">
              <value>
                <![CDATA[Ahmed]]>
              </value>
            </param>
            <param index="1">
              <value>
                <![CDATA[Ali]]>
              </value>
            </param>
            <param index="2">
              <value>
                <![CDATA[12345]]>
              </value>
            </param>
          </params>
          <reporter-output>
          </reporter-output>
        </test-method> <!-- testCheckoutWithValidData -->
        <test-method is-config="true" signature="tearDown()[pri:0, instance:SauceDemoTests.CheckoutPageTests@25084a1e]" started-at="2025-11-29T16:47:59 EET" name="tearDown" finished-at="2025-11-29T16:47:59 EET" duration-ms="276" status="PASS">
          <reporter-output>
          </reporter-output>
        </test-method> <!-- tearDown -->
        <test-method is-config="true" signature="setUp()[pri:0, instance:SauceDemoTests.CheckoutPageTests@25084a1e]" started-at="2025-11-29T16:47:59 EET" name="setUp" finished-at="2025-11-29T16:48:05 EET" duration-ms="5201" status="PASS">
          <reporter-output>
          </reporter-output>
        </test-method> <!-- setUp -->
        <test-method signature="testCheckoutWithValidData(java.lang.String,java.lang.String,java.lang.String)[pri:1, instance:SauceDemoTests.CheckoutPageTests@25084a1e]" started-at="2025-11-29T16:48:05 EET" name="testCheckoutWithValidData" data-provider="checkoutData" finished-at="2025-11-29T16:48:06 EET" duration-ms="1692" status="PASS">
          <params>
            <param index="0">
              <value>
                <![CDATA[John]]>
              </value>
            </param>
            <param index="1">
              <value>
                <![CDATA[Doe]]>
              </value>
            </param>
            <param index="2">
              <value>
                <![CDATA[99999]]>
              </value>
            </param>
          </params>
          <reporter-output>
          </reporter-output>
        </test-method> <!-- testCheckoutWithValidData -->
        <test-method is-config="true" signature="tearDown()[pri:0, instance:SauceDemoTests.CheckoutPageTests@25084a1e]" started-at="2025-11-29T16:48:06 EET" name="tearDown" finished-at="2025-11-29T16:48:07 EET" duration-ms="280" status="PASS">
          <reporter-output>
          </reporter-output>
        </test-method> <!-- tearDown -->
        <test-method is-config="true" signature="setUp()[pri:0, instance:SauceDemoTests.CheckoutPageTests@25084a1e]" started-at="2025-11-29T16:48:07 EET" name="setUp" finished-at="2025-11-29T16:48:12 EET" duration-ms="5172" status="PASS">
          <reporter-output>
          </reporter-output>
        </test-method> <!-- setUp -->
        <test-method signature="testCheckoutWithEmptyFields(java.lang.String,java.lang.String,java.lang.String)[pri:2, instance:SauceDemoTests.CheckoutPageTests@25084a1e]" started-at="2025-11-29T16:48:12 EET" name="testCheckoutWithEmptyFields" data-provider="emptyCheckoutFieldsData" finished-at="2025-11-29T16:48:13 EET" duration-ms="1695" status="PASS">
          <params>
            <param index="0">
              <value>
                <![CDATA[]]>
              </value>
            </param>
            <param index="1">
              <value>
                <![CDATA[Last Name]]>
              </value>
            </param>
            <param index="2">
              <value>
                <![CDATA[10000]]>
              </value>
            </param>
          </params>
          <reporter-output>
          </reporter-output>
        </test-method> <!-- testCheckoutWithEmptyFields -->
        <test-method is-config="true" signature="tearDown()[pri:0, instance:SauceDemoTests.CheckoutPageTests@25084a1e]" started-at="2025-11-29T16:48:13 EET" name="tearDown" finished-at="2025-11-29T16:48:14 EET" duration-ms="256" status="PASS">
          <reporter-output>
          </reporter-output>
        </test-method> <!-- tearDown -->
        <test-method is-config="true" signature="setUp()[pri:0, instance:SauceDemoTests.CheckoutPageTests@25084a1e]" started-at="2025-11-29T16:48:14 EET" name="setUp" finished-at="2025-11-29T16:48:19 EET" duration-ms="5365" status="PASS">
          <reporter-output>
          </reporter-output>
        </test-method> <!-- setUp -->
        <test-method signature="testCheckoutWithEmptyFields(java.lang.String,java.lang.String,java.lang.String)[pri:2, instance:SauceDemoTests.CheckoutPageTests@25084a1e]" started-at="2025-11-29T16:48:19 EET" name="testCheckoutWithEmptyFields" data-provider="emptyCheckoutFieldsData" finished-at="2025-11-29T16:48:21 EET" duration-ms="1758" status="PASS">
          <params>
            <param index="0">
              <value>
                <![CDATA[First Name]]>
              </value>
            </param>
            <param index="1">
              <value>
                <![CDATA[]]>
              </value>
            </param>
            <param index="2">
              <value>
                <![CDATA[10000]]>
              </value>
            </param>
          </params>
          <reporter-output>
          </reporter-output>
        </test-method> <!-- testCheckoutWithEmptyFields -->
        <test-method is-config="true" signature="tearDown()[pri:0, instance:SauceDemoTests.CheckoutPageTests@25084a1e]" started-at="2025-11-29T16:48:21 EET" name="tearDown" finished-at="2025-11-29T16:48:21 EET" duration-ms="308" status="PASS">
          <reporter-output>
          </reporter-output>
        </test-method> <!-- tearDown -->
        <test-method is-config="true" signature="setUp()[pri:0, instance:SauceDemoTests.CheckoutPageTests@25084a1e]" started-at="2025-11-29T16:48:21 EET" name="setUp" finished-at="2025-11-29T16:48:26 EET" duration-ms="5065" status="PASS">
          <reporter-output>
          </reporter-output>
        </test-method> <!-- setUp -->
        <test-method signature="testCheckoutWithEmptyFields(java.lang.String,java.lang.String,java.lang.String)[pri:2, instance:SauceDemoTests.CheckoutPageTests@25084a1e]" started-at="2025-11-29T16:48:26 EET" name="testCheckoutWithEmptyFields" data-provider="emptyCheckoutFieldsData" finished-at="2025-11-29T16:48:28 EET" duration-ms="1727" status="PASS">
          <params>
            <param index="0">
              <value>
                <![CDATA[First Name]]>
              </value>
            </param>
            <param index="1">
              <value>
                <![CDATA[Last Name]]>
              </value>
            </param>
            <param index="2">
              <value>
                <![CDATA[]]>
              </value>
            </param>
          </params>
          <reporter-output>
          </reporter-output>
        </test-method> <!-- testCheckoutWithEmptyFields -->
        <test-method is-config="true" signature="tearDown()[pri:0, instance:SauceDemoTests.CheckoutPageTests@25084a1e]" started-at="2025-11-29T16:48:28 EET" name="tearDown" finished-at="2025-11-29T16:48:28 EET" duration-ms="283" status="PASS">
          <reporter-output>
          </reporter-output>
        </test-method> <!-- tearDown -->
      </class> <!-- SauceDemoTests.CheckoutPageTests -->
      <class name="SauceDemoTests.CheckoutConfirmationPageTests">
        <test-method is-config="true" signature="setUp()[pri:0, instance:SauceDemoTests.CheckoutConfirmationPageTests@bd4dc25]" started-at="2025-11-29T16:47:22 EET" name="setUp" finished-at="2025-11-29T16:47:27 EET" duration-ms="4610" status="PASS">
          <reporter-output>
          </reporter-output>
        </test-method> <!-- setUp -->
        <test-method signature="Confirmation_TC1_finishOrderWithItems()[pri:1, instance:SauceDemoTests.CheckoutConfirmationPageTests@bd4dc25]" started-at="2025-11-29T16:47:27 EET" name="Confirmation_TC1_finishOrderWithItems" finished-at="2025-11-29T16:47:30 EET" duration-ms="3010" status="PASS">
          <reporter-output>
          </reporter-output>
        </test-method> <!-- Confirmation_TC1_finishOrderWithItems -->
        <test-method is-config="true" signature="tearDown()[pri:0, instance:SauceDemoTests.CheckoutConfirmationPageTests@bd4dc25]" started-at="2025-11-29T16:47:30 EET" name="tearDown" finished-at="2025-11-29T16:47:30 EET" duration-ms="272" status="PASS">
          <reporter-output>
          </reporter-output>
        </test-method> <!-- tearDown -->
        <test-method is-config="true" signature="setUp()[pri:0, instance:SauceDemoTests.CheckoutConfirmationPageTests@bd4dc25]" started-at="2025-11-29T16:47:30 EET" name="setUp" finished-at="2025-11-29T16:47:35 EET" duration-ms="4381" status="PASS">
          <reporter-output>
          </reporter-output>
        </test-method> <!-- setUp -->
        <test-method signature="Confirmation_TC2_finishEmptyCartOrder()[pri:2, instance:SauceDemoTests.CheckoutConfirmationPageTests@bd4dc25]" started-at="2025-11-29T16:47:35 EET" name="Confirmation_TC2_finishEmptyCartOrder" finished-at="2025-11-29T16:47:37 EET" duration-ms="2610" status="FAIL">
          <exception class="java.lang.AssertionError">
            <message>
              <![CDATA[User wrongly navigated to finish order page with empty cart! did not expect [https://www.saucedemo.com/checkout-complete.html] but found [https://www.saucedemo.com/checkout-complete.html]]]>
            </message>
            <full-stacktrace>
              <![CDATA[java.lang.AssertionError: User wrongly navigated to finish order page with empty cart! did not expect [https://www.saucedemo.com/checkout-complete.html] but found [https://www.saucedemo.com/checkout-complete.html]
at org.testng.Assert.fail(Assert.java:111)
at org.testng.Assert.failEquals(Assert.java:1594)
at org.testng.Assert.assertNotEqualsImpl(Assert.java:157)
at org.testng.Assert.assertNotEquals(Assert.java:2217)
at SauceDemoTests.CheckoutConfirmationPageTests.Confirmation_TC2_finishEmptyCartOrder(CheckoutConfirmationPageTests.java:97)
at java.base/jdk.internal.reflect.DirectMethodHandleAccessor.invoke(DirectMethodHandleAccessor.java:104)
at java.base/java.lang.reflect.Method.invoke(Method.java:565)
at org.testng.internal.invokers.MethodInvocationHelper.invokeMethod(MethodInvocationHelper.java:141)
at org.testng.internal.invokers.TestInvoker.invokeMethod(TestInvoker.java:687)
at org.testng.internal.invokers.TestInvoker.invokeTestMethod(TestInvoker.java:230)
at org.testng.internal.invokers.MethodRunner.runInSequence(MethodRunner.java:63)
at org.testng.internal.invokers.TestInvoker$MethodInvocationAgent.invoke(TestInvoker.java:995)
at org.testng.internal.invokers.TestInvoker.invokeTestMethods(TestInvoker.java:203)
at org.testng.internal.invokers.TestMethodWorker.invokeTestMethods(TestMethodWorker.java:154)
at org.testng.internal.invokers.TestMethodWorker.run(TestMethodWorker.java:134)
at java.base/java.util.ArrayList.forEach(ArrayList.java:1604)
at org.testng.TestRunner.privateRun(TestRunner.java:741)
at org.testng.TestRunner.run(TestRunner.java:616)
at org.testng.SuiteRunner.runTest(SuiteRunner.java:421)
at org.testng.SuiteRunner.runSequentially(SuiteRunner.java:413)
at org.testng.SuiteRunner.privateRun(SuiteRunner.java:373)
at org.testng.SuiteRunner.run(SuiteRunner.java:312)
at org.testng.SuiteRunnerWorker.runSuite(SuiteRunnerWorker.java:52)
at org.testng.SuiteRunnerWorker.run(SuiteRunnerWorker.java:95)
at org.testng.TestNG.runSuitesSequentially(TestNG.java:1274)
at org.testng.TestNG.runSuitesLocally(TestNG.java:1208)
at org.testng.TestNG.runSuites(TestNG.java:1112)
at org.testng.TestNG.run(TestNG.java:1079)
at org.apache.maven.surefire.testng.TestNGExecutor.run(TestNGExecutor.java:155)
at org.apache.maven.surefire.testng.TestNGDirectoryTestSuite.executeMulti(TestNGDirectoryTestSuite.java:169)
at org.apache.maven.surefire.testng.TestNGDirectoryTestSuite.execute(TestNGDirectoryTestSuite.java:88)
at org.apache.maven.surefire.testng.TestNGProvider.invoke(TestNGProvider.java:137)
at org.apache.maven.surefire.booter.ForkedBooter.runSuitesInProcess(ForkedBooter.java:385)
at org.apache.maven.surefire.booter.ForkedBooter.execute(ForkedBooter.java:162)
at org.apache.maven.surefire.booter.ForkedBooter.run(ForkedBooter.java:507)
at org.apache.maven.surefire.booter.ForkedBooter.main(ForkedBooter.java:495)
]]>
            </full-stacktrace>
          </exception> <!-- java.lang.AssertionError -->
          <reporter-output>
          </reporter-output>
        </test-method> <!-- Confirmation_TC2_finishEmptyCartOrder -->
        <test-method is-config="true" signature="tearDown()[pri:0, instance:SauceDemoTests.CheckoutConfirmationPageTests@bd4dc25]" started-at="2025-11-29T16:47:37 EET" name="tearDown" finished-at="2025-11-29T16:47:38 EET" duration-ms="278" status="PASS">
          <reporter-output>
          </reporter-output>
        </test-method> <!-- tearDown -->
        <test-method is-config="true" signature="setUp()[pri:0, instance:SauceDemoTests.CheckoutConfirmationPageTests@bd4dc25]" started-at="2025-11-29T16:47:38 EET" name="setUp" finished-at="2025-11-29T16:47:42 EET" duration-ms="4326" status="PASS">
          <reporter-output>
          </reporter-output>
        </test-method> <!-- setUp -->
        <test-method signature="Confirmation_TC3_backToHomeAfterCompletion()[pri:3, instance:SauceDemoTests.CheckoutConfirmationPageTests@bd4dc25]" started-at="2025-11-29T16:47:42 EET" name="Confirmation_TC3_backToHomeAfterCompletion" finished-at="2025-11-29T16:47:45 EET" duration-ms="2739" status="PASS">
          <reporter-output>
          </reporter-output>
        </test-method> <!-- Confirmation_TC3_backToHomeAfterCompletion -->
        <test-method is-config="true" signature="tearDown()[pri:0, instance:SauceDemoTests.CheckoutConfirmationPageTests@bd4dc25]" started-at="2025-11-29T16:47:45 EET" name="tearDown" finished-at="2025-11-29T16:47:45 EET" duration-ms="261" status="PASS">
          <reporter-output>
          </reporter-output>
        </test-method> <!-- tearDown -->
      </class> <!-- SauceDemoTests.CheckoutConfirmationPageTests -->
      <class name="SauceDemoTests.CartPageTests">
        <test-method is-config="true" signature="setUp()[pri:0, instance:SauceDemoTests.CartPageTests@4efc180e]" started-at="2025-11-29T16:46:54 EET" name="setUp" finished-at="2025-11-29T16:47:03 EET" duration-ms="8334" status="PASS">
          <reporter-output>
          </reporter-output>
        </test-method> <!-- setUp -->
        <test-method signature="Cart_Tc1_openCartAfterAddingItems()[pri:1, instance:SauceDemoTests.CartPageTests@4efc180e]" started-at="2025-11-29T16:47:03 EET" name="Cart_Tc1_openCartAfterAddingItems" finished-at="2025-11-29T16:47:04 EET" duration-ms="964" status="PASS">
          <reporter-output>
          </reporter-output>
        </test-method> <!-- Cart_Tc1_openCartAfterAddingItems -->
        <test-method is-config="true" signature="tearDown()[pri:0, instance:SauceDemoTests.CartPageTests@4efc180e]" started-at="2025-11-29T16:47:04 EET" name="tearDown" finished-at="2025-11-29T16:47:04 EET" duration-ms="398" status="PASS">
          <reporter-output>
          </reporter-output>
        </test-method> <!-- tearDown -->
        <test-method is-config="true" signature="setUp()[pri:0, instance:SauceDemoTests.CartPageTests@4efc180e]" started-at="2025-11-29T16:47:04 EET" name="setUp" finished-at="2025-11-29T16:47:09 EET" duration-ms="5028" status="PASS">
          <reporter-output>
          </reporter-output>
        </test-method> <!-- setUp -->
        <test-method signature="Cart_Tc2_removeItemFromCart()[pri:2, instance:SauceDemoTests.CartPageTests@4efc180e]" started-at="2025-11-29T16:47:09 EET" name="Cart_Tc2_removeItemFromCart" finished-at="2025-11-29T16:47:10 EET" duration-ms="942" status="PASS">
          <reporter-output>
          </reporter-output>
        </test-method> <!-- Cart_Tc2_removeItemFromCart -->
        <test-method is-config="true" signature="tearDown()[pri:0, instance:SauceDemoTests.CartPageTests@4efc180e]" started-at="2025-11-29T16:47:10 EET" name="tearDown" finished-at="2025-11-29T16:47:11 EET" duration-ms="389" status="PASS">
          <reporter-output>
          </reporter-output>
        </test-method> <!-- tearDown -->
        <test-method is-config="true" signature="setUp()[pri:0, instance:SauceDemoTests.CartPageTests@4efc180e]" started-at="2025-11-29T16:47:11 EET" name="setUp" finished-at="2025-11-29T16:47:15 EET" duration-ms="4273" status="PASS">
          <reporter-output>
          </reporter-output>
        </test-method> <!-- setUp -->
        <test-method signature="Cart_Tc3_checkoutWithOneItem()[pri:3, instance:SauceDemoTests.CartPageTests@4efc180e]" started-at="2025-11-29T16:47:15 EET" name="Cart_Tc3_checkoutWithOneItem" finished-at="2025-11-29T16:47:16 EET" duration-ms="892" status="PASS">
          <reporter-output>
          </reporter-output>
        </test-method> <!-- Cart_Tc3_checkoutWithOneItem -->
        <test-method is-config="true" signature="tearDown()[pri:0, instance:SauceDemoTests.CartPageTests@4efc180e]" started-at="2025-11-29T16:47:16 EET" name="tearDown" finished-at="2025-11-29T16:47:16 EET" duration-ms="306" status="PASS">
          <reporter-output>
          </reporter-output>
        </test-method> <!-- tearDown -->
        <test-method is-config="true" signature="setUp()[pri:0, instance:SauceDemoTests.CartPageTests@4efc180e]" started-at="2025-11-29T16:47:16 EET" name="setUp" finished-at="2025-11-29T16:47:21 EET" duration-ms="4772" status="PASS">
          <reporter-output>
          </reporter-output>
        </test-method> <!-- setUp -->
        <test-method signature="Cart_Tc4_checkoutWithMultipleItems()[pri:4, instance:SauceDemoTests.CartPageTests@4efc180e]" started-at="2025-11-29T16:47:21 EET" name="Cart_Tc4_checkoutWithMultipleItems" finished-at="2025-11-29T16:47:22 EET" duration-ms="1274" status="PASS">
          <reporter-output>
          </reporter-output>
        </test-method> <!-- Cart_Tc4_checkoutWithMultipleItems -->
        <test-method is-config="true" signature="tearDown()[pri:0, instance:SauceDemoTests.CartPageTests@4efc180e]" started-at="2025-11-29T16:47:22 EET" name="tearDown" finished-at="2025-11-29T16:47:22 EET" duration-ms="319" status="PASS">
          <reporter-output>
          </reporter-output>
        </test-method> <!-- tearDown -->
      </class> <!-- SauceDemoTests.CartPageTests -->
    </test> <!-- Surefire test -->
  </suite> <!-- Surefire suite -->
</testng-results>
