<?xml version="1.0" encoding="UTF-8"?>
<testsuite xmlns:xsi="http://www.w3.org/2001/XMLSchema-instance" xsi:noNamespaceSchemaLocation="https://maven.apache.org/surefire/maven-surefire-plugin/xsd/surefire-test-report-3.0.xsd" version="3.0" name="TestSuite" time="111.894" tests="40" errors="0" skipped="0" failures="1">
  <properties>
[...]
</properties>
  <testcase name="Cart_Tc1_openCartAfterAddingItems" classname="SauceDemoTests.CartPageTests" time="0.773">
    <system-out><![CDATA[00:19:45 INFO  [BotLogger] Browser is opened
00:19:47 INFO  [BotLogger] Browser is opened
00:19:47 INFO  [BotLogger] Typed text: standard_user into element with locator: By.id: user-name
00:19:47 INFO  [BotLogger] Typed text: secret_sauce into element with locator: By.id: password
00:19:47 INFO  [BotLogger] Clicked on element: By.id: login-button
00:19:47 INFO  [BotLogger] Test CaseCart_Tc1_openCartAfterAddingItems  started
00:19:47 INFO  [BotLogger] Clicked on element: By.id: add-to-cart-sauce-labs-backpack
00:19:47 INFO  [BotLogger] Clicked on element: By.id: shopping_cart_container
]]></system-out>
    <system-err><![CDATA[[main] WARN org.testng.TestNG - Ignoring duplicate listener : io.qameta.allure.testng.AllureTestNg
[main] WARN org.testng.TestNG - Ignoring duplicate listener : io.qameta.allure.testng.AllureTestNg
[main] WARN org.testng.TestNG - Ignoring duplicate listener : io.qameta.allure.testng.AllureTestNg
Dec 08, 2025 12:19:45 AM org.openqa.selenium.devtools.CdpVersionFinder findNearestMatch
WARNING: Unable to find an exact match for CDP version 142, returning the closest version; found: 141; Please update to a Selenium version that supports CDP version 142
]]></system-err>
  </testcase>
  <testcase name="Cart_Tc2_removeItemFromCart" classname="SauceDemoTests.CartPageTests" time="0.209">
    <system-out><![CDATA[00:19:48 INFO  [BotLogger] Test CaseCart_Tc1_openCartAfterAddingItems  passed
00:19:48 INFO  [BotLogger] Browser is opened
00:19:48 INFO  [BotLogger] Browser closed
00:19:49 INFO  [BotLogger] Browser is opened
00:19:50 INFO  [BotLogger] Browser is opened
00:19:50 INFO  [BotLogger] Typed text: standard_user into element with locator: By.id: user-name
00:19:50 INFO  [BotLogger] Typed text: secret_sauce into element with locator: By.id: password
00:19:50 INFO  [BotLogger] Clicked on element: By.id: login-button
00:19:50 INFO  [BotLogger] Test CaseCart_Tc2_removeItemFromCart  started
00:19:50 INFO  [BotLogger] Clicked on element: By.id: add-to-cart-sauce-labs-backpack
00:19:50 INFO  [BotLogger] Clicked on element: By.id: shopping_cart_container
00:19:50 INFO  [BotLogger] Clicked on element: By.xpath: (//button[@class='btn btn_secondary btn_small cart_button'])[1]
]]></system-out>
    <system-err><![CDATA[Dec 08, 2025 12:19:49 AM org.openqa.selenium.devtools.CdpVersionFinder findNearestMatch
WARNING: Unable to find an exact match for CDP version 142, returning the closest version; found: 141; Please update to a Selenium version that supports CDP version 142
]]></system-err>
  </testcase>
  <testcase name="Cart_Tc3_checkoutWithOneItem" classname="SauceDemoTests.CartPageTests" time="0.513">
    <system-out><![CDATA[00:19:50 INFO  [BotLogger] Test CaseCart_Tc2_removeItemFromCart  passed
00:19:50 INFO  [BotLogger] Browser is opened
00:19:50 INFO  [BotLogger] Browser closed
00:19:51 INFO  [BotLogger] Browser is opened
00:19:52 INFO  [BotLogger] Browser is opened
00:19:52 INFO  [BotLogger] Typed text: standard_user into element with locator: By.id: user-name
00:19:52 INFO  [BotLogger] Typed text: secret_sauce into element with locator: By.id: password
00:19:52 INFO  [BotLogger] Clicked on element: By.id: login-button
00:19:52 INFO  [BotLogger] Test CaseCart_Tc3_checkoutWithOneItem  started
00:19:52 INFO  [BotLogger] Clicked on element: By.id: add-to-cart-sauce-labs-backpack
00:19:52 INFO  [BotLogger] Clicked on element: By.id: shopping_cart_container
00:19:53 INFO  [BotLogger] Clicked on element: By.id: checkout
]]></system-out>
    <system-err><![CDATA[Dec 08, 2025 12:19:51 AM org.openqa.selenium.devtools.CdpVersionFinder findNearestMatch
WARNING: Unable to find an exact match for CDP version 142, returning the closest version; found: 141; Please update to a Selenium version that supports CDP version 142
]]></system-err>
  </testcase>
  <testcase name="Cart_Tc4_checkoutWithMultipleItems" classname="SauceDemoTests.CartPageTests" time="0.613">
    <system-out><![CDATA[00:19:53 INFO  [BotLogger] Test CaseCart_Tc3_checkoutWithOneItem  passed
00:19:53 INFO  [BotLogger] Browser is opened
00:19:53 INFO  [BotLogger] Browser closed
00:19:54 INFO  [BotLogger] Browser is opened
00:19:54 INFO  [BotLogger] Browser is opened
00:19:55 INFO  [BotLogger] Typed text: standard_user into element with locator: By.id: user-name
00:19:55 INFO  [BotLogger] Typed text: secret_sauce into element with locator: By.id: password
00:19:55 INFO  [BotLogger] Clicked on element: By.id: login-button
00:19:55 INFO  [BotLogger] Test CaseCart_Tc4_checkoutWithMultipleItems  started
00:19:55 INFO  [BotLogger] Clicked on element: By.id: add-to-cart-sauce-labs-backpack
00:19:55 INFO  [BotLogger] Clicked on element: By.id: add-to-cart-sauce-labs-bike-light
00:19:55 INFO  [BotLogger] Clicked on element: By.id: add-to-cart-sauce-labs-bolt-t-shirt
00:19:55 INFO  [BotLogger] Clicked on element: By.id: shopping_cart_container
00:19:55 INFO  [BotLogger] Clicked on element: By.id: checkout
]]></system-out>
    <system-err><![CDATA[Dec 08, 2025 12:19:54 AM org.openqa.selenium.devtools.CdpVersionFinder findNearestMatch
WARNING: Unable to find an exact match for CDP version 142, returning the closest version; found: 141; Please update to a Selenium version that supports CDP version 142
]]></system-err>
  </testcase>
  <testcase name="Confirmation_TC1_finishOrderWithItems[Group, Project, 201](1)" classname="SauceDemoTests.CheckoutConfirmationPageTests" time="0.852">
    <system-out><![CDATA[00:19:55 INFO  [BotLogger] Test CaseCart_Tc4_checkoutWithMultipleItems  passed
00:19:55 INFO  [BotLogger] Browser is opened
00:19:56 INFO  [BotLogger] Browser closed
00:19:56 INFO  [BotLogger] Browser is opened
00:19:57 INFO  [BotLogger] Browser is opened
00:19:57 INFO  [BotLogger] Typed text: standard_user into element with locator: By.id: user-name
00:19:57 INFO  [BotLogger] Typed text: secret_sauce into element with locator: By.id: password
00:19:57 INFO  [BotLogger] Clicked on element: By.id: login-button
00:19:57 INFO  [BotLogger] Test CaseConfirmation_TC1_finishOrderWithItems  started
00:19:57 INFO  [BotLogger] Clicked on element: By.id: add-to-cart-sauce-labs-backpack
00:19:57 INFO  [BotLogger] Clicked on element: By.id: shopping_cart_container
00:19:58 INFO  [BotLogger] Clicked on element: By.id: checkout
00:19:58 INFO  [BotLogger] Typed text: Group into element with locator: By.id: first-name
00:19:58 INFO  [BotLogger] Typed text: Project into element with locator: By.id: last-name
00:19:58 INFO  [BotLogger] Typed text: 201 into element with locator: By.id: postal-code
00:19:58 INFO  [BotLogger] Clicked on element: By.id: continue
00:19:58 INFO  [BotLogger] Clicked on element: By.id: finish
]]></system-out>
    <system-err><![CDATA[Dec 08, 2025 12:19:56 AM org.openqa.selenium.devtools.CdpVersionFinder findNearestMatch
WARNING: Unable to find an exact match for CDP version 142, returning the closest version; found: 141; Please update to a Selenium version that supports CDP version 142
]]></system-err>
  </testcase>
  <testcase name="Confirmation_TC2_finishEmptyCartOrder[Group, Project, 201](1)" classname="SauceDemoTests.CheckoutConfirmationPageTests" time="0.647">
    <failure message="expected [https://www.saucedemo.com/checkout-step-two.html] but found [https://www.saucedemo.com/checkout-complete.html]" type="java.lang.AssertionError"><![CDATA[java.lang.AssertionError: expected [https://www.saucedemo.com/checkout-step-two.html] but found [https://www.saucedemo.com/checkout-complete.html]
	at org.testng.Assert.fail(Assert.java:111)
	at org.testng.Assert.failNotEquals(Assert.java:1590)
	at org.testng.Assert.assertEqualsImpl(Assert.java:150)
	at org.testng.Assert.assertEquals(Assert.java:132)
	at org.testng.Assert.assertEquals(Assert.java:656)
	at org.testng.Assert.assertEquals(Assert.java:666)
	at SauceDemoTests.CheckoutConfirmationPageTests.verifyStaysOnCheckoutStepTwoPage(CheckoutConfirmationPageTests.java:60)
	at SauceDemoTests.CheckoutConfirmationPageTests.Confirmation_TC2_finishEmptyCartOrder(CheckoutConfirmationPageTests.java:96)
	at java.base/jdk.internal.reflect.DirectMethodHandleAccessor.invoke(DirectMethodHandleAccessor.java:103)
	at java.base/java.lang.reflect.Method.invoke(Method.java:580)
	at org.testng.internal.invokers.MethodInvocationHelper.invokeMethod(MethodInvocationHelper.java:141)
	at org.testng.internal.invokers.TestInvoker.invokeMethod(TestInvoker.java:687)
	at org.testng.internal.invokers.TestInvoker.invokeTestMethod(TestInvoker.java:230)
	at org.testng.internal.invokers.MethodRunner.runInSequence(MethodRunner.java:63)
	at org.testng.internal.invokers.TestInvoker$MethodInvocationAgent.invoke(TestInvoker.java:995)
	at org.testng.internal.invokers.TestInvoker.invokeTestMethods(TestInvoker.java:203)
	at org.testng.internal.invokers.TestMethodWorker.invokeTestMethods(TestMethodWorker.java:154)
	at org.testng.internal.invokers.TestMethodWorker.run(TestMethodWorker.java:134)
	at java.base/java.util.ArrayList.forEach(ArrayList.java:1596)
	at org.testng.TestRunner.privateRun(TestRunner.java:741)
	at org.testng.TestRunner.run(TestRunner.java:616)
	at org.testng.SuiteRunner.runTest(SuiteRunner.java:421)
	at org.testng.SuiteRunner.runSequentially(SuiteRunner.java:413)
	at org.testng.SuiteRunner.privateRun(SuiteRunner.java:373)
	at org.testng.SuiteRunner.run(SuiteRunner.java:312)
	at org.testng.SuiteRunnerWorker.runSuite(SuiteRunnerWorker.java:52)
	at org.testng.SuiteRunnerWorker.run(SuiteRunnerWorker.java:95)
	at org.testng.TestNG.runSuitesSequentially(TestNG.java:1274)
	at org.testng.TestNG.runSuitesLocally(TestNG.java:1208)
	at org.testng.TestNG.runSuites(TestNG.java:1112)
	at org.testng.TestNG.run(TestNG.java:1079)
	at org.apache.maven.surefire.testng.TestNGExecutor.run(TestNGExecutor.java:155)
	at org.apache.maven.surefire.testng.TestNGDirectoryTestSuite.executeMulti(TestNGDirectoryTestSuite.java:169)
	at org.apache.maven.surefire.testng.TestNGDirectoryTestSuite.execute(TestNGDirectoryTestSuite.java:88)
	at org.apache.maven.surefire.testng.TestNGProvider.invoke(TestNGProvider.java:137)
	at org.apache.maven.surefire.booter.ForkedBooter.runSuitesInProcess(ForkedBooter.java:385)
	at org.apache.maven.surefire.booter.ForkedBooter.execute(ForkedBooter.java:162)
	at org.apache.maven.surefire.booter.ForkedBooter.run(ForkedBooter.java:507)
	at org.apache.maven.surefire.booter.ForkedBooter.main(ForkedBooter.java:495)
]]></failure>
    <system-out><![CDATA[00:19:58 INFO  [BotLogger] Test CaseConfirmation_TC1_finishOrderWithItems  passed
00:19:58 INFO  [BotLogger] Browser is opened
00:19:58 INFO  [BotLogger] Browser closed
00:19:59 INFO  [BotLogger] Browser is opened
00:20:00 INFO  [BotLogger] Browser is opened
00:20:00 INFO  [BotLogger] Typed text: standard_user into element with locator: By.id: user-name
00:20:00 INFO  [BotLogger] Typed text: secret_sauce into element with locator: By.id: password
00:20:00 INFO  [BotLogger] Clicked on element: By.id: login-button
00:20:00 INFO  [BotLogger] Test CaseConfirmation_TC2_finishEmptyCartOrder  started
00:20:00 INFO  [BotLogger] Clicked on element: By.id: shopping_cart_container
00:20:00 INFO  [BotLogger] Clicked on element: By.id: checkout
00:20:00 INFO  [BotLogger] Typed text: Group into element with locator: By.id: first-name
00:20:00 INFO  [BotLogger] Typed text: Project into element with locator: By.id: last-name
00:20:00 INFO  [BotLogger] Typed text: 201 into element with locator: By.id: postal-code
00:20:01 INFO  [BotLogger] Clicked on element: By.id: continue
00:20:01 INFO  [BotLogger] Clicked on element: By.id: finish
00:20:01 INFO  [BotLogger] TestCase  Confirmation_TC2_finishEmptyCartOrder  failed
00:20:01 INFO  [BotLogger] Browser is opened
00:20:01 INFO  [BotLogger] Screenshot taken: Confirmation_TC2_finishEmptyCartOrder
]]></system-out>
    <system-err><![CDATA[Dec 08, 2025 12:19:59 AM org.openqa.selenium.devtools.CdpVersionFinder findNearestMatch
WARNING: Unable to find an exact match for CDP version 142, returning the closest version; found: 141; Please update to a Selenium version that supports CDP version 142
]]></system-err>
  </testcase>
  <testcase name="Confirmation_TC3_backToHomeAfterCompletion[Group, Project, 201](1)" classname="SauceDemoTests.CheckoutConfirmationPageTests" time="0.634">
    <system-out><![CDATA[00:20:01 INFO  [BotLogger] Test CaseConfirmation_TC2_finishEmptyCartOrder  failed
00:20:01 INFO  [BotLogger] Browser is opened
00:20:01 INFO  [BotLogger] Browser closed
00:20:02 INFO  [BotLogger] Browser is opened
00:20:02 INFO  [BotLogger] Browser is opened
00:20:02 INFO  [BotLogger] Typed text: standard_user into element with locator: By.id: user-name
00:20:03 INFO  [BotLogger] Typed text: secret_sauce into element with locator: By.id: password
00:20:03 INFO  [BotLogger] Clicked on element: By.id: login-button
00:20:03 INFO  [BotLogger] Test CaseConfirmation_TC3_backToHomeAfterCompletion  started
00:20:03 INFO  [BotLogger] Clicked on element: By.id: add-to-cart-sauce-labs-backpack
00:20:03 INFO  [BotLogger] Clicked on element: By.id: shopping_cart_container
00:20:03 INFO  [BotLogger] Clicked on element: By.id: checkout
00:20:03 INFO  [BotLogger] Typed text: Group into element with locator: By.id: first-name
00:20:03 INFO  [BotLogger] Typed text: Project into element with locator: By.id: last-name
00:20:03 INFO  [BotLogger] Typed text: 201 into element with locator: By.id: postal-code
00:20:03 INFO  [BotLogger] Clicked on element: By.id: continue
00:20:03 INFO  [BotLogger] Clicked on element: By.id: finish
00:20:03 INFO  [BotLogger] Clicked on element: By.xpath: //button[text()='Back Home']
]]></system-out>
    <system-err><![CDATA[Dec 08, 2025 12:20:02 AM org.openqa.selenium.devtools.CdpVersionFinder findNearestMatch
WARNING: Unable to find an exact match for CDP version 142, returning the closest version; found: 141; Please update to a Selenium version that supports CDP version 142
]]></system-err>
  </testcase>
  <testcase name="testCheckoutWithEmptyFirstName[, Project, 201](1)" classname="SauceDemoTests.CheckoutPageTests" time="0.578">
    <system-out><![CDATA[00:20:03 INFO  [BotLogger] Test CaseConfirmation_TC3_backToHomeAfterCompletion  passed
00:20:03 INFO  [BotLogger] Browser is opened
00:20:03 INFO  [BotLogger] Browser closed
00:20:04 INFO  [BotLogger] Browser is opened
00:20:05 INFO  [BotLogger] Browser is opened
00:20:05 INFO  [BotLogger] Typed text: standard_user into element with locator: By.id: user-name
00:20:05 INFO  [BotLogger] Typed text: secret_sauce into element with locator: By.id: password
00:20:05 INFO  [BotLogger] Clicked on element: By.id: login-button
00:20:05 INFO  [BotLogger] Clicked on element: By.id: add-to-cart-sauce-labs-backpack
00:20:05 INFO  [BotLogger] Clicked on element: By.id: shopping_cart_container
00:20:06 INFO  [BotLogger] Clicked on element: By.id: checkout
00:20:06 INFO  [BotLogger] Test CasetestCheckoutWithEmptyFirstName  started
00:20:06 INFO  [BotLogger] Typed text:  into element with locator: By.id: first-name
00:20:06 INFO  [BotLogger] Typed text: Project into element with locator: By.id: last-name
00:20:06 INFO  [BotLogger] Typed text: 201 into element with locator: By.id: postal-code
00:20:06 INFO  [BotLogger] Clicked on element: By.id: continue
]]></system-out>
    <system-err><![CDATA[Dec 08, 2025 12:20:04 AM org.openqa.selenium.devtools.CdpVersionFinder findNearestMatch
WARNING: Unable to find an exact match for CDP version 142, returning the closest version; found: 141; Please update to a Selenium version that supports CDP version 142
]]></system-err>
  </testcase>
  <testcase name="testCheckoutWithEmptyZip[Group, Project, ](1)" classname="SauceDemoTests.CheckoutPageTests" time="0.596">
    <system-out><![CDATA[00:20:06 INFO  [BotLogger] Test CasetestCheckoutWithEmptyFirstName  passed
00:20:06 INFO  [BotLogger] Browser is opened
00:20:06 INFO  [BotLogger] Browser closed
00:20:07 INFO  [BotLogger] Browser is opened
00:20:08 INFO  [BotLogger] Browser is opened
00:20:08 INFO  [BotLogger] Typed text: standard_user into element with locator: By.id: user-name
00:20:08 INFO  [BotLogger] Typed text: secret_sauce into element with locator: By.id: password
00:20:08 INFO  [BotLogger] Clicked on element: By.id: login-button
00:20:08 INFO  [BotLogger] Clicked on element: By.id: add-to-cart-sauce-labs-backpack
00:20:08 INFO  [BotLogger] Clicked on element: By.id: shopping_cart_container
00:20:08 INFO  [BotLogger] Clicked on element: By.id: checkout
00:20:08 INFO  [BotLogger] Test CasetestCheckoutWithEmptyZip  started
00:20:09 INFO  [BotLogger] Typed text: Group into element with locator: By.id: first-name
00:20:09 INFO  [BotLogger] Typed text: Project into element with locator: By.id: last-name
00:20:09 INFO  [BotLogger] Typed text:  into element with locator: By.id: postal-code
00:20:09 INFO  [BotLogger] Clicked on element: By.id: continue
]]></system-out>
    <system-err><![CDATA[Dec 08, 2025 12:20:07 AM org.openqa.selenium.devtools.CdpVersionFinder findNearestMatch
WARNING: Unable to find an exact match for CDP version 142, returning the closest version; found: 141; Please update to a Selenium version that supports CDP version 142
]]></system-err>
  </testcase>
  <testcase name="testCheckoutWithValidData[Group, Project, 201](1)" classname="SauceDemoTests.CheckoutPageTests" time="0.308">
    <system-out><![CDATA[00:20:09 INFO  [BotLogger] Test CasetestCheckoutWithEmptyZip  passed
00:20:09 INFO  [BotLogger] Browser is opened
00:20:09 INFO  [BotLogger] Browser closed
00:20:10 INFO  [BotLogger] Browser is opened
00:20:11 INFO  [BotLogger] Browser is opened
00:20:11 INFO  [BotLogger] Typed text: standard_user into element with locator: By.id: user-name
00:20:11 INFO  [BotLogger] Typed text: secret_sauce into element with locator: By.id: password
00:20:11 INFO  [BotLogger] Clicked on element: By.id: login-button
00:20:11 INFO  [BotLogger] Clicked on element: By.id: add-to-cart-sauce-labs-backpack
00:20:11 INFO  [BotLogger] Clicked on element: By.id: shopping_cart_container
00:20:11 INFO  [BotLogger] Clicked on element: By.id: checkout
00:20:11 INFO  [BotLogger] Test CasetestCheckoutWithValidData  started
00:20:11 INFO  [BotLogger] Typed text: Group into element with locator: By.id: first-name
00:20:11 INFO  [BotLogger] Typed text: Project into element with locator: By.id: last-name
00:20:11 INFO  [BotLogger] Typed text: 201 into element with locator: By.id: postal-code
00:20:12 INFO  [BotLogger] Clicked on element: By.id: continue
]]></system-out>
    <system-err><![CDATA[Dec 08, 2025 12:20:10 AM org.openqa.selenium.devtools.CdpVersionFinder findNearestMatch
WARNING: Unable to find an exact match for CDP version 142, returning the closest version; found: 141; Please update to a Selenium version that supports CDP version 142
]]></system-err>
  </testcase>
  <testcase name="invalidEndToEndPurchaseFlow1" classname="SauceDemoTests.EndToEndTest" time="0.914">
    <system-out><![CDATA[00:20:12 INFO  [BotLogger] Test CasetestCheckoutWithValidData  passed
00:20:12 INFO  [BotLogger] Browser is opened
00:20:12 INFO  [BotLogger] Browser closed
00:20:13 INFO  [BotLogger] Browser is opened
00:20:13 INFO  [BotLogger] Browser is opened
00:20:13 INFO  [BotLogger] Test CaseinvalidEndToEndPurchaseFlow1  started
00:20:13 INFO  [BotLogger] Typed text: standard_user into element with locator: By.id: user-name
00:20:13 INFO  [BotLogger] Typed text: secret_sauce into element with locator: By.id: password
00:20:14 INFO  [BotLogger] Clicked on element: By.id: login-button
00:20:14 INFO  [BotLogger] Clicked on element: By.id: add-to-cart-sauce-labs-backpack
00:20:14 INFO  [BotLogger] Clicked on element: By.id: add-to-cart-sauce-labs-bike-light
00:20:14 INFO  [BotLogger] Clicked on element: By.id: add-to-cart-sauce-labs-bolt-t-shirt
00:20:14 INFO  [BotLogger] Clicked on element: By.id: shopping_cart_container
00:20:14 INFO  [BotLogger] Clicked on element: By.id: checkout
00:20:14 INFO  [BotLogger] Typed text:  into element with locator: By.id: first-name
00:20:14 INFO  [BotLogger] Typed text: Testing into element with locator: By.id: last-name
00:20:14 INFO  [BotLogger] Typed text: 201 into element with locator: By.id: postal-code
00:20:14 INFO  [BotLogger] Clicked on element: By.id: continue
]]></system-out>
    <system-err><![CDATA[Dec 08, 2025 12:20:13 AM org.openqa.selenium.devtools.CdpVersionFinder findNearestMatch
WARNING: Unable to find an exact match for CDP version 142, returning the closest version; found: 141; Please update to a Selenium version that supports CDP version 142
]]></system-err>
  </testcase>
  <testcase name="invalidEndToEndPurchaseFlow2" classname="SauceDemoTests.EndToEndTest" time="0.882">
    <system-out><![CDATA[00:20:14 INFO  [BotLogger] Test CaseinvalidEndToEndPurchaseFlow1  passed
00:20:14 INFO  [BotLogger] Browser is opened
00:20:14 INFO  [BotLogger] Browser closed
00:20:15 INFO  [BotLogger] Browser is opened
00:20:16 INFO  [BotLogger] Browser is opened
00:20:16 INFO  [BotLogger] Test CaseinvalidEndToEndPurchaseFlow2  started
00:20:16 INFO  [BotLogger] Typed text: standard_user into element with locator: By.id: user-name
00:20:16 INFO  [BotLogger] Typed text: secret_sauce into element with locator: By.id: password
00:20:16 INFO  [BotLogger] Clicked on element: By.id: login-button
00:20:16 INFO  [BotLogger] Clicked on element: By.id: add-to-cart-sauce-labs-backpack
00:20:16 INFO  [BotLogger] Clicked on element: By.id: add-to-cart-sauce-labs-bike-light
00:20:16 INFO  [BotLogger] Clicked on element: By.id: add-to-cart-sauce-labs-bolt-t-shirt
00:20:16 INFO  [BotLogger] Clicked on element: By.id: shopping_cart_container
00:20:17 INFO  [BotLogger] Clicked on element: By.id: checkout
00:20:17 INFO  [BotLogger] Typed text: NHA into element with locator: By.id: first-name
00:20:17 INFO  [BotLogger] Typed text:  into element with locator: By.id: last-name
00:20:17 INFO  [BotLogger] Typed text: 201 into element with locator: By.id: postal-code
00:20:17 INFO  [BotLogger] Clicked on element: By.id: continue
]]></system-out>
    <system-err><![CDATA[Dec 08, 2025 12:20:15 AM org.openqa.selenium.devtools.CdpVersionFinder findNearestMatch
WARNING: Unable to find an exact match for CDP version 142, returning the closest version; found: 141; Please update to a Selenium version that supports CDP version 142
]]></system-err>
  </testcase>
  <testcase name="invalidEndToEndPurchaseFlow3" classname="SauceDemoTests.EndToEndTest" time="0.929">
    <system-out><![CDATA[00:20:17 INFO  [BotLogger] Test CaseinvalidEndToEndPurchaseFlow2  passed
00:20:17 INFO  [BotLogger] Browser is opened
00:20:17 INFO  [BotLogger] Browser closed
00:20:18 INFO  [BotLogger] Browser is opened
00:20:19 INFO  [BotLogger] Browser is opened
00:20:19 INFO  [BotLogger] Test CaseinvalidEndToEndPurchaseFlow3  started
00:20:19 INFO  [BotLogger] Typed text: standard_user into element with locator: By.id: user-name
00:20:19 INFO  [BotLogger] Typed text: secret_sauce into element with locator: By.id: password
00:20:19 INFO  [BotLogger] Clicked on element: By.id: login-button
00:20:19 INFO  [BotLogger] Clicked on element: By.id: add-to-cart-sauce-labs-backpack
00:20:19 INFO  [BotLogger] Clicked on element: By.id: add-to-cart-sauce-labs-bike-light
00:20:19 INFO  [BotLogger] Clicked on element: By.id: add-to-cart-sauce-labs-bolt-t-shirt
00:20:19 INFO  [BotLogger] Clicked on element: By.id: shopping_cart_container
00:20:19 INFO  [BotLogger] Clicked on element: By.id: checkout
00:20:19 INFO  [BotLogger] Typed text: NHA into element with locator: By.id: first-name
00:20:19 INFO  [BotLogger] Typed text: Testing into element with locator: By.id: last-name
00:20:19 INFO  [BotLogger] Typed text:  into element with locator: By.id: postal-code
00:20:19 INFO  [BotLogger] Clicked on element: By.id: continue
]]></system-out>
    <system-err><![CDATA[Dec 08, 2025 12:20:18 AM org.openqa.selenium.devtools.CdpVersionFinder findNearestMatch
WARNING: Unable to find an exact match for CDP version 142, returning the closest version; found: 141; Please update to a Selenium version that supports CDP version 142
]]></system-err>
  </testcase>
  <testcase name="invalidEndToEndPurchaseFlow4" classname="SauceDemoTests.EndToEndTest" time="0.862">
    <system-out><![CDATA[00:20:19 INFO  [BotLogger] Test CaseinvalidEndToEndPurchaseFlow3  passed
00:20:19 INFO  [BotLogger] Browser is opened
00:20:20 INFO  [BotLogger] Browser closed
00:20:20 INFO  [BotLogger] Browser is opened
00:20:21 INFO  [BotLogger] Browser is opened
00:20:21 INFO  [BotLogger] Test CaseinvalidEndToEndPurchaseFlow4  started
00:20:21 INFO  [BotLogger] Typed text: standard_user into element with locator: By.id: user-name
00:20:21 INFO  [BotLogger] Typed text: secret_sauce into element with locator: By.id: password
00:20:21 INFO  [BotLogger] Clicked on element: By.id: login-button
00:20:21 INFO  [BotLogger] Clicked on element: By.id: add-to-cart-sauce-labs-backpack
00:20:22 INFO  [BotLogger] Clicked on element: By.id: add-to-cart-sauce-labs-bike-light
00:20:22 INFO  [BotLogger] Clicked on element: By.id: add-to-cart-sauce-labs-bolt-t-shirt
00:20:22 INFO  [BotLogger] Clicked on element: By.id: shopping_cart_container
00:20:22 INFO  [BotLogger] Clicked on element: By.id: checkout
00:20:22 INFO  [BotLogger] Typed text:  into element with locator: By.id: first-name
00:20:22 INFO  [BotLogger] Typed text: Testing into element with locator: By.id: last-name
00:20:22 INFO  [BotLogger] Typed text:  into element with locator: By.id: postal-code
00:20:22 INFO  [BotLogger] Clicked on element: By.id: cancel
]]></system-out>
    <system-err><![CDATA[Dec 08, 2025 12:20:20 AM org.openqa.selenium.devtools.CdpVersionFinder findNearestMatch
WARNING: Unable to find an exact match for CDP version 142, returning the closest version; found: 141; Please update to a Selenium version that supports CDP version 142
]]></system-err>
  </testcase>
  <testcase name="invalidEndToEndPurchaseFlow5" classname="SauceDemoTests.EndToEndTest" time="0.883">
    <system-out><![CDATA[00:20:22 INFO  [BotLogger] Test CaseinvalidEndToEndPurchaseFlow4  passed
00:20:22 INFO  [BotLogger] Browser is opened
00:20:22 INFO  [BotLogger] Browser closed
00:20:23 INFO  [BotLogger] Browser is opened
00:20:24 INFO  [BotLogger] Browser is opened
00:20:24 INFO  [BotLogger] Test CaseinvalidEndToEndPurchaseFlow5  started
00:20:24 INFO  [BotLogger] Typed text: standard_user into element with locator: By.id: user-name
00:20:24 INFO  [BotLogger] Typed text: secret_sauce into element with locator: By.id: password
00:20:24 INFO  [BotLogger] Clicked on element: By.id: login-button
00:20:24 INFO  [BotLogger] Clicked on element: By.id: add-to-cart-sauce-labs-backpack
00:20:24 INFO  [BotLogger] Clicked on element: By.id: add-to-cart-sauce-labs-bike-light
00:20:24 INFO  [BotLogger] Clicked on element: By.id: add-to-cart-sauce-labs-bolt-t-shirt
00:20:24 INFO  [BotLogger] Clicked on element: By.id: shopping_cart_container
00:20:24 INFO  [BotLogger] Clicked on element: By.id: checkout
00:20:24 INFO  [BotLogger] Typed text:  into element with locator: By.id: first-name
00:20:25 INFO  [BotLogger] Typed text:  into element with locator: By.id: last-name
00:20:25 INFO  [BotLogger] Typed text: 201 into element with locator: By.id: postal-code
00:20:25 INFO  [BotLogger] Clicked on element: By.id: continue
]]></system-out>
    <system-err><![CDATA[Dec 08, 2025 12:20:23 AM org.openqa.selenium.devtools.CdpVersionFinder findNearestMatch
WARNING: Unable to find an exact match for CDP version 142, returning the closest version; found: 141; Please update to a Selenium version that supports CDP version 142
]]></system-err>
  </testcase>
  <testcase name="invalidEndToEndPurchaseFlow6" classname="SauceDemoTests.EndToEndTest" time="0.928">
    <system-out><![CDATA[00:20:25 INFO  [BotLogger] Test CaseinvalidEndToEndPurchaseFlow5  passed
00:20:25 INFO  [BotLogger] Browser is opened
00:20:25 INFO  [BotLogger] Browser closed
00:20:26 INFO  [BotLogger] Browser is opened
00:20:26 INFO  [BotLogger] Browser is opened
00:20:26 INFO  [BotLogger] Test CaseinvalidEndToEndPurchaseFlow6  started
00:20:26 INFO  [BotLogger] Typed text: standard_user into element with locator: By.id: user-name
00:20:26 INFO  [BotLogger] Typed text: secret_sauce into element with locator: By.id: password
00:20:27 INFO  [BotLogger] Clicked on element: By.id: login-button
00:20:27 INFO  [BotLogger] Clicked on element: By.id: add-to-cart-sauce-labs-backpack
00:20:27 INFO  [BotLogger] Clicked on element: By.id: add-to-cart-sauce-labs-bike-light
00:20:27 INFO  [BotLogger] Clicked on element: By.id: add-to-cart-sauce-labs-bolt-t-shirt
00:20:27 INFO  [BotLogger] Clicked on element: By.id: shopping_cart_container
00:20:27 INFO  [BotLogger] Clicked on element: By.id: checkout
00:20:27 INFO  [BotLogger] Typed text: NHA into element with locator: By.id: first-name
00:20:27 INFO  [BotLogger] Typed text:  into element with locator: By.id: last-name
00:20:27 INFO  [BotLogger] Typed text: 201 into element with locator: By.id: postal-code
00:20:27 INFO  [BotLogger] Clicked on element: By.id: continue
00:20:27 INFO  [BotLogger] Clicked on element: By.id: cancel
]]></system-out>
    <system-err><![CDATA[Dec 08, 2025 12:20:26 AM org.openqa.selenium.devtools.CdpVersionFinder findNearestMatch
WARNING: Unable to find an exact match for CDP version 142, returning the closest version; found: 141; Please update to a Selenium version that supports CDP version 142
]]></system-err>
  </testcase>
  <testcase name="validEndToEndPurchaseFlow1" classname="SauceDemoTests.EndToEndTest" time="1.509">
    <system-out><![CDATA[00:20:27 INFO  [BotLogger] Test CaseinvalidEndToEndPurchaseFlow6  passed
00:20:27 INFO  [BotLogger] Browser is opened
00:20:27 INFO  [BotLogger] Browser closed
00:20:28 INFO  [BotLogger] Browser is opened
00:20:29 INFO  [BotLogger] Browser is opened
00:20:29 INFO  [BotLogger] Test CasevalidEndToEndPurchaseFlow1  started
00:20:29 INFO  [BotLogger] Typed text: standard_user into element with locator: By.id: user-name
00:20:29 INFO  [BotLogger] Typed text: secret_sauce into element with locator: By.id: password
00:20:29 INFO  [BotLogger] Clicked on element: By.id: login-button
00:20:29 INFO  [BotLogger] Clicked on element: By.id: add-to-cart-sauce-labs-backpack
00:20:29 INFO  [BotLogger] Clicked on element: By.id: add-to-cart-sauce-labs-bike-light
00:20:29 INFO  [BotLogger] Clicked on element: By.id: add-to-cart-sauce-labs-bolt-t-shirt
00:20:29 INFO  [BotLogger] Clicked on element: By.id: shopping_cart_container
00:20:29 INFO  [BotLogger] Clicked on element: By.id: checkout
00:20:30 INFO  [BotLogger] Typed text: NHA into element with locator: By.id: first-name
00:20:30 INFO  [BotLogger] Typed text: Testing into element with locator: By.id: last-name
00:20:30 INFO  [BotLogger] Typed text: 201 into element with locator: By.id: postal-code
00:20:30 INFO  [BotLogger] Clicked on element: By.id: continue
00:20:30 INFO  [BotLogger] Clicked on element: By.id: finish
]]></system-out>
    <system-err><![CDATA[Dec 08, 2025 12:20:28 AM org.openqa.selenium.devtools.CdpVersionFinder findNearestMatch
WARNING: Unable to find an exact match for CDP version 142, returning the closest version; found: 141; Please update to a Selenium version that supports CDP version 142
]]></system-err>
  </testcase>
  <testcase name="validEndToEndPurchaseFlow2" classname="SauceDemoTests.EndToEndTest" time="1.012">
    <system-out><![CDATA[00:20:30 INFO  [BotLogger] Test CasevalidEndToEndPurchaseFlow1  passed
00:20:30 INFO  [BotLogger] Browser is opened
00:20:31 INFO  [BotLogger] Browser closed
00:20:31 INFO  [BotLogger] Browser is opened
00:20:32 INFO  [BotLogger] Browser is opened
00:20:32 INFO  [BotLogger] Test CasevalidEndToEndPurchaseFlow2  started
00:20:32 INFO  [BotLogger] Typed text: standard_user into element with locator: By.id: user-name
00:20:32 INFO  [BotLogger] Typed text: secret_sauce into element with locator: By.id: password
00:20:32 INFO  [BotLogger] Clicked on element: By.id: login-button
00:20:32 INFO  [BotLogger] Clicked on element: By.id: add-to-cart-sauce-labs-backpack
00:20:32 INFO  [BotLogger] Clicked on element: By.id: add-to-cart-sauce-labs-bike-light
00:20:33 INFO  [BotLogger] Clicked on element: By.id: add-to-cart-sauce-labs-bolt-t-shirt
00:20:33 INFO  [BotLogger] Clicked on element: By.id: shopping_cart_container
00:20:33 INFO  [BotLogger] Clicked on element: By.id: checkout
00:20:33 INFO  [BotLogger] Typed text: NHA into element with locator: By.id: first-name
00:20:33 INFO  [BotLogger] Typed text: Testing into element with locator: By.id: last-name
00:20:33 INFO  [BotLogger] Typed text: 201 into element with locator: By.id: postal-code
00:20:33 INFO  [BotLogger] Clicked on element: By.id: continue
00:20:33 INFO  [BotLogger] Clicked on element: By.id: finish
00:20:33 INFO  [BotLogger] Clicked on element: By.xpath: //button[text()='Back Home']
]]></system-out>
    <system-err><![CDATA[Dec 08, 2025 12:20:31 AM org.openqa.selenium.devtools.CdpVersionFinder findNearestMatch
WARNING: Unable to find an exact match for CDP version 142, returning the closest version; found: 141; Please update to a Selenium version that supports CDP version 142
]]></system-err>
  </testcase>
  <testcase name="Home_Tc1_scrollAndCheckBadge" classname="SauceDemoTests.HomePageTest" time="0.579">
    <system-out><![CDATA[00:20:33 INFO  [BotLogger] Test CasevalidEndToEndPurchaseFlow2  passed
00:20:33 INFO  [BotLogger] Browser is opened
00:20:33 INFO  [BotLogger] Browser closed
00:20:34 INFO  [BotLogger] Browser is opened
00:20:35 INFO  [BotLogger] Browser is opened
00:20:35 INFO  [BotLogger] Typed text: standard_user into element with locator: By.id: user-name
00:20:35 INFO  [BotLogger] Typed text: secret_sauce into element with locator: By.id: password
00:20:35 INFO  [BotLogger] Clicked on element: By.id: login-button
00:20:35 INFO  [BotLogger] Test CaseHome_Tc1_scrollAndCheckBadge  started
00:20:35 INFO  [BotLogger] Scrolled to element: By.className: footer
00:20:36 INFO  [BotLogger] Scrolled to element: By.className: app_logo
]]></system-out>
    <system-err><![CDATA[Dec 08, 2025 12:20:34 AM org.openqa.selenium.devtools.CdpVersionFinder findNearestMatch
WARNING: Unable to find an exact match for CDP version 142, returning the closest version; found: 141; Please update to a Selenium version that supports CDP version 142
]]></system-err>
  </testcase>
  <testcase name="Home_Tc2_testOpenMenu" classname="SauceDemoTests.HomePageTest" time="0.093">
    <system-out><![CDATA[00:20:36 INFO  [BotLogger] Test CaseHome_Tc1_scrollAndCheckBadge  passed
00:20:36 INFO  [BotLogger] Browser is opened
00:20:36 INFO  [BotLogger] Browser closed
00:20:37 INFO  [BotLogger] Browser is opened
00:20:38 INFO  [BotLogger] Browser is opened
00:20:38 INFO  [BotLogger] Typed text: standard_user into element with locator: By.id: user-name
00:20:38 INFO  [BotLogger] Typed text: secret_sauce into element with locator: By.id: password
00:20:38 INFO  [BotLogger] Clicked on element: By.id: login-button
00:20:38 INFO  [BotLogger] Test CaseHome_Tc2_testOpenMenu  started
00:20:38 INFO  [BotLogger] Clicked on element: By.xpath: //button[@id='react-burger-menu-btn']
00:20:38 INFO  [BotLogger] Element displayed status for locator By.id: menu_button_container: true
]]></system-out>
    <system-err><![CDATA[Dec 08, 2025 12:20:37 AM org.openqa.selenium.devtools.CdpVersionFinder findNearestMatch
WARNING: Unable to find an exact match for CDP version 142, returning the closest version; found: 141; Please update to a Selenium version that supports CDP version 142
]]></system-err>
  </testcase>
  <testcase name="Home_Tc3_addMultipleProducts" classname="SauceDemoTests.HomePageTest" time="0.475">
    <system-out><![CDATA[00:20:38 INFO  [BotLogger] Test CaseHome_Tc2_testOpenMenu  passed
00:20:38 INFO  [BotLogger] Browser is opened
00:20:38 INFO  [BotLogger] Browser closed
00:20:39 INFO  [BotLogger] Browser is opened
00:20:40 INFO  [BotLogger] Browser is opened
00:20:40 INFO  [BotLogger] Typed text: standard_user into element with locator: By.id: user-name
00:20:40 INFO  [BotLogger] Typed text: secret_sauce into element with locator: By.id: password
00:20:40 INFO  [BotLogger] Clicked on element: By.id: login-button
00:20:40 INFO  [BotLogger] Test CaseHome_Tc3_addMultipleProducts  started
00:20:40 INFO  [BotLogger] Clicked on element: By.id: add-to-cart-sauce-labs-backpack
00:20:40 INFO  [BotLogger] Clicked on element: By.id: add-to-cart-sauce-labs-bike-light
00:20:40 INFO  [BotLogger] Clicked on element: By.id: add-to-cart-sauce-labs-bolt-t-shirt
]]></system-out>
    <system-err><![CDATA[Dec 08, 2025 12:20:39 AM org.openqa.selenium.devtools.CdpVersionFinder findNearestMatch
WARNING: Unable to find an exact match for CDP version 142, returning the closest version; found: 141; Please update to a Selenium version that supports CDP version 142
]]></system-err>
  </testcase>
  <testcase name="Home_Tc4_removeProducts" classname="SauceDemoTests.HomePageTest" time="0.328">
    <system-out><![CDATA[00:20:40 INFO  [BotLogger] Test CaseHome_Tc3_addMultipleProducts  passed
00:20:40 INFO  [BotLogger] Browser is opened
00:20:40 INFO  [BotLogger] Browser closed
00:20:41 INFO  [BotLogger] Browser is opened
00:20:42 INFO  [BotLogger] Browser is opened
00:20:42 INFO  [BotLogger] Typed text: standard_user into element with locator: By.id: user-name
00:20:42 INFO  [BotLogger] Typed text: secret_sauce into element with locator: By.id: password
00:20:42 INFO  [BotLogger] Clicked on element: By.id: login-button
00:20:42 INFO  [BotLogger] Test CaseHome_Tc4_removeProducts  started
00:20:42 INFO  [BotLogger] Clicked on element: By.id: add-to-cart-sauce-labs-backpack
00:20:42 INFO  [BotLogger] Clicked on element: By.id: add-to-cart-sauce-labs-bike-light
00:20:43 INFO  [BotLogger] Clicked on element: By.id: add-to-cart-sauce-labs-bolt-t-shirt
00:20:43 INFO  [BotLogger] Clicked on element: By.id: remove-sauce-labs-backpack
00:20:43 INFO  [BotLogger] Clicked on element: By.id: remove-sauce-labs-bike-light
00:20:43 INFO  [BotLogger] Clicked on element: By.id: remove-sauce-labs-bolt-t-shirt
]]></system-out>
    <system-err><![CDATA[Dec 08, 2025 12:20:41 AM org.openqa.selenium.devtools.CdpVersionFinder findNearestMatch
WARNING: Unable to find an exact match for CDP version 142, returning the closest version; found: 141; Please update to a Selenium version that supports CDP version 142
]]></system-err>
  </testcase>
  <testcase name="testValidLogin[standard_user, secret_sauce](1)" classname="SauceDemoTests.LoginPageTests" time="0.292">
    <system-out><![CDATA[00:20:43 INFO  [BotLogger] Test CaseHome_Tc4_removeProducts  passed
00:20:43 INFO  [BotLogger] Browser is opened
00:20:43 INFO  [BotLogger] Browser closed
00:20:44 INFO  [BotLogger] Browser is opened
00:20:45 INFO  [BotLogger] Browser is opened
00:20:45 INFO  [BotLogger] Test CasetestValidLogin  started
00:20:45 INFO  [BotLogger] Typed text: standard_user into element with locator: By.id: user-name
00:20:45 INFO  [BotLogger] Typed text: secret_sauce into element with locator: By.id: password
00:20:45 INFO  [BotLogger] Clicked on element: By.id: login-button
]]></system-out>
    <system-err><![CDATA[Dec 08, 2025 12:20:44 AM org.openqa.selenium.devtools.CdpVersionFinder findNearestMatch
WARNING: Unable to find an exact match for CDP version 142, returning the closest version; found: 141; Please update to a Selenium version that supports CDP version 142
]]></system-err>
  </testcase>
  <testcase name="testValidLogin[problem_user, secret_sauce](2)" classname="SauceDemoTests.LoginPageTests" time="0.28">
    <system-out><![CDATA[00:20:45 INFO  [BotLogger] Test CasetestValidLogin  passed
00:20:45 INFO  [BotLogger] Browser is opened
00:20:45 INFO  [BotLogger] Browser closed
00:20:46 INFO  [BotLogger] Browser is opened
00:20:46 INFO  [BotLogger] Browser is opened
00:20:46 INFO  [BotLogger] Test CasetestValidLogin  started
00:20:47 INFO  [BotLogger] Typed text: problem_user into element with locator: By.id: user-name
00:20:47 INFO  [BotLogger] Typed text: secret_sauce into element with locator: By.id: password
00:20:47 INFO  [BotLogger] Clicked on element: By.id: login-button
]]></system-out>
    <system-err><![CDATA[Dec 08, 2025 12:20:46 AM org.openqa.selenium.devtools.CdpVersionFinder findNearestMatch
WARNING: Unable to find an exact match for CDP version 142, returning the closest version; found: 141; Please update to a Selenium version that supports CDP version 142
]]></system-err>
  </testcase>
  <testcase name="testValidLogin[performance_glitch_user, secret_sauce](3)" classname="SauceDemoTests.LoginPageTests" time="5.339">
    <system-out><![CDATA[00:20:47 INFO  [BotLogger] Test CasetestValidLogin  passed
00:20:47 INFO  [BotLogger] Browser is opened
00:20:47 INFO  [BotLogger] Browser closed
00:20:48 INFO  [BotLogger] Browser is opened
00:20:48 INFO  [BotLogger] Browser is opened
00:20:48 INFO  [BotLogger] Test CasetestValidLogin  started
00:20:48 INFO  [BotLogger] Typed text: performance_glitch_user into element with locator: By.id: user-name
00:20:49 INFO  [BotLogger] Typed text: secret_sauce into element with locator: By.id: password
00:20:54 INFO  [BotLogger] Clicked on element: By.id: login-button
]]></system-out>
    <system-err><![CDATA[Dec 08, 2025 12:20:48 AM org.openqa.selenium.devtools.CdpVersionFinder findNearestMatch
WARNING: Unable to find an exact match for CDP version 142, returning the closest version; found: 141; Please update to a Selenium version that supports CDP version 142
]]></system-err>
  </testcase>
  <testcase name="testSuccessfulLoginVerifyProductsPage[standard_user, secret_sauce](1)" classname="SauceDemoTests.LoginPageTests" time="0.303">
    <system-out><![CDATA[00:20:54 INFO  [BotLogger] Test CasetestValidLogin  passed
00:20:54 INFO  [BotLogger] Browser is opened
00:20:54 INFO  [BotLogger] Browser closed
00:20:55 INFO  [BotLogger] Browser is opened
00:20:55 INFO  [BotLogger] Browser is opened
00:20:55 INFO  [BotLogger] Test CasetestSuccessfulLoginVerifyProductsPage  started
00:20:55 INFO  [BotLogger] Typed text: standard_user into element with locator: By.id: user-name
00:20:56 INFO  [BotLogger] Typed text: secret_sauce into element with locator: By.id: password
00:20:56 INFO  [BotLogger] Clicked on element: By.id: login-button
00:20:56 INFO  [BotLogger] Element displayed status for locator By.className: title: true
]]></system-out>
    <system-err><![CDATA[Dec 08, 2025 12:20:55 AM org.openqa.selenium.devtools.CdpVersionFinder findNearestMatch
WARNING: Unable to find an exact match for CDP version 142, returning the closest version; found: 141; Please update to a Selenium version that supports CDP version 142
]]></system-err>
  </testcase>
  <testcase name="testSuccessfulLoginVerifyProductsPage[problem_user, secret_sauce](2)" classname="SauceDemoTests.LoginPageTests" time="0.309">
    <system-out><![CDATA[00:20:56 INFO  [BotLogger] Test CasetestSuccessfulLoginVerifyProductsPage  passed
00:20:56 INFO  [BotLogger] Browser is opened
00:20:56 INFO  [BotLogger] Browser closed
00:20:57 INFO  [BotLogger] Browser is opened
00:20:57 INFO  [BotLogger] Browser is opened
00:20:57 INFO  [BotLogger] Test CasetestSuccessfulLoginVerifyProductsPage  started
00:20:57 INFO  [BotLogger] Typed text: problem_user into element with locator: By.id: user-name
00:20:57 INFO  [BotLogger] Typed text: secret_sauce into element with locator: By.id: password
00:20:58 INFO  [BotLogger] Clicked on element: By.id: login-button
00:20:58 INFO  [BotLogger] Element displayed status for locator By.className: title: true
]]></system-out>
    <system-err><![CDATA[Dec 08, 2025 12:20:57 AM org.openqa.selenium.devtools.CdpVersionFinder findNearestMatch
WARNING: Unable to find an exact match for CDP version 142, returning the closest version; found: 141; Please update to a Selenium version that supports CDP version 142
]]></system-err>
  </testcase>
  <testcase name="testSuccessfulLoginVerifyProductsPage[performance_glitch_user, secret_sauce](3)" classname="SauceDemoTests.LoginPageTests" time="5.353">
    <system-out><![CDATA[00:20:58 INFO  [BotLogger] Test CasetestSuccessfulLoginVerifyProductsPage  passed
00:20:58 INFO  [BotLogger] Browser is opened
00:20:58 INFO  [BotLogger] Browser closed
00:20:59 INFO  [BotLogger] Browser is opened
00:20:59 INFO  [BotLogger] Browser is opened
00:20:59 INFO  [BotLogger] Test CasetestSuccessfulLoginVerifyProductsPage  started
00:20:59 INFO  [BotLogger] Typed text: performance_glitch_user into element with locator: By.id: user-name
00:21:00 INFO  [BotLogger] Typed text: secret_sauce into element with locator: By.id: password
00:21:05 INFO  [BotLogger] Clicked on element: By.id: login-button
00:21:05 INFO  [BotLogger] Element displayed status for locator By.className: title: true
]]></system-out>
    <system-err><![CDATA[Dec 08, 2025 12:20:59 AM org.openqa.selenium.devtools.CdpVersionFinder findNearestMatch
WARNING: Unable to find an exact match for CDP version 142, returning the closest version; found: 141; Please update to a Selenium version that supports CDP version 142
]]></system-err>
  </testcase>
  <testcase name="testInvalidLogin[invalid_user, secret_sauce](1)" classname="SauceDemoTests.LoginPageTests" time="0.565">
    <system-out><![CDATA[00:21:05 INFO  [BotLogger] Test CasetestSuccessfulLoginVerifyProductsPage  passed
00:21:05 INFO  [BotLogger] Browser is opened
00:21:05 INFO  [BotLogger] Browser closed
00:21:06 INFO  [BotLogger] Browser is opened
00:21:06 INFO  [BotLogger] Browser is opened
00:21:06 INFO  [BotLogger] Test CasetestInvalidLogin  started
00:21:07 INFO  [BotLogger] Typed text: invalid_user into element with locator: By.id: user-name
00:21:07 INFO  [BotLogger] Typed text: secret_sauce into element with locator: By.id: password
00:21:07 INFO  [BotLogger] Clicked on element: By.id: login-button
]]></system-out>
    <system-err><![CDATA[Dec 08, 2025 12:21:06 AM org.openqa.selenium.devtools.CdpVersionFinder findNearestMatch
WARNING: Unable to find an exact match for CDP version 142, returning the closest version; found: 141; Please update to a Selenium version that supports CDP version 142
]]></system-err>
  </testcase>
  <testcase name="testInvalidLogin[wrong_user, wrong_password](2)" classname="SauceDemoTests.LoginPageTests" time="0.572">
    <system-out><![CDATA[00:21:07 INFO  [BotLogger] Test CasetestInvalidLogin  passed
00:21:07 INFO  [BotLogger] Browser is opened
00:21:07 INFO  [BotLogger] Browser closed
00:21:08 INFO  [BotLogger] Browser is opened
00:21:09 INFO  [BotLogger] Browser is opened
00:21:09 INFO  [BotLogger] Test CasetestInvalidLogin  started
00:21:09 INFO  [BotLogger] Typed text: wrong_user into element with locator: By.id: user-name
00:21:09 INFO  [BotLogger] Typed text: wrong_password into element with locator: By.id: password
00:21:09 INFO  [BotLogger] Clicked on element: By.id: login-button
]]></system-out>
    <system-err><![CDATA[Dec 08, 2025 12:21:08 AM org.openqa.selenium.devtools.CdpVersionFinder findNearestMatch
WARNING: Unable to find an exact match for CDP version 142, returning the closest version; found: 141; Please update to a Selenium version that supports CDP version 142
]]></system-err>
  </testcase>
  <testcase name="testInvalidLogin[fake_user, fake_pass](3)" classname="SauceDemoTests.LoginPageTests" time="0.553">
    <system-out><![CDATA[00:21:09 INFO  [BotLogger] Test CasetestInvalidLogin  passed
00:21:09 INFO  [BotLogger] Browser is opened
00:21:10 INFO  [BotLogger] Browser closed
00:21:10 INFO  [BotLogger] Browser is opened
00:21:11 INFO  [BotLogger] Browser is opened
00:21:11 INFO  [BotLogger] Test CasetestInvalidLogin  started
00:21:11 INFO  [BotLogger] Typed text: fake_user into element with locator: By.id: user-name
00:21:11 INFO  [BotLogger] Typed text: fake_pass into element with locator: By.id: password
00:21:11 INFO  [BotLogger] Clicked on element: By.id: login-button
]]></system-out>
    <system-err><![CDATA[Dec 08, 2025 12:21:10 AM org.openqa.selenium.devtools.CdpVersionFinder findNearestMatch
WARNING: Unable to find an exact match for CDP version 142, returning the closest version; found: 141; Please update to a Selenium version that supports CDP version 142
]]></system-err>
  </testcase>
  <testcase name="testEmptyFields[, secret_sauce](1)" classname="SauceDemoTests.LoginPageTests" time="0.552">
    <system-out><![CDATA[00:21:12 INFO  [BotLogger] Test CasetestInvalidLogin  passed
00:21:12 INFO  [BotLogger] Browser is opened
00:21:12 INFO  [BotLogger] Browser closed
00:21:13 INFO  [BotLogger] Browser is opened
00:21:13 INFO  [BotLogger] Browser is opened
00:21:13 INFO  [BotLogger] Test CasetestEmptyFields  started
00:21:13 INFO  [BotLogger] Typed text:  into element with locator: By.id: user-name
00:21:13 INFO  [BotLogger] Typed text: secret_sauce into element with locator: By.id: password
00:21:14 INFO  [BotLogger] Clicked on element: By.id: login-button
]]></system-out>
    <system-err><![CDATA[Dec 08, 2025 12:21:13 AM org.openqa.selenium.devtools.CdpVersionFinder findNearestMatch
WARNING: Unable to find an exact match for CDP version 142, returning the closest version; found: 141; Please update to a Selenium version that supports CDP version 142
]]></system-err>
  </testcase>
  <testcase name="testEmptyFields[standard_user, ](2)" classname="SauceDemoTests.LoginPageTests" time="0.585">
    <system-out><![CDATA[00:21:14 INFO  [BotLogger] Test CasetestEmptyFields  passed
00:21:14 INFO  [BotLogger] Browser is opened
00:21:14 INFO  [BotLogger] Browser closed
00:21:15 INFO  [BotLogger] Browser is opened
00:21:15 INFO  [BotLogger] Browser is opened
00:21:15 INFO  [BotLogger] Test CasetestEmptyFields  started
00:21:16 INFO  [BotLogger] Typed text: standard_user into element with locator: By.id: user-name
00:21:16 INFO  [BotLogger] Typed text:  into element with locator: By.id: password
00:21:16 INFO  [BotLogger] Clicked on element: By.id: login-button
]]></system-out>
    <system-err><![CDATA[Dec 08, 2025 12:21:15 AM org.openqa.selenium.devtools.CdpVersionFinder findNearestMatch
WARNING: Unable to find an exact match for CDP version 142, returning the closest version; found: 141; Please update to a Selenium version that supports CDP version 142
]]></system-err>
  </testcase>
  <testcase name="testEmptyFields[, ](3)" classname="SauceDemoTests.LoginPageTests" time="0.529">
    <system-out><![CDATA[00:21:16 INFO  [BotLogger] Test CasetestEmptyFields  passed
00:21:16 INFO  [BotLogger] Browser is opened
00:21:16 INFO  [BotLogger] Browser closed
00:21:17 INFO  [BotLogger] Browser is opened
00:21:18 INFO  [BotLogger] Browser is opened
00:21:18 INFO  [BotLogger] Test CasetestEmptyFields  started
00:21:18 INFO  [BotLogger] Typed text:  into element with locator: By.id: user-name
00:21:18 INFO  [BotLogger] Typed text:  into element with locator: By.id: password
00:21:18 INFO  [BotLogger] Clicked on element: By.id: login-button
]]></system-out>
    <system-err><![CDATA[Dec 08, 2025 12:21:17 AM org.openqa.selenium.devtools.CdpVersionFinder findNearestMatch
WARNING: Unable to find an exact match for CDP version 142, returning the closest version; found: 141; Please update to a Selenium version that supports CDP version 142
]]></system-err>
  </testcase>
  <testcase name="testLockedOutUser[locked_out_user, secret_sauce](1)" classname="SauceDemoTests.LoginPageTests" time="0.571">
    <system-out><![CDATA[00:21:18 INFO  [BotLogger] Test CasetestEmptyFields  passed
00:21:18 INFO  [BotLogger] Browser is opened
00:21:18 INFO  [BotLogger] Browser closed
00:21:19 INFO  [BotLogger] Browser is opened
00:21:20 INFO  [BotLogger] Browser is opened
00:21:20 INFO  [BotLogger] Test CasetestLockedOutUser  started
00:21:20 INFO  [BotLogger] Typed text: locked_out_user into element with locator: By.id: user-name
00:21:20 INFO  [BotLogger] Typed text: secret_sauce into element with locator: By.id: password
00:21:20 INFO  [BotLogger] Clicked on element: By.id: login-button
]]></system-out>
    <system-err><![CDATA[Dec 08, 2025 12:21:19 AM org.openqa.selenium.devtools.CdpVersionFinder findNearestMatch
WARNING: Unable to find an exact match for CDP version 142, returning the closest version; found: 141; Please update to a Selenium version that supports CDP version 142
]]></system-err>
  </testcase>
  <testcase name="validLoginWithJasonData" classname="SauceDemoTests.LoginPageTests" time="0.348">
    <system-out><![CDATA[00:21:20 INFO  [BotLogger] Test CasetestLockedOutUser  passed
00:21:20 INFO  [BotLogger] Browser is opened
00:21:21 INFO  [BotLogger] Browser closed
00:21:21 INFO  [BotLogger] Browser is opened
00:21:22 INFO  [BotLogger] Browser is opened
00:21:22 INFO  [BotLogger] Test CasevalidLoginWithJasonData  started
00:21:22 INFO  [BotLogger] Typed text: standard_user into element with locator: By.id: user-name
00:21:22 INFO  [BotLogger] Typed text: secret_sauce into element with locator: By.id: password
00:21:22 INFO  [BotLogger] Clicked on element: By.id: login-button
]]></system-out>
    <system-err><![CDATA[Dec 08, 2025 12:21:21 AM org.openqa.selenium.devtools.CdpVersionFinder findNearestMatch
WARNING: Unable to find an exact match for CDP version 142, returning the closest version; found: 141; Please update to a Selenium version that supports CDP version 142
]]></system-err>
  </testcase>
  <testcase name="sortingTest[Name (A to Z)](1)" classname="SauceDemoTests.SortingFilterPageTest" time="0.216">
    <system-out><![CDATA[00:21:22 INFO  [BotLogger] Test CasevalidLoginWithJasonData  passed
00:21:22 INFO  [BotLogger] Browser is opened
00:21:23 INFO  [BotLogger] Browser closed
00:21:24 INFO  [BotLogger] Browser is opened
00:21:24 INFO  [BotLogger] Browser is opened
00:21:24 INFO  [BotLogger] Typed text: standard_user into element with locator: By.id: user-name
00:21:24 INFO  [BotLogger] Typed text: secret_sauce into element with locator: By.id: password
00:21:25 INFO  [BotLogger] Clicked on element: By.id: login-button
00:21:25 INFO  [BotLogger] Test CasesortingTest  started
]]></system-out>
    <system-err><![CDATA[Dec 08, 2025 12:21:24 AM org.openqa.selenium.devtools.CdpVersionFinder findNearestMatch
WARNING: Unable to find an exact match for CDP version 142, returning the closest version; found: 141; Please update to a Selenium version that supports CDP version 142
]]></system-err>
  </testcase>
  <testcase name="sortingTest[Name (Z to A)](2)" classname="SauceDemoTests.SortingFilterPageTest" time="0.259">
    <system-out><![CDATA[00:21:25 INFO  [BotLogger] Test CasesortingTest  passed
00:21:25 INFO  [BotLogger] Browser is opened
00:21:25 INFO  [BotLogger] Browser closed
00:21:26 INFO  [BotLogger] Browser is opened
00:21:26 INFO  [BotLogger] Browser is opened
00:21:27 INFO  [BotLogger] Typed text: standard_user into element with locator: By.id: user-name
00:21:27 INFO  [BotLogger] Typed text: secret_sauce into element with locator: By.id: password
00:21:27 INFO  [BotLogger] Clicked on element: By.id: login-button
00:21:27 INFO  [BotLogger] Test CasesortingTest  started
]]></system-out>
    <system-err><![CDATA[Dec 08, 2025 12:21:26 AM org.openqa.selenium.devtools.CdpVersionFinder findNearestMatch
WARNING: Unable to find an exact match for CDP version 142, returning the closest version; found: 141; Please update to a Selenium version that supports CDP version 142
]]></system-err>
  </testcase>
  <testcase name="sortingTest[Price (low to high)](3)" classname="SauceDemoTests.SortingFilterPageTest" time="0.231">
    <system-out><![CDATA[00:21:27 INFO  [BotLogger] Test CasesortingTest  passed
00:21:27 INFO  [BotLogger] Browser is opened
00:21:27 INFO  [BotLogger] Browser closed
00:21:28 INFO  [BotLogger] Browser is opened
00:21:29 INFO  [BotLogger] Browser is opened
00:21:29 INFO  [BotLogger] Typed text: standard_user into element with locator: By.id: user-name
00:21:29 INFO  [BotLogger] Typed text: secret_sauce into element with locator: By.id: password
00:21:29 INFO  [BotLogger] Clicked on element: By.id: login-button
00:21:29 INFO  [BotLogger] Test CasesortingTest  started
]]></system-out>
    <system-err><![CDATA[Dec 08, 2025 12:21:28 AM org.openqa.selenium.devtools.CdpVersionFinder findNearestMatch
WARNING: Unable to find an exact match for CDP version 142, returning the closest version; found: 141; Please update to a Selenium version that supports CDP version 142
]]></system-err>
  </testcase>
  <testcase name="sortingTest[Price (high to low)](4)" classname="SauceDemoTests.SortingFilterPageTest" time="0.247">
    <system-out><![CDATA[00:21:29 INFO  [BotLogger] Test CasesortingTest  passed
00:21:29 INFO  [BotLogger] Browser is opened
00:21:29 INFO  [BotLogger] Browser closed
00:21:30 INFO  [BotLogger] Browser is opened
00:21:31 INFO  [BotLogger] Browser is opened
00:21:31 INFO  [BotLogger] Typed text: standard_user into element with locator: By.id: user-name
00:21:31 INFO  [BotLogger] Typed text: secret_sauce into element with locator: By.id: password
00:21:31 INFO  [BotLogger] Clicked on element: By.id: login-button
00:21:31 INFO  [BotLogger] Test CasesortingTest  started
]]></system-out>
    <system-err><![CDATA[Dec 08, 2025 12:21:30 AM org.openqa.selenium.devtools.CdpVersionFinder findNearestMatch
WARNING: Unable to find an exact match for CDP version 142, returning the closest version; found: 141; Please update to a Selenium version that supports CDP version 142
]]></system-err>
  </testcase>
</testsuite>