<?xml version="1.0" encoding="UTF-8"?>
<testsuite xmlns:xsi="http://www.w3.org/2001/XMLSchema-instance" xsi:noNamespaceSchemaLocation="https://maven.apache.org/surefire/maven-surefire-plugin/xsd/surefire-test-report-3.0.xsd" version="3.0" name="TestSuite" time="190.261" tests="40" errors="0" skipped="0" failures="1">
  <properties>
[...]
</properties>
  <testcase name="Cart_Tc1_openCartAfterAddingItems" classname="SauceDemoTests.CartPageTests" time="0.982">
    <system-out><![CDATA[01:02:34 INFO  [BotLogger] Browser is opened
01:02:36 INFO  [BotLogger] Browser is opened
01:02:36 INFO  [BotLogger] Typed text: standard_user into element with locator: By.id: user-name
01:02:36 INFO  [BotLogger] Typed text: secret_sauce into element with locator: By.id: password
01:02:36 INFO  [BotLogger] Clicked on: By.id: login-button
01:02:36 INFO  [BotLogger] Test CaseCart_Tc1_openCartAfterAddingItems  started
01:02:36 INFO  [BotLogger] Clicked on: By.id: add-to-cart-sauce-labs-backpack
01:02:36 INFO  [BotLogger] Clicked on: By.id: shopping_cart_container
]]></system-out>
    <system-err><![CDATA[[main] WARN org.testng.TestNG - Ignoring duplicate listener : io.qameta.allure.testng.AllureTestNg
[main] WARN org.testng.TestNG - Ignoring duplicate listener : io.qameta.allure.testng.AllureTestNg
[main] WARN org.testng.TestNG - Ignoring duplicate listener : io.qameta.allure.testng.AllureTestNg
Dec 09, 2025 1:02:33 AM org.openqa.selenium.devtools.CdpVersionFinder findNearestMatch
WARNING: Unable to find an exact match for CDP version 142, returning the closest version; found: 141; Please update to a Selenium version that supports CDP version 142
]]></system-err>
  </testcase>
  <testcase name="Cart_Tc2_removeItemFromCart" classname="SauceDemoTests.CartPageTests" time="0.306">
    <system-out><![CDATA[01:02:37 INFO  [BotLogger] Test CaseCart_Tc1_openCartAfterAddingItems  passed
01:02:37 INFO  [BotLogger] Browser is opened
01:02:37 INFO  [BotLogger] Browser closed
01:02:38 INFO  [BotLogger] Browser is opened
01:02:40 INFO  [BotLogger] Browser is opened
01:02:41 INFO  [BotLogger] Typed text: standard_user into element with locator: By.id: user-name
01:02:41 INFO  [BotLogger] Typed text: secret_sauce into element with locator: By.id: password
01:02:41 INFO  [BotLogger] Clicked on: By.id: login-button
01:02:41 INFO  [BotLogger] Test CaseCart_Tc2_removeItemFromCart  started
01:02:41 INFO  [BotLogger] Clicked on: By.id: add-to-cart-sauce-labs-backpack
01:02:41 INFO  [BotLogger] Clicked on: By.id: shopping_cart_container
01:02:41 INFO  [BotLogger] Clicked on: By.xpath: (//button[@class='btn btn_secondary btn_small cart_button'])[1]
]]></system-out>
    <system-err><![CDATA[Dec 09, 2025 1:02:38 AM org.openqa.selenium.devtools.CdpVersionFinder findNearestMatch
WARNING: Unable to find an exact match for CDP version 142, returning the closest version; found: 141; Please update to a Selenium version that supports CDP version 142
]]></system-err>
  </testcase>
  <testcase name="Cart_Tc3_checkoutWithOneItem" classname="SauceDemoTests.CartPageTests" time="0.771">
    <system-out><![CDATA[01:02:41 INFO  [BotLogger] Test CaseCart_Tc2_removeItemFromCart  passed
01:02:41 INFO  [BotLogger] Browser is opened
01:02:41 INFO  [BotLogger] Browser closed
01:02:42 INFO  [BotLogger] Browser is opened
01:02:44 INFO  [BotLogger] Browser is opened
01:02:44 INFO  [BotLogger] Typed text: standard_user into element with locator: By.id: user-name
01:02:45 INFO  [BotLogger] Typed text: secret_sauce into element with locator: By.id: password
01:02:45 INFO  [BotLogger] Clicked on: By.id: login-button
01:02:45 INFO  [BotLogger] Test CaseCart_Tc3_checkoutWithOneItem  started
01:02:45 INFO  [BotLogger] Clicked on: By.id: add-to-cart-sauce-labs-backpack
01:02:45 INFO  [BotLogger] Clicked on: By.id: shopping_cart_container
01:02:46 INFO  [BotLogger] Clicked on: By.id: checkout
]]></system-out>
    <system-err><![CDATA[Dec 09, 2025 1:02:42 AM org.openqa.selenium.devtools.CdpVersionFinder findNearestMatch
WARNING: Unable to find an exact match for CDP version 142, returning the closest version; found: 141; Please update to a Selenium version that supports CDP version 142
]]></system-err>
  </testcase>
  <testcase name="Cart_Tc4_checkoutWithMultipleItems" classname="SauceDemoTests.CartPageTests" time="1.028">
    <system-out><![CDATA[01:02:46 INFO  [BotLogger] Test CaseCart_Tc3_checkoutWithOneItem  passed
01:02:46 INFO  [BotLogger] Browser is opened
01:02:46 INFO  [BotLogger] Browser closed
01:02:47 INFO  [BotLogger] Browser is opened
01:02:49 INFO  [BotLogger] Browser is opened
01:02:49 INFO  [BotLogger] Typed text: standard_user into element with locator: By.id: user-name
01:02:49 INFO  [BotLogger] Typed text: secret_sauce into element with locator: By.id: password
01:02:49 INFO  [BotLogger] Clicked on: By.id: login-button
01:02:49 INFO  [BotLogger] Test CaseCart_Tc4_checkoutWithMultipleItems  started
01:02:49 INFO  [BotLogger] Clicked on: By.id: add-to-cart-sauce-labs-backpack
01:02:49 INFO  [BotLogger] Clicked on: By.id: add-to-cart-sauce-labs-bike-light
01:02:49 INFO  [BotLogger] Clicked on: By.id: add-to-cart-sauce-labs-bolt-t-shirt
01:02:50 INFO  [BotLogger] Clicked on: By.id: shopping_cart_container
01:02:50 INFO  [BotLogger] Clicked on: By.id: checkout
]]></system-out>
    <system-err><![CDATA[Dec 09, 2025 1:02:47 AM org.openqa.selenium.devtools.CdpVersionFinder findNearestMatch
WARNING: Unable to find an exact match for CDP version 142, returning the closest version; found: 141; Please update to a Selenium version that supports CDP version 142
]]></system-err>
  </testcase>
  <testcase name="Confirmation_TC1_finishOrderWithItems[Group, Project, 201](1)" classname="SauceDemoTests.CheckoutConfirmationPageTests" time="1.18">
    <system-out><![CDATA[01:02:50 INFO  [BotLogger] Test CaseCart_Tc4_checkoutWithMultipleItems  passed
01:02:50 INFO  [BotLogger] Browser is opened
01:02:50 INFO  [BotLogger] Browser closed
01:02:51 INFO  [BotLogger] Browser is opened
01:02:53 INFO  [BotLogger] Browser is opened
01:02:54 INFO  [BotLogger] Typed text: standard_user into element with locator: By.id: user-name
01:02:54 INFO  [BotLogger] Typed text: secret_sauce into element with locator: By.id: password
01:02:54 INFO  [BotLogger] Clicked on: By.id: login-button
01:02:54 INFO  [BotLogger] Test CaseConfirmation_TC1_finishOrderWithItems  started
01:02:54 INFO  [BotLogger] Clicked on: By.id: add-to-cart-sauce-labs-backpack
01:02:54 INFO  [BotLogger] Clicked on: By.id: shopping_cart_container
01:02:54 INFO  [BotLogger] Clicked on: By.id: checkout
01:02:54 INFO  [BotLogger] Typed text: Group into element with locator: By.id: first-name
01:02:54 INFO  [BotLogger] Typed text: Project into element with locator: By.id: last-name
01:02:54 INFO  [BotLogger] Typed text: 201 into element with locator: By.id: postal-code
01:02:55 INFO  [BotLogger] Clicked on: By.id: continue
01:02:55 INFO  [BotLogger] Clicked on: By.id: finish
]]></system-out>
    <system-err><![CDATA[Dec 09, 2025 1:02:51 AM org.openqa.selenium.devtools.CdpVersionFinder findNearestMatch
WARNING: Unable to find an exact match for CDP version 142, returning the closest version; found: 141; Please update to a Selenium version that supports CDP version 142
]]></system-err>
  </testcase>
  <testcase name="Confirmation_TC2_finishEmptyCartOrder[Group, Project, 201](1)" classname="SauceDemoTests.CheckoutConfirmationPageTests" time="0.988">
    <failure message="expected [true] but found [false]" type="java.lang.AssertionError"><![CDATA[java.lang.AssertionError: expected [true] but found [false]
	at org.testng.Assert.fail(Assert.java:111)
	at org.testng.Assert.failNotEquals(Assert.java:1590)
	at org.testng.Assert.assertEqualsImpl(Assert.java:150)
	at org.testng.Assert.assertEquals(Assert.java:132)
	at org.testng.Assert.assertEquals(Assert.java:1079)
	at org.testng.Assert.assertEquals(Assert.java:1043)
	at org.testng.Assert.assertEquals(Assert.java:1089)
	at SauceDemoTests.CheckoutConfirmationPageTests.verifyStaysOnCheckoutStepTwoPage(CheckoutConfirmationPageTests.java:52)
	at SauceDemoTests.CheckoutConfirmationPageTests.Confirmation_TC2_finishEmptyCartOrder(CheckoutConfirmationPageTests.java:77)
	at java.base/jdk.internal.reflect.DirectMethodHandleAccessor.invoke(DirectMethodHandleAccessor.java:103)
	at java.base/java.lang.reflect.Method.invoke(Method.java:580)
	at org.testng.internal.invokers.MethodInvocationHelper.invokeMethod(MethodInvocationHelper.java:141)
	at org.testng.internal.invokers.TestInvoker.invokeMethod(TestInvoker.java:687)
	at org.testng.internal.invokers.TestInvoker.invokeTestMethod(TestInvoker.java:230)
	at org.testng.internal.invokers.MethodRunner.runInSequence(MethodRunner.java:63)
	at org.testng.internal.invokers.TestInvoker$MethodInvocationAgent.invoke(TestInvoker.java:995)
	at org.testng.internal.invokers.TestInvoker.invokeTestMethods(TestInvoker.java:203)
	at org.testng.internal.invokers.TestMethodWorker.invokeTestMethods(TestMethodWorker.java:154)
	at org.testng.internal.invokers.TestMethodWorker.run(TestMethodWorker.java:134)
	at java.base/java.util.ArrayList.forEach(ArrayList.java:1596)
	at org.testng.TestRunner.privateRun(TestRunner.java:741)
	at org.testng.TestRunner.run(TestRunner.java:616)
	at org.testng.SuiteRunner.runTest(SuiteRunner.java:421)
	at org.testng.SuiteRunner.runSequentially(SuiteRunner.java:413)
	at org.testng.SuiteRunner.privateRun(SuiteRunner.java:373)
	at org.testng.SuiteRunner.run(SuiteRunner.java:312)
	at org.testng.SuiteRunnerWorker.runSuite(SuiteRunnerWorker.java:52)
	at org.testng.SuiteRunnerWorker.run(SuiteRunnerWorker.java:95)
	at org.testng.TestNG.runSuitesSequentially(TestNG.java:1274)
	at org.testng.TestNG.runSuitesLocally(TestNG.java:1208)
	at org.testng.TestNG.runSuites(TestNG.java:1112)
	at org.testng.TestNG.run(TestNG.java:1079)
	at org.apache.maven.surefire.testng.TestNGExecutor.run(TestNGExecutor.java:155)
	at org.apache.maven.surefire.testng.TestNGDirectoryTestSuite.executeMulti(TestNGDirectoryTestSuite.java:169)
	at org.apache.maven.surefire.testng.TestNGDirectoryTestSuite.execute(TestNGDirectoryTestSuite.java:88)
	at org.apache.maven.surefire.testng.TestNGProvider.invoke(TestNGProvider.java:137)
	at org.apache.maven.surefire.booter.ForkedBooter.runSuitesInProcess(ForkedBooter.java:385)
	at org.apache.maven.surefire.booter.ForkedBooter.execute(ForkedBooter.java:162)
	at org.apache.maven.surefire.booter.ForkedBooter.run(ForkedBooter.java:507)
	at org.apache.maven.surefire.booter.ForkedBooter.main(ForkedBooter.java:495)
]]></failure>
    <system-out><![CDATA[01:02:55 INFO  [BotLogger] Test CaseConfirmation_TC1_finishOrderWithItems  passed
01:02:55 INFO  [BotLogger] Browser is opened
01:02:55 INFO  [BotLogger] Browser closed
01:02:56 INFO  [BotLogger] Browser is opened
01:02:59 INFO  [BotLogger] Browser is opened
01:02:59 INFO  [BotLogger] Typed text: standard_user into element with locator: By.id: user-name
01:02:59 INFO  [BotLogger] Typed text: secret_sauce into element with locator: By.id: password
01:02:59 INFO  [BotLogger] Clicked on: By.id: login-button
01:02:59 INFO  [BotLogger] Test CaseConfirmation_TC2_finishEmptyCartOrder  started
01:02:59 INFO  [BotLogger] Clicked on: By.id: shopping_cart_container
01:02:59 INFO  [BotLogger] Clicked on: By.id: checkout
01:02:59 INFO  [BotLogger] Typed text: Group into element with locator: By.id: first-name
01:03:00 INFO  [BotLogger] Typed text: Project into element with locator: By.id: last-name
01:03:00 INFO  [BotLogger] Typed text: 201 into element with locator: By.id: postal-code
01:03:00 INFO  [BotLogger] Clicked on: By.id: continue
01:03:00 INFO  [BotLogger] Clicked on: By.id: finish
01:03:00 INFO  [BotLogger] TestCase  Confirmation_TC2_finishEmptyCartOrder  failed
01:03:00 INFO  [BotLogger] Browser is opened
01:03:00 INFO  [BotLogger] Screenshot taken: Confirmation_TC2_finishEmptyCartOrder
]]></system-out>
    <system-err><![CDATA[Dec 09, 2025 1:02:56 AM org.openqa.selenium.devtools.CdpVersionFinder findNearestMatch
WARNING: Unable to find an exact match for CDP version 142, returning the closest version; found: 141; Please update to a Selenium version that supports CDP version 142
]]></system-err>
  </testcase>
  <testcase name="Confirmation_TC3_backToHomeAfterCompletion[Group, Project, 201](1)" classname="SauceDemoTests.CheckoutConfirmationPageTests" time="0.915">
    <system-out><![CDATA[01:03:00 INFO  [BotLogger] Test CaseConfirmation_TC2_finishEmptyCartOrder  failed
01:03:00 INFO  [BotLogger] Browser is opened
01:03:00 INFO  [BotLogger] Browser closed
01:03:01 INFO  [BotLogger] Browser is opened
01:03:03 INFO  [BotLogger] Browser is opened
01:03:03 INFO  [BotLogger] Typed text: standard_user into element with locator: By.id: user-name
01:03:03 INFO  [BotLogger] Typed text: secret_sauce into element with locator: By.id: password
01:03:04 INFO  [BotLogger] Clicked on: By.id: login-button
01:03:04 INFO  [BotLogger] Test CaseConfirmation_TC3_backToHomeAfterCompletion  started
01:03:04 INFO  [BotLogger] Clicked on: By.id: add-to-cart-sauce-labs-backpack
01:03:04 INFO  [BotLogger] Clicked on: By.id: shopping_cart_container
01:03:04 INFO  [BotLogger] Clicked on: By.id: checkout
01:03:04 INFO  [BotLogger] Typed text: Group into element with locator: By.id: first-name
01:03:04 INFO  [BotLogger] Typed text: Project into element with locator: By.id: last-name
01:03:04 INFO  [BotLogger] Typed text: 201 into element with locator: By.id: postal-code
01:03:04 INFO  [BotLogger] Clicked on: By.id: continue
01:03:04 INFO  [BotLogger] Clicked on: By.id: finish
01:03:04 INFO  [BotLogger] Clicked on: By.xpath: //button[text()='Back Home']
]]></system-out>
    <system-err><![CDATA[Dec 09, 2025 1:03:01 AM org.openqa.selenium.devtools.CdpVersionFinder findNearestMatch
WARNING: Unable to find an exact match for CDP version 142, returning the closest version; found: 141; Please update to a Selenium version that supports CDP version 142
]]></system-err>
  </testcase>
  <testcase name="testCheckoutWithEmptyFirstName[, Project, 201](1)" classname="SauceDemoTests.CheckoutPageTests" time="0.801">
    <system-out><![CDATA[01:03:04 INFO  [BotLogger] Test CaseConfirmation_TC3_backToHomeAfterCompletion  passed
01:03:04 INFO  [BotLogger] Browser is opened
01:03:05 INFO  [BotLogger] Browser closed
01:03:06 INFO  [BotLogger] Browser is opened
01:03:08 INFO  [BotLogger] Browser is opened
01:03:08 INFO  [BotLogger] Typed text: standard_user into element with locator: By.id: user-name
01:03:08 INFO  [BotLogger] Typed text: secret_sauce into element with locator: By.id: password
01:03:08 INFO  [BotLogger] Clicked on: By.id: login-button
01:03:08 INFO  [BotLogger] Clicked on: By.id: add-to-cart-sauce-labs-backpack
01:03:09 INFO  [BotLogger] Clicked on: By.id: shopping_cart_container
01:03:09 INFO  [BotLogger] Clicked on: By.id: checkout
01:03:09 INFO  [BotLogger] Test CasetestCheckoutWithEmptyFirstName  started
01:03:09 INFO  [BotLogger] Typed text:  into element with locator: By.id: first-name
01:03:09 INFO  [BotLogger] Typed text: Project into element with locator: By.id: last-name
01:03:09 INFO  [BotLogger] Typed text: 201 into element with locator: By.id: postal-code
01:03:09 INFO  [BotLogger] Clicked on: By.id: continue
]]></system-out>
    <system-err><![CDATA[Dec 09, 2025 1:03:06 AM org.openqa.selenium.devtools.CdpVersionFinder findNearestMatch
WARNING: Unable to find an exact match for CDP version 142, returning the closest version; found: 141; Please update to a Selenium version that supports CDP version 142
]]></system-err>
  </testcase>
  <testcase name="testCheckoutWithEmptyZip[Group, Project, ](1)" classname="SauceDemoTests.CheckoutPageTests" time="0.801">
    <system-out><![CDATA[01:03:09 INFO  [BotLogger] Test CasetestCheckoutWithEmptyFirstName  passed
01:03:09 INFO  [BotLogger] Browser is opened
01:03:10 INFO  [BotLogger] Browser closed
01:03:11 INFO  [BotLogger] Browser is opened
01:03:13 INFO  [BotLogger] Browser is opened
01:03:13 INFO  [BotLogger] Typed text: standard_user into element with locator: By.id: user-name
01:03:13 INFO  [BotLogger] Typed text: secret_sauce into element with locator: By.id: password
01:03:13 INFO  [BotLogger] Clicked on: By.id: login-button
01:03:13 INFO  [BotLogger] Clicked on: By.id: add-to-cart-sauce-labs-backpack
01:03:13 INFO  [BotLogger] Clicked on: By.id: shopping_cart_container
01:03:14 INFO  [BotLogger] Clicked on: By.id: checkout
01:03:14 INFO  [BotLogger] Test CasetestCheckoutWithEmptyZip  started
01:03:14 INFO  [BotLogger] Typed text: Group into element with locator: By.id: first-name
01:03:14 INFO  [BotLogger] Typed text: Project into element with locator: By.id: last-name
01:03:14 INFO  [BotLogger] Typed text:  into element with locator: By.id: postal-code
01:03:14 INFO  [BotLogger] Clicked on: By.id: continue
]]></system-out>
    <system-err><![CDATA[Dec 09, 2025 1:03:11 AM org.openqa.selenium.devtools.CdpVersionFinder findNearestMatch
WARNING: Unable to find an exact match for CDP version 142, returning the closest version; found: 141; Please update to a Selenium version that supports CDP version 142
]]></system-err>
  </testcase>
  <testcase name="testCheckoutWithValidData[Group, Project, 201](1)" classname="SauceDemoTests.CheckoutPageTests" time="0.454">
    <system-out><![CDATA[01:03:14 INFO  [BotLogger] Test CasetestCheckoutWithEmptyZip  passed
01:03:14 INFO  [BotLogger] Browser is opened
01:03:15 INFO  [BotLogger] Browser closed
01:03:16 INFO  [BotLogger] Browser is opened
01:03:18 INFO  [BotLogger] Browser is opened
01:03:18 INFO  [BotLogger] Typed text: standard_user into element with locator: By.id: user-name
01:03:18 INFO  [BotLogger] Typed text: secret_sauce into element with locator: By.id: password
01:03:18 INFO  [BotLogger] Clicked on: By.id: login-button
01:03:18 INFO  [BotLogger] Clicked on: By.id: add-to-cart-sauce-labs-backpack
01:03:18 INFO  [BotLogger] Clicked on: By.id: shopping_cart_container
01:03:18 INFO  [BotLogger] Clicked on: By.id: checkout
01:03:18 INFO  [BotLogger] Test CasetestCheckoutWithValidData  started
01:03:19 INFO  [BotLogger] Typed text: Group into element with locator: By.id: first-name
01:03:19 INFO  [BotLogger] Typed text: Project into element with locator: By.id: last-name
01:03:19 INFO  [BotLogger] Typed text: 201 into element with locator: By.id: postal-code
01:03:19 INFO  [BotLogger] Clicked on: By.id: continue
]]></system-out>
    <system-err><![CDATA[Dec 09, 2025 1:03:16 AM org.openqa.selenium.devtools.CdpVersionFinder findNearestMatch
WARNING: Unable to find an exact match for CDP version 142, returning the closest version; found: 141; Please update to a Selenium version that supports CDP version 142
]]></system-err>
  </testcase>
  <testcase name="invalidEndToEndPurchaseFlow1" classname="SauceDemoTests.EndToEndTest" time="1.342">
    <system-out><![CDATA[01:03:19 INFO  [BotLogger] Test CasetestCheckoutWithValidData  passed
01:03:19 INFO  [BotLogger] Browser is opened
01:03:19 INFO  [BotLogger] Browser closed
01:03:20 INFO  [BotLogger] Browser is opened
01:03:22 INFO  [BotLogger] Browser is opened
01:03:22 INFO  [BotLogger] Test CaseinvalidEndToEndPurchaseFlow1  started
01:03:22 INFO  [BotLogger] Typed text: standard_user into element with locator: By.id: user-name
01:03:22 INFO  [BotLogger] Typed text: secret_sauce into element with locator: By.id: password
01:03:23 INFO  [BotLogger] Clicked on: By.id: login-button
01:03:23 INFO  [BotLogger] Clicked on: By.id: add-to-cart-sauce-labs-backpack
01:03:23 INFO  [BotLogger] Clicked on: By.id: add-to-cart-sauce-labs-bike-light
01:03:23 INFO  [BotLogger] Clicked on: By.id: add-to-cart-sauce-labs-bolt-t-shirt
01:03:23 INFO  [BotLogger] Clicked on: By.id: shopping_cart_container
01:03:23 INFO  [BotLogger] Clicked on: By.id: checkout
01:03:23 INFO  [BotLogger] Typed text:  into element with locator: By.id: first-name
01:03:23 INFO  [BotLogger] Typed text: Testing into element with locator: By.id: last-name
01:03:23 INFO  [BotLogger] Typed text: 201 into element with locator: By.id: postal-code
01:03:23 INFO  [BotLogger] Clicked on: By.id: continue
]]></system-out>
    <system-err><![CDATA[Dec 09, 2025 1:03:20 AM org.openqa.selenium.devtools.CdpVersionFinder findNearestMatch
WARNING: Unable to find an exact match for CDP version 142, returning the closest version; found: 141; Please update to a Selenium version that supports CDP version 142
]]></system-err>
  </testcase>
  <testcase name="invalidEndToEndPurchaseFlow2" classname="SauceDemoTests.EndToEndTest" time="1.463">
    <system-out><![CDATA[01:03:23 INFO  [BotLogger] Test CaseinvalidEndToEndPurchaseFlow1  passed
01:03:23 INFO  [BotLogger] Browser is opened
01:03:24 INFO  [BotLogger] Browser closed
01:03:25 INFO  [BotLogger] Browser is opened
01:03:27 INFO  [BotLogger] Browser is opened
01:03:27 INFO  [BotLogger] Test CaseinvalidEndToEndPurchaseFlow2  started
01:03:27 INFO  [BotLogger] Typed text: standard_user into element with locator: By.id: user-name
01:03:27 INFO  [BotLogger] Typed text: secret_sauce into element with locator: By.id: password
01:03:28 INFO  [BotLogger] Clicked on: By.id: login-button
01:03:28 INFO  [BotLogger] Clicked on: By.id: add-to-cart-sauce-labs-backpack
01:03:28 INFO  [BotLogger] Clicked on: By.id: add-to-cart-sauce-labs-bike-light
01:03:28 INFO  [BotLogger] Clicked on: By.id: add-to-cart-sauce-labs-bolt-t-shirt
01:03:28 INFO  [BotLogger] Clicked on: By.id: shopping_cart_container
01:03:28 INFO  [BotLogger] Clicked on: By.id: checkout
01:03:28 INFO  [BotLogger] Typed text: NHA into element with locator: By.id: first-name
01:03:28 INFO  [BotLogger] Typed text:  into element with locator: By.id: last-name
01:03:28 INFO  [BotLogger] Typed text: 201 into element with locator: By.id: postal-code
01:03:28 INFO  [BotLogger] Clicked on: By.id: continue
]]></system-out>
    <system-err><![CDATA[Dec 09, 2025 1:03:25 AM org.openqa.selenium.devtools.CdpVersionFinder findNearestMatch
WARNING: Unable to find an exact match for CDP version 142, returning the closest version; found: 141; Please update to a Selenium version that supports CDP version 142
]]></system-err>
  </testcase>
  <testcase name="invalidEndToEndPurchaseFlow3" classname="SauceDemoTests.EndToEndTest" time="1.485">
    <system-out><![CDATA[01:03:28 INFO  [BotLogger] Test CaseinvalidEndToEndPurchaseFlow2  passed
01:03:28 INFO  [BotLogger] Browser is opened
01:03:29 INFO  [BotLogger] Browser closed
01:03:30 INFO  [BotLogger] Browser is opened
01:03:32 INFO  [BotLogger] Browser is opened
01:03:32 INFO  [BotLogger] Test CaseinvalidEndToEndPurchaseFlow3  started
01:03:32 INFO  [BotLogger] Typed text: standard_user into element with locator: By.id: user-name
01:03:32 INFO  [BotLogger] Typed text: secret_sauce into element with locator: By.id: password
01:03:32 INFO  [BotLogger] Clicked on: By.id: login-button
01:03:33 INFO  [BotLogger] Clicked on: By.id: add-to-cart-sauce-labs-backpack
01:03:33 INFO  [BotLogger] Clicked on: By.id: add-to-cart-sauce-labs-bike-light
01:03:33 INFO  [BotLogger] Clicked on: By.id: add-to-cart-sauce-labs-bolt-t-shirt
01:03:33 INFO  [BotLogger] Clicked on: By.id: shopping_cart_container
01:03:33 INFO  [BotLogger] Clicked on: By.id: checkout
01:03:33 INFO  [BotLogger] Typed text: NHA into element with locator: By.id: first-name
01:03:33 INFO  [BotLogger] Typed text: Testing into element with locator: By.id: last-name
01:03:33 INFO  [BotLogger] Typed text:  into element with locator: By.id: postal-code
01:03:33 INFO  [BotLogger] Clicked on: By.id: continue
]]></system-out>
    <system-err><![CDATA[Dec 09, 2025 1:03:30 AM org.openqa.selenium.devtools.CdpVersionFinder findNearestMatch
WARNING: Unable to find an exact match for CDP version 142, returning the closest version; found: 141; Please update to a Selenium version that supports CDP version 142
]]></system-err>
  </testcase>
  <testcase name="invalidEndToEndPurchaseFlow4" classname="SauceDemoTests.EndToEndTest" time="1.372">
    <system-out><![CDATA[01:03:33 INFO  [BotLogger] Test CaseinvalidEndToEndPurchaseFlow3  passed
01:03:33 INFO  [BotLogger] Browser is opened
01:03:34 INFO  [BotLogger] Browser closed
01:03:34 INFO  [BotLogger] Browser is opened
01:03:37 INFO  [BotLogger] Browser is opened
01:03:37 INFO  [BotLogger] Test CaseinvalidEndToEndPurchaseFlow4  started
01:03:37 INFO  [BotLogger] Typed text: standard_user into element with locator: By.id: user-name
01:03:37 INFO  [BotLogger] Typed text: secret_sauce into element with locator: By.id: password
01:03:37 INFO  [BotLogger] Clicked on: By.id: login-button
01:03:37 INFO  [BotLogger] Clicked on: By.id: add-to-cart-sauce-labs-backpack
01:03:37 INFO  [BotLogger] Clicked on: By.id: add-to-cart-sauce-labs-bike-light
01:03:37 INFO  [BotLogger] Clicked on: By.id: add-to-cart-sauce-labs-bolt-t-shirt
01:03:37 INFO  [BotLogger] Clicked on: By.id: shopping_cart_container
01:03:38 INFO  [BotLogger] Clicked on: By.id: checkout
01:03:38 INFO  [BotLogger] Typed text:  into element with locator: By.id: first-name
01:03:38 INFO  [BotLogger] Typed text: Testing into element with locator: By.id: last-name
01:03:38 INFO  [BotLogger] Typed text:  into element with locator: By.id: postal-code
01:03:38 INFO  [BotLogger] Clicked on: By.id: cancel
]]></system-out>
    <system-err><![CDATA[Dec 09, 2025 1:03:34 AM org.openqa.selenium.devtools.CdpVersionFinder findNearestMatch
WARNING: Unable to find an exact match for CDP version 142, returning the closest version; found: 141; Please update to a Selenium version that supports CDP version 142
]]></system-err>
  </testcase>
  <testcase name="invalidEndToEndPurchaseFlow5" classname="SauceDemoTests.EndToEndTest" time="1.374">
    <system-out><![CDATA[01:03:38 INFO  [BotLogger] Test CaseinvalidEndToEndPurchaseFlow4  passed
01:03:38 INFO  [BotLogger] Browser is opened
01:03:38 INFO  [BotLogger] Browser closed
01:03:39 INFO  [BotLogger] Browser is opened
01:03:41 INFO  [BotLogger] Browser is opened
01:03:41 INFO  [BotLogger] Test CaseinvalidEndToEndPurchaseFlow5  started
01:03:42 INFO  [BotLogger] Typed text: standard_user into element with locator: By.id: user-name
01:03:42 INFO  [BotLogger] Typed text: secret_sauce into element with locator: By.id: password
01:03:42 INFO  [BotLogger] Clicked on: By.id: login-button
01:03:42 INFO  [BotLogger] Clicked on: By.id: add-to-cart-sauce-labs-backpack
01:03:42 INFO  [BotLogger] Clicked on: By.id: add-to-cart-sauce-labs-bike-light
01:03:42 INFO  [BotLogger] Clicked on: By.id: add-to-cart-sauce-labs-bolt-t-shirt
01:03:42 INFO  [BotLogger] Clicked on: By.id: shopping_cart_container
01:03:42 INFO  [BotLogger] Clicked on: By.id: checkout
01:03:42 INFO  [BotLogger] Typed text:  into element with locator: By.id: first-name
01:03:42 INFO  [BotLogger] Typed text:  into element with locator: By.id: last-name
01:03:43 INFO  [BotLogger] Typed text: 201 into element with locator: By.id: postal-code
01:03:43 INFO  [BotLogger] Clicked on: By.id: continue
]]></system-out>
    <system-err><![CDATA[Dec 09, 2025 1:03:39 AM org.openqa.selenium.devtools.CdpVersionFinder findNearestMatch
WARNING: Unable to find an exact match for CDP version 142, returning the closest version; found: 141; Please update to a Selenium version that supports CDP version 142
]]></system-err>
  </testcase>
  <testcase name="invalidEndToEndPurchaseFlow6" classname="SauceDemoTests.EndToEndTest" time="1.567">
    <system-out><![CDATA[01:03:43 INFO  [BotLogger] Test CaseinvalidEndToEndPurchaseFlow5  passed
01:03:43 INFO  [BotLogger] Browser is opened
01:03:43 INFO  [BotLogger] Browser closed
01:03:44 INFO  [BotLogger] Browser is opened
01:03:46 INFO  [BotLogger] Browser is opened
01:03:46 INFO  [BotLogger] Test CaseinvalidEndToEndPurchaseFlow6  started
01:03:46 INFO  [BotLogger] Typed text: standard_user into element with locator: By.id: user-name
01:03:47 INFO  [BotLogger] Typed text: secret_sauce into element with locator: By.id: password
01:03:47 INFO  [BotLogger] Clicked on: By.id: login-button
01:03:47 INFO  [BotLogger] Clicked on: By.id: add-to-cart-sauce-labs-backpack
01:03:47 INFO  [BotLogger] Clicked on: By.id: add-to-cart-sauce-labs-bike-light
01:03:47 INFO  [BotLogger] Clicked on: By.id: add-to-cart-sauce-labs-bolt-t-shirt
01:03:47 INFO  [BotLogger] Clicked on: By.id: shopping_cart_container
01:03:47 INFO  [BotLogger] Clicked on: By.id: checkout
01:03:47 INFO  [BotLogger] Typed text: NHA into element with locator: By.id: first-name
01:03:47 INFO  [BotLogger] Typed text:  into element with locator: By.id: last-name
01:03:48 INFO  [BotLogger] Typed text: 201 into element with locator: By.id: postal-code
01:03:48 INFO  [BotLogger] Clicked on: By.id: continue
01:03:48 INFO  [BotLogger] Clicked on: By.id: cancel
]]></system-out>
    <system-err><![CDATA[Dec 09, 2025 1:03:44 AM org.openqa.selenium.devtools.CdpVersionFinder findNearestMatch
WARNING: Unable to find an exact match for CDP version 142, returning the closest version; found: 141; Please update to a Selenium version that supports CDP version 142
]]></system-err>
  </testcase>
  <testcase name="validEndToEndPurchaseFlow1" classname="SauceDemoTests.EndToEndTest" time="2.21">
    <system-out><![CDATA[01:03:48 INFO  [BotLogger] Test CaseinvalidEndToEndPurchaseFlow6  passed
01:03:48 INFO  [BotLogger] Browser is opened
01:03:48 INFO  [BotLogger] Browser closed
01:03:49 INFO  [BotLogger] Browser is opened
01:03:52 INFO  [BotLogger] Browser is opened
01:03:52 INFO  [BotLogger] Test CasevalidEndToEndPurchaseFlow1  started
01:03:53 INFO  [BotLogger] Typed text: standard_user into element with locator: By.id: user-name
01:03:53 INFO  [BotLogger] Typed text: secret_sauce into element with locator: By.id: password
01:03:53 INFO  [BotLogger] Clicked on: By.id: login-button
01:03:53 INFO  [BotLogger] Clicked on: By.id: add-to-cart-sauce-labs-backpack
01:03:53 INFO  [BotLogger] Clicked on: By.id: add-to-cart-sauce-labs-bike-light
01:03:53 INFO  [BotLogger] Clicked on: By.id: add-to-cart-sauce-labs-bolt-t-shirt
01:03:53 INFO  [BotLogger] Clicked on: By.id: shopping_cart_container
01:03:53 INFO  [BotLogger] Clicked on: By.id: checkout
01:03:54 INFO  [BotLogger] Typed text: NHA into element with locator: By.id: first-name
01:03:54 INFO  [BotLogger] Typed text: Testing into element with locator: By.id: last-name
01:03:54 INFO  [BotLogger] Typed text: 201 into element with locator: By.id: postal-code
01:03:54 INFO  [BotLogger] Clicked on: By.id: continue
01:03:54 INFO  [BotLogger] Clicked on: By.id: finish
]]></system-out>
    <system-err><![CDATA[Dec 09, 2025 1:03:49 AM org.openqa.selenium.devtools.CdpVersionFinder findNearestMatch
WARNING: Unable to find an exact match for CDP version 142, returning the closest version; found: 141; Please update to a Selenium version that supports CDP version 142
]]></system-err>
  </testcase>
  <testcase name="validEndToEndPurchaseFlow2" classname="SauceDemoTests.EndToEndTest" time="1.57">
    <system-out><![CDATA[01:03:55 INFO  [BotLogger] Test CasevalidEndToEndPurchaseFlow1  passed
01:03:55 INFO  [BotLogger] Browser is opened
01:03:55 INFO  [BotLogger] Browser closed
01:03:56 INFO  [BotLogger] Browser is opened
01:03:58 INFO  [BotLogger] Browser is opened
01:03:58 INFO  [BotLogger] Test CasevalidEndToEndPurchaseFlow2  started
01:03:58 INFO  [BotLogger] Typed text: standard_user into element with locator: By.id: user-name
01:03:59 INFO  [BotLogger] Typed text: secret_sauce into element with locator: By.id: password
01:03:59 INFO  [BotLogger] Clicked on: By.id: login-button
01:03:59 INFO  [BotLogger] Clicked on: By.id: add-to-cart-sauce-labs-backpack
01:03:59 INFO  [BotLogger] Clicked on: By.id: add-to-cart-sauce-labs-bike-light
01:03:59 INFO  [BotLogger] Clicked on: By.id: add-to-cart-sauce-labs-bolt-t-shirt
01:03:59 INFO  [BotLogger] Clicked on: By.id: shopping_cart_container
01:03:59 INFO  [BotLogger] Clicked on: By.id: checkout
01:03:59 INFO  [BotLogger] Typed text: NHA into element with locator: By.id: first-name
01:03:59 INFO  [BotLogger] Typed text: Testing into element with locator: By.id: last-name
01:03:59 INFO  [BotLogger] Typed text: 201 into element with locator: By.id: postal-code
01:04:00 INFO  [BotLogger] Clicked on: By.id: continue
01:04:00 INFO  [BotLogger] Clicked on: By.id: finish
01:04:00 INFO  [BotLogger] Clicked on: By.xpath: //button[text()='Back Home']
]]></system-out>
    <system-err><![CDATA[Dec 09, 2025 1:03:56 AM org.openqa.selenium.devtools.CdpVersionFinder findNearestMatch
WARNING: Unable to find an exact match for CDP version 142, returning the closest version; found: 141; Please update to a Selenium version that supports CDP version 142
]]></system-err>
  </testcase>
  <testcase name="Home_Tc1_scrollAndCheckBadge" classname="SauceDemoTests.HomePageTest" time="0.659">
    <system-out><![CDATA[01:04:00 INFO  [BotLogger] Test CasevalidEndToEndPurchaseFlow2  passed
01:04:00 INFO  [BotLogger] Browser is opened
01:04:00 INFO  [BotLogger] Browser closed
01:04:01 INFO  [BotLogger] Browser is opened
01:04:03 INFO  [BotLogger] Browser is opened
01:04:03 INFO  [BotLogger] Typed text: standard_user into element with locator: By.id: user-name
01:04:03 INFO  [BotLogger] Typed text: secret_sauce into element with locator: By.id: password
01:04:04 INFO  [BotLogger] Clicked on: By.id: login-button
01:04:04 INFO  [BotLogger] Test CaseHome_Tc1_scrollAndCheckBadge  started
01:04:04 INFO  [BotLogger] Scrolled to element: By.className: footer
01:04:04 INFO  [BotLogger] Scrolled to element: By.className: app_logo
]]></system-out>
    <system-err><![CDATA[Dec 09, 2025 1:04:01 AM org.openqa.selenium.devtools.CdpVersionFinder findNearestMatch
WARNING: Unable to find an exact match for CDP version 142, returning the closest version; found: 141; Please update to a Selenium version that supports CDP version 142
]]></system-err>
  </testcase>
  <testcase name="Home_Tc2_testOpenMenu" classname="SauceDemoTests.HomePageTest" time="0.135">
    <system-out><![CDATA[01:04:04 INFO  [BotLogger] Test CaseHome_Tc1_scrollAndCheckBadge  passed
01:04:04 INFO  [BotLogger] Browser is opened
01:04:05 INFO  [BotLogger] Browser closed
01:04:06 INFO  [BotLogger] Browser is opened
01:04:08 INFO  [BotLogger] Browser is opened
01:04:08 INFO  [BotLogger] Typed text: standard_user into element with locator: By.id: user-name
01:04:08 INFO  [BotLogger] Typed text: secret_sauce into element with locator: By.id: password
01:04:08 INFO  [BotLogger] Clicked on: By.id: login-button
01:04:08 INFO  [BotLogger] Test CaseHome_Tc2_testOpenMenu  started
01:04:08 INFO  [BotLogger] Clicked on: By.xpath: //button[@id='react-burger-menu-btn']
01:04:08 INFO  [BotLogger] Element displayed status for locator By.id: menu_button_container: true
]]></system-out>
    <system-err><![CDATA[Dec 09, 2025 1:04:06 AM org.openqa.selenium.devtools.CdpVersionFinder findNearestMatch
WARNING: Unable to find an exact match for CDP version 142, returning the closest version; found: 141; Please update to a Selenium version that supports CDP version 142
]]></system-err>
  </testcase>
  <testcase name="Home_Tc3_addMultipleProducts" classname="SauceDemoTests.HomePageTest" time="0.657">
    <system-out><![CDATA[01:04:08 INFO  [BotLogger] Test CaseHome_Tc2_testOpenMenu  passed
01:04:08 INFO  [BotLogger] Browser is opened
01:04:09 INFO  [BotLogger] Browser closed
01:04:09 INFO  [BotLogger] Browser is opened
01:04:11 INFO  [BotLogger] Browser is opened
01:04:12 INFO  [BotLogger] Typed text: standard_user into element with locator: By.id: user-name
01:04:12 INFO  [BotLogger] Typed text: secret_sauce into element with locator: By.id: password
01:04:12 INFO  [BotLogger] Clicked on: By.id: login-button
01:04:12 INFO  [BotLogger] Test CaseHome_Tc3_addMultipleProducts  started
01:04:12 INFO  [BotLogger] Clicked on: By.id: add-to-cart-sauce-labs-backpack
01:04:12 INFO  [BotLogger] Clicked on: By.id: add-to-cart-sauce-labs-bike-light
01:04:12 INFO  [BotLogger] Clicked on: By.id: add-to-cart-sauce-labs-bolt-t-shirt
]]></system-out>
    <system-err><![CDATA[Dec 09, 2025 1:04:09 AM org.openqa.selenium.devtools.CdpVersionFinder findNearestMatch
WARNING: Unable to find an exact match for CDP version 142, returning the closest version; found: 141; Please update to a Selenium version that supports CDP version 142
]]></system-err>
  </testcase>
  <testcase name="Home_Tc4_removeProducts" classname="SauceDemoTests.HomePageTest" time="0.509">
    <system-out><![CDATA[01:04:13 INFO  [BotLogger] Test CaseHome_Tc3_addMultipleProducts  passed
01:04:13 INFO  [BotLogger] Browser is opened
01:04:13 INFO  [BotLogger] Browser closed
01:04:14 INFO  [BotLogger] Browser is opened
01:04:16 INFO  [BotLogger] Browser is opened
01:04:16 INFO  [BotLogger] Typed text: standard_user into element with locator: By.id: user-name
01:04:16 INFO  [BotLogger] Typed text: secret_sauce into element with locator: By.id: password
01:04:17 INFO  [BotLogger] Clicked on: By.id: login-button
01:04:17 INFO  [BotLogger] Test CaseHome_Tc4_removeProducts  started
01:04:17 INFO  [BotLogger] Clicked on: By.id: add-to-cart-sauce-labs-backpack
01:04:17 INFO  [BotLogger] Clicked on: By.id: add-to-cart-sauce-labs-bike-light
01:04:17 INFO  [BotLogger] Clicked on: By.id: add-to-cart-sauce-labs-bolt-t-shirt
01:04:17 INFO  [BotLogger] Clicked on: By.id: remove-sauce-labs-backpack
01:04:17 INFO  [BotLogger] Clicked on: By.id: remove-sauce-labs-bike-light
01:04:17 INFO  [BotLogger] Clicked on: By.id: remove-sauce-labs-bolt-t-shirt
]]></system-out>
    <system-err><![CDATA[Dec 09, 2025 1:04:14 AM org.openqa.selenium.devtools.CdpVersionFinder findNearestMatch
WARNING: Unable to find an exact match for CDP version 142, returning the closest version; found: 141; Please update to a Selenium version that supports CDP version 142
]]></system-err>
  </testcase>
  <testcase name="testValidLogin[standard_user, secret_sauce](1)" classname="SauceDemoTests.LoginPageTests" time="0.447">
    <system-out><![CDATA[01:04:17 INFO  [BotLogger] Test CaseHome_Tc4_removeProducts  passed
01:04:17 INFO  [BotLogger] Browser is opened
01:04:17 INFO  [BotLogger] Browser closed
01:04:18 INFO  [BotLogger] Browser is opened
01:04:20 INFO  [BotLogger] Browser is opened
01:04:20 INFO  [BotLogger] Test CasetestValidLogin  started
01:04:20 INFO  [BotLogger] Typed text: standard_user into element with locator: By.id: user-name
01:04:20 INFO  [BotLogger] Typed text: secret_sauce into element with locator: By.id: password
01:04:21 INFO  [BotLogger] Clicked on: By.id: login-button
]]></system-out>
    <system-err><![CDATA[Dec 09, 2025 1:04:18 AM org.openqa.selenium.devtools.CdpVersionFinder findNearestMatch
WARNING: Unable to find an exact match for CDP version 142, returning the closest version; found: 141; Please update to a Selenium version that supports CDP version 142
]]></system-err>
  </testcase>
  <testcase name="testValidLogin[problem_user, secret_sauce](2)" classname="SauceDemoTests.LoginPageTests" time="0.488">
    <system-out><![CDATA[01:04:21 INFO  [BotLogger] Test CasetestValidLogin  passed
01:04:21 INFO  [BotLogger] Browser is opened
01:04:21 INFO  [BotLogger] Browser closed
01:04:22 INFO  [BotLogger] Browser is opened
01:04:24 INFO  [BotLogger] Browser is opened
01:04:24 INFO  [BotLogger] Test CasetestValidLogin  started
01:04:24 INFO  [BotLogger] Typed text: problem_user into element with locator: By.id: user-name
01:04:24 INFO  [BotLogger] Typed text: secret_sauce into element with locator: By.id: password
01:04:24 INFO  [BotLogger] Clicked on: By.id: login-button
]]></system-out>
    <system-err><![CDATA[Dec 09, 2025 1:04:22 AM org.openqa.selenium.devtools.CdpVersionFinder findNearestMatch
WARNING: Unable to find an exact match for CDP version 142, returning the closest version; found: 141; Please update to a Selenium version that supports CDP version 142
]]></system-err>
  </testcase>
  <testcase name="testValidLogin[performance_glitch_user, secret_sauce](3)" classname="SauceDemoTests.LoginPageTests" time="5.518">
    <system-out><![CDATA[01:04:24 INFO  [BotLogger] Test CasetestValidLogin  passed
01:04:24 INFO  [BotLogger] Browser is opened
01:04:25 INFO  [BotLogger] Browser closed
01:04:26 INFO  [BotLogger] Browser is opened
01:04:28 INFO  [BotLogger] Browser is opened
01:04:28 INFO  [BotLogger] Test CasetestValidLogin  started
01:04:28 INFO  [BotLogger] Typed text: performance_glitch_user into element with locator: By.id: user-name
01:04:28 INFO  [BotLogger] Typed text: secret_sauce into element with locator: By.id: password
01:04:33 INFO  [BotLogger] Clicked on: By.id: login-button
]]></system-out>
    <system-err><![CDATA[Dec 09, 2025 1:04:26 AM org.openqa.selenium.devtools.CdpVersionFinder findNearestMatch
WARNING: Unable to find an exact match for CDP version 142, returning the closest version; found: 141; Please update to a Selenium version that supports CDP version 142
]]></system-err>
  </testcase>
  <testcase name="testSuccessfulLoginVerifyProductsPage[standard_user, secret_sauce](1)" classname="SauceDemoTests.LoginPageTests" time="0.638">
    <system-out><![CDATA[01:04:33 INFO  [BotLogger] Test CasetestValidLogin  passed
01:04:33 INFO  [BotLogger] Browser is opened
01:04:33 INFO  [BotLogger] Browser closed
01:04:34 INFO  [BotLogger] Browser is opened
01:04:36 INFO  [BotLogger] Browser is opened
01:04:36 INFO  [BotLogger] Test CasetestSuccessfulLoginVerifyProductsPage  started
01:04:37 INFO  [BotLogger] Typed text: standard_user into element with locator: By.id: user-name
01:04:37 INFO  [BotLogger] Typed text: secret_sauce into element with locator: By.id: password
01:04:37 INFO  [BotLogger] Clicked on: By.id: login-button
01:04:37 INFO  [BotLogger] Element displayed status for locator By.className: title: true
]]></system-out>
    <system-err><![CDATA[Dec 09, 2025 1:04:34 AM org.openqa.selenium.devtools.CdpVersionFinder findNearestMatch
WARNING: Unable to find an exact match for CDP version 142, returning the closest version; found: 141; Please update to a Selenium version that supports CDP version 142
]]></system-err>
  </testcase>
  <testcase name="testSuccessfulLoginVerifyProductsPage[problem_user, secret_sauce](2)" classname="SauceDemoTests.LoginPageTests" time="0.462">
    <system-out><![CDATA[01:04:37 INFO  [BotLogger] Test CasetestSuccessfulLoginVerifyProductsPage  passed
01:04:37 INFO  [BotLogger] Browser is opened
01:04:37 INFO  [BotLogger] Browser closed
01:04:38 INFO  [BotLogger] Browser is opened
01:04:40 INFO  [BotLogger] Browser is opened
01:04:40 INFO  [BotLogger] Test CasetestSuccessfulLoginVerifyProductsPage  started
01:04:40 INFO  [BotLogger] Typed text: problem_user into element with locator: By.id: user-name
01:04:41 INFO  [BotLogger] Typed text: secret_sauce into element with locator: By.id: password
01:04:41 INFO  [BotLogger] Clicked on: By.id: login-button
01:04:41 INFO  [BotLogger] Element displayed status for locator By.className: title: true
]]></system-out>
    <system-err><![CDATA[Dec 09, 2025 1:04:38 AM org.openqa.selenium.devtools.CdpVersionFinder findNearestMatch
WARNING: Unable to find an exact match for CDP version 142, returning the closest version; found: 141; Please update to a Selenium version that supports CDP version 142
]]></system-err>
  </testcase>
  <testcase name="testSuccessfulLoginVerifyProductsPage[performance_glitch_user, secret_sauce](3)" classname="SauceDemoTests.LoginPageTests" time="5.474">
    <system-out><![CDATA[01:04:41 INFO  [BotLogger] Test CasetestSuccessfulLoginVerifyProductsPage  passed
01:04:41 INFO  [BotLogger] Browser is opened
01:04:41 INFO  [BotLogger] Browser closed
01:04:42 INFO  [BotLogger] Browser is opened
01:04:44 INFO  [BotLogger] Browser is opened
01:04:44 INFO  [BotLogger] Test CasetestSuccessfulLoginVerifyProductsPage  started
01:04:44 INFO  [BotLogger] Typed text: performance_glitch_user into element with locator: By.id: user-name
01:04:44 INFO  [BotLogger] Typed text: secret_sauce into element with locator: By.id: password
01:04:49 INFO  [BotLogger] Clicked on: By.id: login-button
01:04:49 INFO  [BotLogger] Element displayed status for locator By.className: title: true
]]></system-out>
    <system-err><![CDATA[Dec 09, 2025 1:04:42 AM org.openqa.selenium.devtools.CdpVersionFinder findNearestMatch
WARNING: Unable to find an exact match for CDP version 142, returning the closest version; found: 141; Please update to a Selenium version that supports CDP version 142
]]></system-err>
  </testcase>
  <testcase name="testInvalidLogin[invalid_user, secret_sauce](1)" classname="SauceDemoTests.LoginPageTests" time="0.881">
    <system-out><![CDATA[01:04:49 INFO  [BotLogger] Test CasetestSuccessfulLoginVerifyProductsPage  passed
01:04:49 INFO  [BotLogger] Browser is opened
01:04:49 INFO  [BotLogger] Browser closed
01:04:50 INFO  [BotLogger] Browser is opened
01:04:52 INFO  [BotLogger] Browser is opened
01:04:52 INFO  [BotLogger] Test CasetestInvalidLogin  started
01:04:53 INFO  [BotLogger] Typed text: invalid_user into element with locator: By.id: user-name
01:04:53 INFO  [BotLogger] Typed text: secret_sauce into element with locator: By.id: password
01:04:53 INFO  [BotLogger] Clicked on: By.id: login-button
]]></system-out>
    <system-err><![CDATA[Dec 09, 2025 1:04:50 AM org.openqa.selenium.devtools.CdpVersionFinder findNearestMatch
WARNING: Unable to find an exact match for CDP version 142, returning the closest version; found: 141; Please update to a Selenium version that supports CDP version 142
]]></system-err>
  </testcase>
  <testcase name="testInvalidLogin[wrong_user, wrong_password](2)" classname="SauceDemoTests.LoginPageTests" time="0.759">
    <system-out><![CDATA[01:04:53 INFO  [BotLogger] Test CasetestInvalidLogin  passed
01:04:53 INFO  [BotLogger] Browser is opened
01:04:54 INFO  [BotLogger] Browser closed
01:04:55 INFO  [BotLogger] Browser is opened
01:04:57 INFO  [BotLogger] Browser is opened
01:04:57 INFO  [BotLogger] Test CasetestInvalidLogin  started
01:04:57 INFO  [BotLogger] Typed text: wrong_user into element with locator: By.id: user-name
01:04:57 INFO  [BotLogger] Typed text: wrong_password into element with locator: By.id: password
01:04:57 INFO  [BotLogger] Clicked on: By.id: login-button
]]></system-out>
    <system-err><![CDATA[Dec 09, 2025 1:04:55 AM org.openqa.selenium.devtools.CdpVersionFinder findNearestMatch
WARNING: Unable to find an exact match for CDP version 142, returning the closest version; found: 141; Please update to a Selenium version that supports CDP version 142
]]></system-err>
  </testcase>
  <testcase name="testInvalidLogin[fake_user, fake_pass](3)" classname="SauceDemoTests.LoginPageTests" time="0.762">
    <system-out><![CDATA[01:04:57 INFO  [BotLogger] Test CasetestInvalidLogin  passed
01:04:57 INFO  [BotLogger] Browser is opened
01:04:58 INFO  [BotLogger] Browser closed
01:04:58 INFO  [BotLogger] Browser is opened
01:05:00 INFO  [BotLogger] Browser is opened
01:05:00 INFO  [BotLogger] Test CasetestInvalidLogin  started
01:05:01 INFO  [BotLogger] Typed text: fake_user into element with locator: By.id: user-name
01:05:01 INFO  [BotLogger] Typed text: fake_pass into element with locator: By.id: password
01:05:01 INFO  [BotLogger] Clicked on: By.id: login-button
]]></system-out>
    <system-err><![CDATA[Dec 09, 2025 1:04:58 AM org.openqa.selenium.devtools.CdpVersionFinder findNearestMatch
WARNING: Unable to find an exact match for CDP version 142, returning the closest version; found: 141; Please update to a Selenium version that supports CDP version 142
]]></system-err>
  </testcase>
  <testcase name="testEmptyFields[, secret_sauce](1)" classname="SauceDemoTests.LoginPageTests" time="0.723">
    <system-out><![CDATA[01:05:01 INFO  [BotLogger] Test CasetestInvalidLogin  passed
01:05:01 INFO  [BotLogger] Browser is opened
01:05:01 INFO  [BotLogger] Browser closed
01:05:02 INFO  [BotLogger] Browser is opened
01:05:04 INFO  [BotLogger] Browser is opened
01:05:04 INFO  [BotLogger] Test CasetestEmptyFields  started
01:05:05 INFO  [BotLogger] Typed text:  into element with locator: By.id: user-name
01:05:05 INFO  [BotLogger] Typed text: secret_sauce into element with locator: By.id: password
01:05:05 INFO  [BotLogger] Clicked on: By.id: login-button
]]></system-out>
    <system-err><![CDATA[Dec 09, 2025 1:05:02 AM org.openqa.selenium.devtools.CdpVersionFinder findNearestMatch
WARNING: Unable to find an exact match for CDP version 142, returning the closest version; found: 141; Please update to a Selenium version that supports CDP version 142
]]></system-err>
  </testcase>
  <testcase name="testEmptyFields[standard_user, ](2)" classname="SauceDemoTests.LoginPageTests" time="0.723">
    <system-out><![CDATA[01:05:05 INFO  [BotLogger] Test CasetestEmptyFields  passed
01:05:05 INFO  [BotLogger] Browser is opened
01:05:05 INFO  [BotLogger] Browser closed
01:05:06 INFO  [BotLogger] Browser is opened
01:05:08 INFO  [BotLogger] Browser is opened
01:05:08 INFO  [BotLogger] Test CasetestEmptyFields  started
01:05:08 INFO  [BotLogger] Typed text: standard_user into element with locator: By.id: user-name
01:05:09 INFO  [BotLogger] Typed text:  into element with locator: By.id: password
01:05:09 INFO  [BotLogger] Clicked on: By.id: login-button
]]></system-out>
    <system-err><![CDATA[Dec 09, 2025 1:05:06 AM org.openqa.selenium.devtools.CdpVersionFinder findNearestMatch
WARNING: Unable to find an exact match for CDP version 142, returning the closest version; found: 141; Please update to a Selenium version that supports CDP version 142
]]></system-err>
  </testcase>
  <testcase name="testEmptyFields[, ](3)" classname="SauceDemoTests.LoginPageTests" time="0.74">
    <system-out><![CDATA[01:05:09 INFO  [BotLogger] Test CasetestEmptyFields  passed
01:05:09 INFO  [BotLogger] Browser is opened
01:05:09 INFO  [BotLogger] Browser closed
01:05:10 INFO  [BotLogger] Browser is opened
01:05:12 INFO  [BotLogger] Browser is opened
01:05:12 INFO  [BotLogger] Test CasetestEmptyFields  started
01:05:12 INFO  [BotLogger] Typed text:  into element with locator: By.id: user-name
01:05:12 INFO  [BotLogger] Typed text:  into element with locator: By.id: password
01:05:13 INFO  [BotLogger] Clicked on: By.id: login-button
]]></system-out>
    <system-err><![CDATA[Dec 09, 2025 1:05:10 AM org.openqa.selenium.devtools.CdpVersionFinder findNearestMatch
WARNING: Unable to find an exact match for CDP version 142, returning the closest version; found: 141; Please update to a Selenium version that supports CDP version 142
]]></system-err>
  </testcase>
  <testcase name="testLockedOutUser[locked_out_user, secret_sauce](1)" classname="SauceDemoTests.LoginPageTests" time="0.742">
    <system-out><![CDATA[01:05:13 INFO  [BotLogger] Test CasetestEmptyFields  passed
01:05:13 INFO  [BotLogger] Browser is opened
01:05:13 INFO  [BotLogger] Browser closed
01:05:14 INFO  [BotLogger] Browser is opened
01:05:16 INFO  [BotLogger] Browser is opened
01:05:16 INFO  [BotLogger] Test CasetestLockedOutUser  started
01:05:16 INFO  [BotLogger] Typed text: locked_out_user into element with locator: By.id: user-name
01:05:17 INFO  [BotLogger] Typed text: secret_sauce into element with locator: By.id: password
01:05:17 INFO  [BotLogger] Clicked on: By.id: login-button
]]></system-out>
    <system-err><![CDATA[Dec 09, 2025 1:05:14 AM org.openqa.selenium.devtools.CdpVersionFinder findNearestMatch
WARNING: Unable to find an exact match for CDP version 142, returning the closest version; found: 141; Please update to a Selenium version that supports CDP version 142
]]></system-err>
  </testcase>
  <testcase name="validLoginWithJasonData" classname="SauceDemoTests.LoginPageTests" time="0.532">
    <system-out><![CDATA[01:05:17 INFO  [BotLogger] Test CasetestLockedOutUser  passed
01:05:17 INFO  [BotLogger] Browser is opened
01:05:17 INFO  [BotLogger] Browser closed
01:05:18 INFO  [BotLogger] Browser is opened
01:05:20 INFO  [BotLogger] Browser is opened
01:05:20 INFO  [BotLogger] Test CasevalidLoginWithJasonData  started
01:05:21 INFO  [BotLogger] Typed text: standard_user into element with locator: By.id: user-name
01:05:21 INFO  [BotLogger] Typed text: secret_sauce into element with locator: By.id: password
01:05:21 INFO  [BotLogger] Clicked on: By.id: login-button
]]></system-out>
    <system-err><![CDATA[Dec 09, 2025 1:05:18 AM org.openqa.selenium.devtools.CdpVersionFinder findNearestMatch
WARNING: Unable to find an exact match for CDP version 142, returning the closest version; found: 141; Please update to a Selenium version that supports CDP version 142
]]></system-err>
  </testcase>
  <testcase name="sortingTest[Name (A to Z)](1)" classname="SauceDemoTests.SortingFilterPageTest" time="0.35">
    <system-out><![CDATA[01:05:21 INFO  [BotLogger] Test CasevalidLoginWithJasonData  passed
01:05:21 INFO  [BotLogger] Browser is opened
01:05:21 INFO  [BotLogger] Browser closed
01:05:22 INFO  [BotLogger] Browser is opened
01:05:24 INFO  [BotLogger] Browser is opened
01:05:25 INFO  [BotLogger] Typed text: standard_user into element with locator: By.id: user-name
01:05:25 INFO  [BotLogger] Typed text: secret_sauce into element with locator: By.id: password
01:05:25 INFO  [BotLogger] Clicked on: By.id: login-button
01:05:25 INFO  [BotLogger] Test CasesortingTest  started
]]></system-out>
    <system-err><![CDATA[Dec 09, 2025 1:05:22 AM org.openqa.selenium.devtools.CdpVersionFinder findNearestMatch
WARNING: Unable to find an exact match for CDP version 142, returning the closest version; found: 141; Please update to a Selenium version that supports CDP version 142
]]></system-err>
  </testcase>
  <testcase name="sortingTest[Name (Z to A)](2)" classname="SauceDemoTests.SortingFilterPageTest" time="0.343">
    <system-out><![CDATA[01:05:25 INFO  [BotLogger] Test CasesortingTest  passed
01:05:25 INFO  [BotLogger] Browser is opened
01:05:25 INFO  [BotLogger] Browser closed
01:05:26 INFO  [BotLogger] Browser is opened
01:05:28 INFO  [BotLogger] Browser is opened
01:05:29 INFO  [BotLogger] Typed text: standard_user into element with locator: By.id: user-name
01:05:29 INFO  [BotLogger] Typed text: secret_sauce into element with locator: By.id: password
01:05:29 INFO  [BotLogger] Clicked on: By.id: login-button
01:05:29 INFO  [BotLogger] Test CasesortingTest  started
]]></system-out>
    <system-err><![CDATA[Dec 09, 2025 1:05:26 AM org.openqa.selenium.devtools.CdpVersionFinder findNearestMatch
WARNING: Unable to find an exact match for CDP version 142, returning the closest version; found: 141; Please update to a Selenium version that supports CDP version 142
]]></system-err>
  </testcase>
  <testcase name="sortingTest[Price (low to high)](3)" classname="SauceDemoTests.SortingFilterPageTest" time="0.348">
    <system-out><![CDATA[01:05:29 INFO  [BotLogger] Test CasesortingTest  passed
01:05:29 INFO  [BotLogger] Browser is opened
01:05:29 INFO  [BotLogger] Browser closed
01:05:30 INFO  [BotLogger] Browser is opened
01:05:32 INFO  [BotLogger] Browser is opened
01:05:33 INFO  [BotLogger] Typed text: standard_user into element with locator: By.id: user-name
01:05:33 INFO  [BotLogger] Typed text: secret_sauce into element with locator: By.id: password
01:05:33 INFO  [BotLogger] Clicked on: By.id: login-button
01:05:33 INFO  [BotLogger] Test CasesortingTest  started
]]></system-out>
    <system-err><![CDATA[Dec 09, 2025 1:05:30 AM org.openqa.selenium.devtools.CdpVersionFinder findNearestMatch
WARNING: Unable to find an exact match for CDP version 142, returning the closest version; found: 141; Please update to a Selenium version that supports CDP version 142
]]></system-err>
  </testcase>
  <testcase name="sortingTest[Price (high to low)](4)" classname="SauceDemoTests.SortingFilterPageTest" time="0.339">
    <system-out><![CDATA[01:05:33 INFO  [BotLogger] Test CasesortingTest  passed
01:05:33 INFO  [BotLogger] Browser is opened
01:05:33 INFO  [BotLogger] Browser closed
01:05:34 INFO  [BotLogger] Browser is opened
01:05:36 INFO  [BotLogger] Browser is opened
01:05:37 INFO  [BotLogger] Typed text: standard_user into element with locator: By.id: user-name
01:05:37 INFO  [BotLogger] Typed text: secret_sauce into element with locator: By.id: password
01:05:37 INFO  [BotLogger] Clicked on: By.id: login-button
01:05:37 INFO  [BotLogger] Test CasesortingTest  started
]]></system-out>
    <system-err><![CDATA[Dec 09, 2025 1:05:34 AM org.openqa.selenium.devtools.CdpVersionFinder findNearestMatch
WARNING: Unable to find an exact match for CDP version 142, returning the closest version; found: 141; Please update to a Selenium version that supports CDP version 142
]]></system-err>
  </testcase>
</testsuite>