<?xml version="1.0" encoding="UTF-8"?>
<!-- Generated by org.testng.reporters.JUnitReportReporter -->
<testsuite hostname="DESKTOP-JQ328LL" failures="0" tests="4" name="SauceDemoTests.SortingFilterPageTest" time="16.224" errors="0" timestamp="2025-12-09T01:05:38 EET" skipped="0">
  <testcase classname="SauceDemoTests.SortingFilterPageTest" name="sortingTest" time="4.286"/>
  <testcase classname="SauceDemoTests.SortingFilterPageTest" name="sortingTest" time="3.968"/>
  <testcase classname="SauceDemoTests.SortingFilterPageTest" name="sortingTest" time="3.928"/>
  <testcase classname="SauceDemoTests.SortingFilterPageTest" name="sortingTest" time="4.042"/>
</testsuite> <!-- SauceDemoTests.SortingFilterPageTest -->
