<?xml version="1.0" encoding="UTF-8"?>
<!-- Generated by org.testng.reporters.JUnitReportReporter -->
<testsuite hostname="LAPTOP-H8EDHUKD" failures="0" tests="4" name="SauceDemoTests.HomePageTest" time="9.601" errors="0" timestamp="2025-12-08T00:21:32 EET" skipped="0">
  <testcase classname="SauceDemoTests.HomePageTest" name="Home_Tc3_addMultipleProducts" time="2.534"/>
  <testcase classname="SauceDemoTests.HomePageTest" name="Home_Tc4_removeProducts" time="2.433"/>
  <testcase classname="SauceDemoTests.HomePageTest" name="Home_Tc2_testOpenMenu" time="2.116"/>
  <testcase classname="SauceDemoTests.HomePageTest" name="Home_Tc1_scrollAndCheckBadge" time="2.518"/>
</testsuite> <!-- SauceDemoTests.HomePageTest -->
