<?xml version="1.0" encoding="UTF-8"?>
<!-- Generated by org.testng.reporters.JUnitReportReporter -->
<testsuite hostname="DESKTOP-JQ328LL" failures="0" tests="6" name="SauceDemoTests.CheckoutPageTests" time="43.202" errors="0" timestamp="2025-11-29T16:49:44 EET" skipped="0">
  <testcase classname="SauceDemoTests.CheckoutPageTests" name="testCheckoutWithValidData" time="7.120"/>
  <testcase classname="SauceDemoTests.CheckoutPageTests" name="testCheckoutWithValidData" time="7.134"/>
  <testcase classname="SauceDemoTests.CheckoutPageTests" name="testCheckoutWithValidData" time="7.354"/>
  <testcase classname="SauceDemoTests.CheckoutPageTests" name="testCheckoutWithEmptyFields" time="7.131"/>
  <testcase classname="SauceDemoTests.CheckoutPageTests" name="testCheckoutWithEmptyFields" time="7.265"/>
  <testcase classname="SauceDemoTests.CheckoutPageTests" name="testCheckoutWithEmptyFields" time="7.198"/>
</testsuite> <!-- SauceDemoTests.CheckoutPageTests -->
