<?xml version="1.0" encoding="UTF-8"?>
<!-- Generated by org.testng.reporters.JUnitReportReporter -->
<testsuite hostname="DESKTOP-JQ328LL" failures="0" tests="13" name="SauceDemoTests.LoginPageTests" time="71.367" errors="0" timestamp="2025-11-29T16:49:44 EET" skipped="0">
  <testcase classname="SauceDemoTests.LoginPageTests" name="testValidLogin" time="4.439"/>
  <testcase classname="SauceDemoTests.LoginPageTests" name="testValidLogin" time="4.398"/>
  <testcase classname="SauceDemoTests.LoginPageTests" name="testValidLogin" time="9.390"/>
  <testcase classname="SauceDemoTests.LoginPageTests" name="testSuccessfulLoginVerifyProductsPage" time="4.410"/>
  <testcase classname="SauceDemoTests.LoginPageTests" name="testSuccessfulLoginVerifyProductsPage" time="9.603"/>
  <testcase classname="SauceDemoTests.LoginPageTests" name="testSuccessfulLoginVerifyProductsPage" time="4.923"/>
  <testcase classname="SauceDemoTests.LoginPageTests" name="testInvalidLogin" time="4.851"/>
  <testcase classname="SauceDemoTests.LoginPageTests" name="testInvalidLogin" time="4.994"/>
  <testcase classname="SauceDemoTests.LoginPageTests" name="testInvalidLogin" time="4.762"/>
  <testcase classname="SauceDemoTests.LoginPageTests" name="testEmptyFields" time="4.959"/>
  <testcase classname="SauceDemoTests.LoginPageTests" name="testEmptyFields" time="4.917"/>
  <testcase classname="SauceDemoTests.LoginPageTests" name="testEmptyFields" time="4.851"/>
  <testcase classname="SauceDemoTests.LoginPageTests" name="testLockedOutUser" time="4.870"/>
</testsuite> <!-- SauceDemoTests.LoginPageTests -->
