<?xml version="1.0" encoding="UTF-8"?>
<!-- Generated by org.testng.reporters.JUnitReportReporter -->
<testsuite hostname="LAPTOP-H8EDHUKD" failures="0" tests="14" name="SauceDemoTests.LoginPageTests" time="39.673" errors="0" timestamp="2025-12-08T00:21:32 EET" skipped="0">
  <testcase classname="SauceDemoTests.LoginPageTests" name="validLoginWithJasonData" time="2.003"/>
  <testcase classname="SauceDemoTests.LoginPageTests" name="testInvalidLogin" time="2.390"/>
  <testcase classname="SauceDemoTests.LoginPageTests" name="testSuccessfulLoginVerifyProductsPage" time="7.111"/>
  <testcase classname="SauceDemoTests.LoginPageTests" name="testValidLogin" time="1.886"/>
  <testcase classname="SauceDemoTests.LoginPageTests" name="testEmptyFields" time="2.339"/>
  <testcase classname="SauceDemoTests.LoginPageTests" name="testInvalidLogin" time="2.244"/>
  <testcase classname="SauceDemoTests.LoginPageTests" name="testSuccessfulLoginVerifyProductsPage" time="1.905"/>
  <testcase classname="SauceDemoTests.LoginPageTests" name="testValidLogin" time="2.064"/>
  <testcase classname="SauceDemoTests.LoginPageTests" name="testValidLogin" time="6.967"/>
  <testcase classname="SauceDemoTests.LoginPageTests" name="testEmptyFields" time="2.217"/>
  <testcase classname="SauceDemoTests.LoginPageTests" name="testEmptyFields" time="2.189"/>
  <testcase classname="SauceDemoTests.LoginPageTests" name="testInvalidLogin" time="2.196"/>
  <testcase classname="SauceDemoTests.LoginPageTests" name="testLockedOutUser" time="2.209"/>
  <testcase classname="SauceDemoTests.LoginPageTests" name="testSuccessfulLoginVerifyProductsPage" time="1.953"/>
</testsuite> <!-- SauceDemoTests.LoginPageTests -->
