<?xml version="1.0" encoding="UTF-8"?>
<!-- Generated by org.testng.reporters.JUnitReportReporter -->
<testsuite hostname="LAPTOP-H8EDHUKD" failures="0" tests="4" name="SauceDemoTests.CartPageTests" time="14.963" errors="0" timestamp="2025-11-28T15:42:48 EET" skipped="0">
  <testcase classname="SauceDemoTests.CartPageTests" name="Cart_Tc1_openCartAfterAddingItems" time="3.524"/>
  <testcase classname="SauceDemoTests.CartPageTests" name="Cart_Tc2_removeItemFromCart" time="3.504"/>
  <testcase classname="SauceDemoTests.CartPageTests" name="Cart_Tc3_checkoutWithOneItem" time="4.171"/>
  <testcase classname="SauceDemoTests.CartPageTests" name="Cart_Tc4_checkoutWithMultipleItems" time="3.764"/>
</testsuite> <!-- SauceDemoTests.CartPageTests -->
