<?xml version="1.0" encoding="UTF-8"?>
<!-- Generated by org.testng.reporters.JUnitReportReporter -->
<testsuite hostname="DESKTOP-JQ328LL" failures="0" tests="8" name="SauceDemoTests.EndToEndTest" time="40.845" errors="0" timestamp="2025-12-09T01:05:38 EET" skipped="0">
  <testcase classname="SauceDemoTests.EndToEndTest" name="validEndToEndPurchaseFlow2" time="4.916"/>
  <testcase classname="SauceDemoTests.EndToEndTest" name="validEndToEndPurchaseFlow1" time="5.394"/>
  <testcase classname="SauceDemoTests.EndToEndTest" name="invalidEndToEndPurchaseFlow4" time="4.832"/>
  <testcase classname="SauceDemoTests.EndToEndTest" name="invalidEndToEndPurchaseFlow3" time="4.972"/>
  <testcase classname="SauceDemoTests.EndToEndTest" name="invalidEndToEndPurchaseFlow5" time="6.132"/>
  <testcase classname="SauceDemoTests.EndToEndTest" name="invalidEndToEndPurchaseFlow1" time="4.799"/>
  <testcase classname="SauceDemoTests.EndToEndTest" name="invalidEndToEndPurchaseFlow2" time="4.729"/>
  <testcase classname="SauceDemoTests.EndToEndTest" name="invalidEndToEndPurchaseFlow6" time="5.071"/>
</testsuite> <!-- SauceDemoTests.EndToEndTest -->
