<?xml version="1.0" encoding="UTF-8"?>
<!-- Generated by org.testng.reporters.JUnitReportReporter -->
<testsuite hostname="LAPTOP-H8EDHUKD" failures="0" tests="4" name="SauceDemoTests.SortingFilterPageTest" time="8.935" errors="0" timestamp="2025-12-08T00:21:32 EET" skipped="0">
  <testcase classname="SauceDemoTests.SortingFilterPageTest" name="sortingTest" time="2.178"/>
  <testcase classname="SauceDemoTests.SortingFilterPageTest" name="sortingTest" time="2.179"/>
  <testcase classname="SauceDemoTests.SortingFilterPageTest" name="sortingTest" time="2.386"/>
  <testcase classname="SauceDemoTests.SortingFilterPageTest" name="sortingTest" time="2.192"/>
</testsuite> <!-- SauceDemoTests.SortingFilterPageTest -->
