<?xml version="1.0" encoding="UTF-8"?>
<!-- Generated by org.testng.reporters.JUnitReportReporter -->
<testsuite hostname="LAPTOP-H8EDHUKD" failures="0" tests="3" name="SauceDemoTests.CheckoutPageTests" time="8.239" errors="0" timestamp="2025-12-08T00:21:32 EET" skipped="0">
  <testcase classname="SauceDemoTests.CheckoutPageTests" name="testCheckoutWithValidData" time="2.681"/>
  <testcase classname="SauceDemoTests.CheckoutPageTests" name="testCheckoutWithEmptyFirstName" time="2.734"/>
  <testcase classname="SauceDemoTests.CheckoutPageTests" name="testCheckoutWithEmptyZip" time="2.824"/>
</testsuite> <!-- SauceDemoTests.CheckoutPageTests -->
