<?xml version="1.0" encoding="UTF-8"?>
<!-- Generated by org.testng.reporters.JUnitReportReporter -->
<testsuite hostname="DESKTOP-JQ328LL" failures="0" tests="4" name="SauceDemoTests.HomePageTest" time="17.203" errors="0" timestamp="2025-12-09T01:05:38 EET" skipped="0">
  <testcase classname="SauceDemoTests.HomePageTest" name="Home_Tc2_testOpenMenu" time="3.972"/>
  <testcase classname="SauceDemoTests.HomePageTest" name="Home_Tc4_removeProducts" time="4.325"/>
  <testcase classname="SauceDemoTests.HomePageTest" name="Home_Tc1_scrollAndCheckBadge" time="4.255"/>
  <testcase classname="SauceDemoTests.HomePageTest" name="Home_Tc3_addMultipleProducts" time="4.651"/>
</testsuite> <!-- SauceDemoTests.HomePageTest -->
