<?xml version="1.0" encoding="UTF-8"?>
<!-- Generated by org.testng.reporters.JUnitReportReporter -->
<testsuite hostname="DESKTOP-JQ328LL" failures="0" tests="4" name="SauceDemoTests.CartPageTests" time="27.891" errors="0" timestamp="2025-11-29T16:49:44 EET" skipped="0">
  <testcase classname="SauceDemoTests.CartPageTests" name="Cart_Tc1_openCartAfterAddingItems" time="6.042"/>
  <testcase classname="SauceDemoTests.CartPageTests" name="Cart_Tc2_removeItemFromCart" time="5.604"/>
  <testcase classname="SauceDemoTests.CartPageTests" name="Cart_Tc3_checkoutWithOneItem" time="6.318"/>
  <testcase classname="SauceDemoTests.CartPageTests" name="Cart_Tc4_checkoutWithMultipleItems" time="9.927"/>
</testsuite> <!-- SauceDemoTests.CartPageTests -->
