<?xml version="1.0" encoding="UTF-8"?>
<!-- Generated by org.testng.reporters.JUnitReportReporter -->
<testsuite hostname="LAPTOP-H8EDHUKD" failures="0" tests="8" name="SauceDemoTests.EndToEndTest" time="21.459" errors="0" timestamp="2025-12-08T00:21:32 EET" skipped="0">
  <testcase classname="SauceDemoTests.EndToEndTest" name="invalidEndToEndPurchaseFlow2" time="2.565"/>
  <testcase classname="SauceDemoTests.EndToEndTest" name="invalidEndToEndPurchaseFlow6" time="2.736"/>
  <testcase classname="SauceDemoTests.EndToEndTest" name="validEndToEndPurchaseFlow2" time="2.713"/>
  <testcase classname="SauceDemoTests.EndToEndTest" name="validEndToEndPurchaseFlow1" time="3.224"/>
  <testcase classname="SauceDemoTests.EndToEndTest" name="invalidEndToEndPurchaseFlow1" time="2.508"/>
  <testcase classname="SauceDemoTests.EndToEndTest" name="invalidEndToEndPurchaseFlow4" time="2.543"/>
  <testcase classname="SauceDemoTests.EndToEndTest" name="invalidEndToEndPurchaseFlow3" time="2.685"/>
  <testcase classname="SauceDemoTests.EndToEndTest" name="invalidEndToEndPurchaseFlow5" time="2.485"/>
</testsuite> <!-- SauceDemoTests.EndToEndTest -->
